[2025-02-21 00:19:32,713][requests.py 12][INFO]: 接口地址>>>>>:http://admin.5istudy.online/login/
[2025-02-21 00:19:32,713][requests.py 18][INFO]: 接口参数>>>>>:{'username': 15819749552, 'password': 123456}
[2025-02-21 00:19:33,458][request_untils.py 9][INFO]: 接口返回内容>>>:{"token": "eyJ0eXAiOiJKV1QiLCJhbGciOiJIUzI1NiJ9.eyJ1c2VyX2lkIjoxNjg4OTIsInVzZXJuYW1lIjoiMTU4MTk3NDk1NTIiLCJleHAiOjE3NDA2NzMxNzUsImVtYWlsIjpudWxsfQ.nxvqkaz7heCIthCUJhc9-Me8_kvbDOqkunHF6ACnjzM"}
[2025-02-21 00:19:33,459][conftest.py 17][INFO]: 开始执行用例
[2025-02-21 00:19:33,462][requests.py 12][INFO]: 接口地址>>>>>:http://admin.5istudy.online/shopcarts/
[2025-02-21 00:19:33,463][requests.py 18][INFO]: 接口参数>>>>>:{'goods': 28, 'nums': 1}
[2025-02-21 00:19:33,553][request_untils.py 9][INFO]: 接口返回内容>>>:{"nums": 10, "goods": 28}
[2025-02-21 00:19:33,555][conftest.py 19][INFO]: 执行完毕~
[2025-02-21 00:19:33,560][conftest.py 17][INFO]: 开始执行用例
[2025-02-21 00:19:33,561][requests.py 12][INFO]: 接口地址>>>>>:http://admin.5istudy.online/login/
[2025-02-21 00:19:33,561][requests.py 18][INFO]: 接口参数>>>>>:{'username': 15819749552, 'password': 123456}
[2025-02-21 00:19:33,724][request_untils.py 9][INFO]: 接口返回内容>>>:{"token": "eyJ0eXAiOiJKV1QiLCJhbGciOiJIUzI1NiJ9.eyJ1c2VyX2lkIjoxNjg4OTIsInVzZXJuYW1lIjoiMTU4MTk3NDk1NTIiLCJleHAiOjE3NDA2NzMxNzUsImVtYWlsIjpudWxsfQ.nxvqkaz7heCIthCUJhc9-Me8_kvbDOqkunHF6ACnjzM"}
[2025-02-21 00:19:33,725][conftest.py 19][INFO]: 执行完毕~
[2025-02-21 00:19:51,289][requests.py 12][INFO]: 接口地址>>>>>:http://admin.5istudy.online/login/
[2025-02-21 00:19:51,289][requests.py 18][INFO]: 接口参数>>>>>:{'username': 15819749552, 'password': 123456}
[2025-02-21 00:19:51,470][request_untils.py 9][INFO]: 接口返回内容>>>:{"token": "eyJ0eXAiOiJKV1QiLCJhbGciOiJIUzI1NiJ9.eyJ1c2VyX2lkIjoxNjg4OTIsInVzZXJuYW1lIjoiMTU4MTk3NDk1NTIiLCJleHAiOjE3NDA2NzMxOTMsImVtYWlsIjpudWxsfQ.BdtDi-oQG6HmKaIki3148o6jkoC7XlmH_LWJauw7tw0"}
[2025-02-21 00:19:51,471][conftest.py 17][INFO]: 开始执行用例
[2025-02-21 00:19:51,473][requests.py 12][INFO]: 接口地址>>>>>:http://admin.5istudy.online/shopcarts/
[2025-02-21 00:19:51,473][requests.py 18][INFO]: 接口参数>>>>>:{'goods': 28, 'nums': 1}
[2025-02-21 00:19:51,564][request_untils.py 9][INFO]: 接口返回内容>>>:{"nums": 11, "goods": 28}
[2025-02-21 00:19:51,565][conftest.py 19][INFO]: 执行完毕~
[2025-02-21 00:19:51,570][conftest.py 17][INFO]: 开始执行用例
[2025-02-21 00:19:51,570][requests.py 12][INFO]: 接口地址>>>>>:http://admin.5istudy.online/login/
[2025-02-21 00:19:51,571][requests.py 18][INFO]: 接口参数>>>>>:{'username': 15819749552, 'password': 123456}
[2025-02-21 00:19:51,734][request_untils.py 9][INFO]: 接口返回内容>>>:{"token": "eyJ0eXAiOiJKV1QiLCJhbGciOiJIUzI1NiJ9.eyJ1c2VyX2lkIjoxNjg4OTIsInVzZXJuYW1lIjoiMTU4MTk3NDk1NTIiLCJleHAiOjE3NDA2NzMxOTMsImVtYWlsIjpudWxsfQ.BdtDi-oQG6HmKaIki3148o6jkoC7XlmH_LWJauw7tw0"}
[2025-02-21 00:19:51,735][conftest.py 19][INFO]: 执行完毕~
[2025-02-21 00:21:06,262][requests.py 12][INFO]: 接口地址>>>>>:http://admin.5istudy.online/login/
[2025-02-21 00:21:06,262][requests.py 18][INFO]: 接口参数>>>>>:{'username': 15819749552, 'password': 123456}
[2025-02-21 00:21:06,430][request_untils.py 9][INFO]: 接口返回内容>>>:{"token": "eyJ0eXAiOiJKV1QiLCJhbGciOiJIUzI1NiJ9.eyJ1c2VyX2lkIjoxNjg4OTIsInVzZXJuYW1lIjoiMTU4MTk3NDk1NTIiLCJleHAiOjE3NDA2NzMyNjgsImVtYWlsIjpudWxsfQ.HfoDHL441KrkYztJZNROLe5Z7TkTko8JAG_AkQl0bF4"}
[2025-02-21 00:21:06,431][conftest.py 17][INFO]: 开始执行用例
[2025-02-21 00:21:06,432][requests.py 12][INFO]: 接口地址>>>>>:http://admin.5istudy.online/shopcarts/
[2025-02-21 00:21:06,433][requests.py 18][INFO]: 接口参数>>>>>:{'goods': 28, 'nums': 1}
[2025-02-21 00:21:06,527][request_untils.py 9][INFO]: 接口返回内容>>>:{"nums": 12, "goods": 28}
[2025-02-21 00:21:06,528][conftest.py 19][INFO]: 执行完毕~
[2025-02-21 00:21:06,533][conftest.py 17][INFO]: 开始执行用例
[2025-02-21 00:21:06,534][requests.py 12][INFO]: 接口地址>>>>>:http://admin.5istudy.online/login/
[2025-02-21 00:21:06,534][requests.py 18][INFO]: 接口参数>>>>>:{'username': 15819749552, 'password': 123456}
[2025-02-21 00:21:06,706][request_untils.py 9][INFO]: 接口返回内容>>>:{"token": "eyJ0eXAiOiJKV1QiLCJhbGciOiJIUzI1NiJ9.eyJ1c2VyX2lkIjoxNjg4OTIsInVzZXJuYW1lIjoiMTU4MTk3NDk1NTIiLCJleHAiOjE3NDA2NzMyNjgsImVtYWlsIjpudWxsfQ.HfoDHL441KrkYztJZNROLe5Z7TkTko8JAG_AkQl0bF4"}
[2025-02-21 00:21:06,707][conftest.py 19][INFO]: 执行完毕~
[2025-02-21 23:22:43,444][requests.py 12][INFO]: 接口地址>>>>>:http://admin.5istudy.online/login/
[2025-02-21 23:22:43,444][requests.py 18][INFO]: 接口参数>>>>>:{'username': 15819749552, 'password': 123456}
[2025-02-21 23:22:43,652][request_untils.py 9][INFO]: 接口返回内容>>>:{"token": "eyJ0eXAiOiJKV1QiLCJhbGciOiJIUzI1NiJ9.eyJ1c2VyX2lkIjoxNjg4OTIsInVzZXJuYW1lIjoiMTU4MTk3NDk1NTIiLCJleHAiOjE3NDA3NTYxNjMsImVtYWlsIjpudWxsfQ.xbU587_jSA8rrvwuvhNRmbELW2QIYnNJ-RbrgqC-bYM"}
[2025-02-21 23:22:43,652][conftest.py 17][INFO]: 开始执行用例
[2025-02-21 23:22:43,718][conftest.py 19][INFO]: 执行完毕~
[2025-02-21 23:23:53,119][requests.py 12][INFO]: 接口地址>>>>>:http://admin.5istudy.online/login/
[2025-02-21 23:23:53,120][requests.py 18][INFO]: 接口参数>>>>>:{'username': 15819749552, 'password': 123456}
[2025-02-21 23:23:53,307][request_untils.py 9][INFO]: 接口返回内容>>>:{"token": "eyJ0eXAiOiJKV1QiLCJhbGciOiJIUzI1NiJ9.eyJ1c2VyX2lkIjoxNjg4OTIsInVzZXJuYW1lIjoiMTU4MTk3NDk1NTIiLCJleHAiOjE3NDA3NTYyMzMsImVtYWlsIjpudWxsfQ.hjtwdKp-UMd7hSAA9nvm1s1XCEpal5jg34QQAlwuGcI"}
[2025-02-21 23:23:53,307][conftest.py 17][INFO]: 开始执行用例
[2025-02-21 23:23:53,309][requests.py 12][INFO]: 接口地址>>>>>:http://admin.5istudy.online/shopcarts/
[2025-02-21 23:23:53,309][requests.py 18][INFO]: 接口参数>>>>>:{'goods': 28, 'nums': 1}
[2025-02-21 23:23:53,396][request_untils.py 9][INFO]: 接口返回内容>>>:{"nums": 1, "goods": 28}
[2025-02-21 23:23:53,398][conftest.py 19][INFO]: 执行完毕~
[2025-02-21 23:30:57,906][requests.py 12][INFO]: 接口地址>>>>>:http://admin.5istudy.online/login/
[2025-02-21 23:30:57,907][requests.py 18][INFO]: 接口参数>>>>>:{'username': 15819749552, 'password': 123456}
[2025-02-21 23:30:58,099][request_untils.py 9][INFO]: 接口返回内容>>>:{"token": "eyJ0eXAiOiJKV1QiLCJhbGciOiJIUzI1NiJ9.eyJ1c2VyX2lkIjoxNjg4OTIsInVzZXJuYW1lIjoiMTU4MTk3NDk1NTIiLCJleHAiOjE3NDA3NTY2NTgsImVtYWlsIjpudWxsfQ.1ivImxUs4ydC3dhEZO5tHS_0nNlmTyOsxGxLmze-CKI"}
[2025-02-21 23:30:58,100][conftest.py 17][INFO]: 开始执行用例
[2025-02-21 23:30:58,103][requests.py 12][INFO]: 接口地址>>>>>:http://admin.5istudy.online/shopcarts/
[2025-02-21 23:30:58,103][requests.py 18][INFO]: 接口参数>>>>>:{'goods': 7}
[2025-02-21 23:30:58,214][request_untils.py 11][INFO]: 状态码非200或者201,请检查
[2025-02-21 23:30:58,291][conftest.py 19][INFO]: 执行完毕~
[2025-02-21 23:32:15,649][requests.py 12][INFO]: 接口地址>>>>>:http://admin.5istudy.online/login/
[2025-02-21 23:32:15,649][requests.py 18][INFO]: 接口参数>>>>>:{'username': 15819749552, 'password': 123456}
[2025-02-21 23:32:15,841][request_untils.py 9][INFO]: 接口返回内容>>>:{"token": "eyJ0eXAiOiJKV1QiLCJhbGciOiJIUzI1NiJ9.eyJ1c2VyX2lkIjoxNjg4OTIsInVzZXJuYW1lIjoiMTU4MTk3NDk1NTIiLCJleHAiOjE3NDA3NTY3MzUsImVtYWlsIjpudWxsfQ.EnL5XDqk1s8Ax6-YyPf6PYD0s5ulewFFow1cJHkA3CM"}
[2025-02-21 23:32:15,842][conftest.py 17][INFO]: 开始执行用例
[2025-02-21 23:32:15,844][requests.py 12][INFO]: 接口地址>>>>>:http://admin.5istudy.online/shopcarts/
[2025-02-21 23:32:15,844][requests.py 18][INFO]: 接口参数>>>>>:{'goods': 7}
[2025-02-21 23:32:15,939][request_untils.py 11][INFO]: 状态码非200或者201,请检查
[2025-02-21 23:32:16,007][conftest.py 19][INFO]: 执行完毕~
[2025-02-21 23:36:09,063][requests.py 12][INFO]: 接口地址>>>>>:http://admin.5istudy.online/login/
[2025-02-21 23:36:09,063][requests.py 18][INFO]: 接口参数>>>>>:{'username': 15819749552, 'password': 123456}
[2025-02-21 23:36:09,279][request_untils.py 9][INFO]: 接口返回内容>>>:{"token": "eyJ0eXAiOiJKV1QiLCJhbGciOiJIUzI1NiJ9.eyJ1c2VyX2lkIjoxNjg4OTIsInVzZXJuYW1lIjoiMTU4MTk3NDk1NTIiLCJleHAiOjE3NDA3NTY5NjksImVtYWlsIjpudWxsfQ.rnfSZpSJ946UZa-IvrPBAWzSc-lNwBs4Rw3YkmT10b4"}
[2025-02-21 23:36:09,279][conftest.py 17][INFO]: 开始执行用例
[2025-02-21 23:36:09,281][requests.py 12][INFO]: 接口地址>>>>>:http://admin.5istudy.online/shopcarts/
[2025-02-21 23:36:09,282][requests.py 18][INFO]: 接口参数>>>>>:{'goods': 7}
[2025-02-21 23:36:09,370][request_untils.py 11][INFO]: 状态码非200或者201,请检查
[2025-02-21 23:36:09,439][conftest.py 19][INFO]: 执行完毕~
[2025-02-21 23:36:20,528][requests.py 12][INFO]: 接口地址>>>>>:http://admin.5istudy.online/login/
[2025-02-21 23:36:20,529][requests.py 18][INFO]: 接口参数>>>>>:{'username': 15819749552, 'password': 123456}
[2025-02-21 23:36:20,728][request_untils.py 9][INFO]: 接口返回内容>>>:{"token": "eyJ0eXAiOiJKV1QiLCJhbGciOiJIUzI1NiJ9.eyJ1c2VyX2lkIjoxNjg4OTIsInVzZXJuYW1lIjoiMTU4MTk3NDk1NTIiLCJleHAiOjE3NDA3NTY5ODAsImVtYWlsIjpudWxsfQ.3rvXBZuDDOyXmGhIGhB3O9EoaFBB4XS89-BLMm4skDc"}
[2025-02-21 23:36:20,729][conftest.py 17][INFO]: 开始执行用例
[2025-02-21 23:36:20,731][requests.py 12][INFO]: 接口地址>>>>>:http://admin.5istudy.online/shopcarts/
[2025-02-21 23:36:20,731][requests.py 18][INFO]: 接口参数>>>>>:{'goods': 28, 'nums': 1}
[2025-02-21 23:36:20,830][request_untils.py 9][INFO]: 接口返回内容>>>:{"nums": 2, "goods": 28}
[2025-02-21 23:36:20,832][conftest.py 19][INFO]: 执行完毕~
[2025-02-21 23:36:26,416][requests.py 12][INFO]: 接口地址>>>>>:http://admin.5istudy.online/login/
[2025-02-21 23:36:26,417][requests.py 18][INFO]: 接口参数>>>>>:{'username': 15819749552, 'password': 123456}
[2025-02-21 23:36:26,613][request_untils.py 9][INFO]: 接口返回内容>>>:{"token": "eyJ0eXAiOiJKV1QiLCJhbGciOiJIUzI1NiJ9.eyJ1c2VyX2lkIjoxNjg4OTIsInVzZXJuYW1lIjoiMTU4MTk3NDk1NTIiLCJleHAiOjE3NDA3NTY5ODYsImVtYWlsIjpudWxsfQ.buX1q7Q1-vieoY5-H5LaAHhyXsXAlrf9ndmQmaqfvWE"}
[2025-02-21 23:36:26,613][conftest.py 17][INFO]: 开始执行用例
[2025-02-21 23:36:26,615][requests.py 12][INFO]: 接口地址>>>>>:http://admin.5istudy.online/shopcarts/
[2025-02-21 23:36:26,615][requests.py 18][INFO]: 接口参数>>>>>:{'goods': 7}
[2025-02-21 23:36:26,705][request_untils.py 11][INFO]: 状态码非200或者201,请检查
[2025-02-21 23:36:26,768][conftest.py 19][INFO]: 执行完毕~
[2025-02-21 23:37:11,755][requests.py 12][INFO]: 接口地址>>>>>:http://admin.5istudy.online/login/
[2025-02-21 23:37:11,755][requests.py 18][INFO]: 接口参数>>>>>:{'username': 15819749552, 'password': 123456}
[2025-02-21 23:37:11,970][request_untils.py 9][INFO]: 接口返回内容>>>:{"token": "eyJ0eXAiOiJKV1QiLCJhbGciOiJIUzI1NiJ9.eyJ1c2VyX2lkIjoxNjg4OTIsInVzZXJuYW1lIjoiMTU4MTk3NDk1NTIiLCJleHAiOjE3NDA3NTcwMzIsImVtYWlsIjpudWxsfQ.S2boODeOJjXcw3SifnDiR93KHjyumRLnMJmgYJU9FWs"}
[2025-02-21 23:37:11,971][conftest.py 17][INFO]: 开始执行用例
[2025-02-21 23:37:11,972][requests.py 12][INFO]: 接口地址>>>>>:http://admin.5istudy.online/shopcarts/
[2025-02-21 23:37:11,973][requests.py 18][INFO]: 接口参数>>>>>:{'goods': 7}
[2025-02-21 23:37:12,077][request_untils.py 11][INFO]: 状态码非200或者201,请检查
[2025-02-21 23:37:12,140][conftest.py 19][INFO]: 执行完毕~
[2025-02-21 23:38:36,123][requests.py 12][INFO]: 接口地址>>>>>:http://admin.5istudy.online/login/
[2025-02-21 23:38:36,124][requests.py 18][INFO]: 接口参数>>>>>:{'username': 15819749552, 'password': 123456}
[2025-02-21 23:38:36,344][request_untils.py 9][INFO]: 接口返回内容>>>:{"token": "eyJ0eXAiOiJKV1QiLCJhbGciOiJIUzI1NiJ9.eyJ1c2VyX2lkIjoxNjg4OTIsInVzZXJuYW1lIjoiMTU4MTk3NDk1NTIiLCJleHAiOjE3NDA3NTcxMTYsImVtYWlsIjpudWxsfQ.Q4K-T9s4I8CjtZyQWfwhRj864Yt5tGbDuTeg8EgeAb0"}
[2025-02-21 23:38:36,345][conftest.py 17][INFO]: 开始执行用例
[2025-02-21 23:38:36,347][requests.py 12][INFO]: 接口地址>>>>>:http://admin.5istudy.online/userfavs/
[2025-02-21 23:38:36,347][requests.py 18][INFO]: 接口参数>>>>>:{'goods': 7}
[2025-02-21 23:38:36,466][request_untils.py 9][INFO]: 接口返回内容>>>:{"goods": 7, "id": 4237}
[2025-02-21 23:38:36,468][conftest.py 19][INFO]: 执行完毕~
[2025-02-21 23:38:59,375][requests.py 12][INFO]: 接口地址>>>>>:http://admin.5istudy.online/login/
[2025-02-21 23:38:59,376][requests.py 18][INFO]: 接口参数>>>>>:{'username': 15819749552, 'password': 123456}
[2025-02-21 23:38:59,565][request_untils.py 9][INFO]: 接口返回内容>>>:{"token": "eyJ0eXAiOiJKV1QiLCJhbGciOiJIUzI1NiJ9.eyJ1c2VyX2lkIjoxNjg4OTIsInVzZXJuYW1lIjoiMTU4MTk3NDk1NTIiLCJleHAiOjE3NDA3NTcxMzksImVtYWlsIjpudWxsfQ.ap7NItTT8k-Yginq0tMzAQzYxyd6S4DvzYCPOP9PFOw"}
[2025-02-21 23:38:59,566][conftest.py 17][INFO]: 开始执行用例
[2025-02-21 23:38:59,568][requests.py 12][INFO]: 接口地址>>>>>:http://admin.5istudy.online/shopcarts/
[2025-02-21 23:38:59,568][requests.py 18][INFO]: 接口参数>>>>>:{'goods': 28, 'nums': 1}
[2025-02-21 23:38:59,684][request_untils.py 9][INFO]: 接口返回内容>>>:{"nums": 3, "goods": 28}
[2025-02-21 23:38:59,686][conftest.py 19][INFO]: 执行完毕~
[2025-02-21 23:38:59,693][conftest.py 17][INFO]: 开始执行用例
[2025-02-21 23:38:59,694][requests.py 12][INFO]: 接口地址>>>>>:http://admin.5istudy.online/userfavs/
[2025-02-21 23:38:59,694][requests.py 18][INFO]: 接口参数>>>>>:{'goods': 7}
[2025-02-21 23:38:59,799][request_untils.py 11][INFO]: 状态码非200或者201,请检查
[2025-02-21 23:38:59,871][conftest.py 19][INFO]: 执行完毕~
[2025-02-21 23:39:19,434][requests.py 12][INFO]: 接口地址>>>>>:http://admin.5istudy.online/login/
[2025-02-21 23:39:19,434][requests.py 18][INFO]: 接口参数>>>>>:{'username': 15819749552, 'password': 123456}
[2025-02-21 23:39:19,612][request_untils.py 9][INFO]: 接口返回内容>>>:{"token": "eyJ0eXAiOiJKV1QiLCJhbGciOiJIUzI1NiJ9.eyJ1c2VyX2lkIjoxNjg4OTIsInVzZXJuYW1lIjoiMTU4MTk3NDk1NTIiLCJleHAiOjE3NDA3NTcxNTksImVtYWlsIjpudWxsfQ.gL_1ACiEL7R3wjptecDkN_mq2Pky7y7x_cYrKBkSGXw"}
[2025-02-21 23:39:19,613][conftest.py 17][INFO]: 开始执行用例
[2025-02-21 23:39:19,614][requests.py 12][INFO]: 接口地址>>>>>:http://admin.5istudy.online/shopcarts/
[2025-02-21 23:39:19,615][requests.py 18][INFO]: 接口参数>>>>>:{'goods': 28, 'nums': 1}
[2025-02-21 23:39:19,705][request_untils.py 9][INFO]: 接口返回内容>>>:{"nums": 4, "goods": 28}
[2025-02-21 23:39:19,706][conftest.py 19][INFO]: 执行完毕~
[2025-02-21 23:39:19,711][conftest.py 17][INFO]: 开始执行用例
[2025-02-21 23:39:19,712][requests.py 12][INFO]: 接口地址>>>>>:http://admin.5istudy.online/userfavs/
[2025-02-21 23:39:19,712][requests.py 18][INFO]: 接口参数>>>>>:{'goods': 7}
[2025-02-21 23:39:19,812][request_untils.py 9][INFO]: 接口返回内容>>>:{"goods": 7, "id": 4238}
[2025-02-21 23:39:19,813][conftest.py 19][INFO]: 执行完毕~
[2025-02-21 23:46:30,236][requests.py 12][INFO]: 接口地址>>>>>:http://admin.5istudy.online/login/
[2025-02-21 23:46:30,236][requests.py 18][INFO]: 接口参数>>>>>:{'username': 15819749552, 'password': 123456}
[2025-02-21 23:46:30,672][request_untils.py 9][INFO]: 接口返回内容>>>:{"token": "eyJ0eXAiOiJKV1QiLCJhbGciOiJIUzI1NiJ9.eyJ1c2VyX2lkIjoxNjg4OTIsInVzZXJuYW1lIjoiMTU4MTk3NDk1NTIiLCJleHAiOjE3NDA3NTc1OTAsImVtYWlsIjpudWxsfQ.YLn3zT2hrybIsIgGlB0cqZV7vzAA_oj57ssCBKYLz40"}
[2025-02-21 23:46:30,673][conftest.py 17][INFO]: 开始执行用例
[2025-02-21 23:46:30,676][requests.py 12][INFO]: 接口地址>>>>>:http://admin.5istudy.online/userfavs/
[2025-02-21 23:46:30,677][requests.py 18][INFO]: 接口参数>>>>>:{'goods': 7}
[2025-02-21 23:46:30,773][request_untils.py 9][INFO]: 接口返回内容>>>:{"goods": 7, "id": 4239}
[2025-02-21 23:46:30,774][conftest.py 19][INFO]: 执行完毕~
[2025-02-21 23:46:35,690][requests.py 12][INFO]: 接口地址>>>>>:http://admin.5istudy.online/login/
[2025-02-21 23:46:35,690][requests.py 18][INFO]: 接口参数>>>>>:{'username': 15819749552, 'password': 123456}
[2025-02-21 23:46:35,914][request_untils.py 9][INFO]: 接口返回内容>>>:{"token": "eyJ0eXAiOiJKV1QiLCJhbGciOiJIUzI1NiJ9.eyJ1c2VyX2lkIjoxNjg4OTIsInVzZXJuYW1lIjoiMTU4MTk3NDk1NTIiLCJleHAiOjE3NDA3NTc1OTYsImVtYWlsIjpudWxsfQ.Wc6Q6IhdvMnQCEEhyu6W0ZuWLpL4z4-fGZhBo4fI5YA"}
[2025-02-21 23:46:35,915][conftest.py 17][INFO]: 开始执行用例
[2025-02-21 23:46:35,917][requests.py 12][INFO]: 接口地址>>>>>:http://admin.5istudy.online/userfavs/
[2025-02-21 23:46:35,917][requests.py 22][INFO]: 接口参数>>>>>:{'goods': 7}
[2025-02-21 23:46:36,013][request_untils.py 11][INFO]: 状态码非200或者201,请检查
[2025-02-21 23:46:36,084][conftest.py 19][INFO]: 执行完毕~
[2025-02-21 23:47:42,449][requests.py 12][INFO]: 接口地址>>>>>:http://admin.5istudy.online/login/
[2025-02-21 23:47:42,449][requests.py 18][INFO]: 接口参数>>>>>:{'username': 15819749552, 'password': 123456}
[2025-02-21 23:47:42,656][request_untils.py 9][INFO]: 接口返回内容>>>:{"token": "eyJ0eXAiOiJKV1QiLCJhbGciOiJIUzI1NiJ9.eyJ1c2VyX2lkIjoxNjg4OTIsInVzZXJuYW1lIjoiMTU4MTk3NDk1NTIiLCJleHAiOjE3NDA3NTc2NjIsImVtYWlsIjpudWxsfQ.8GjgIynLuR0crFYCXWldsb3ivswamGMIBVKR0g0ngig"}
[2025-02-21 23:47:42,657][conftest.py 17][INFO]: 开始执行用例
[2025-02-21 23:47:42,658][requests.py 12][INFO]: 接口地址>>>>>:http://admin.5istudy.online/userfavs/
[2025-02-21 23:47:42,658][requests.py 18][INFO]: 接口参数>>>>>:{'goods': 7}
[2025-02-21 23:47:42,758][request_untils.py 9][INFO]: 接口返回内容>>>:{"goods": 7, "id": 4240}
[2025-02-21 23:47:42,760][conftest.py 19][INFO]: 执行完毕~
[2025-02-21 23:47:45,079][requests.py 12][INFO]: 接口地址>>>>>:http://admin.5istudy.online/login/
[2025-02-21 23:47:45,079][requests.py 18][INFO]: 接口参数>>>>>:{'username': 15819749552, 'password': 123456}
[2025-02-21 23:47:45,266][request_untils.py 9][INFO]: 接口返回内容>>>:{"token": "eyJ0eXAiOiJKV1QiLCJhbGciOiJIUzI1NiJ9.eyJ1c2VyX2lkIjoxNjg4OTIsInVzZXJuYW1lIjoiMTU4MTk3NDk1NTIiLCJleHAiOjE3NDA3NTc2NjUsImVtYWlsIjpudWxsfQ.5tUXkxTl3diq1Vcz2E7CYDChnoYcJ3B6hDvuSCUDIoY"}
[2025-02-21 23:47:45,267][conftest.py 17][INFO]: 开始执行用例
[2025-02-21 23:47:45,269][requests.py 12][INFO]: 接口地址>>>>>:http://admin.5istudy.online/userfavs/
[2025-02-21 23:47:45,269][requests.py 22][INFO]: 接口参数>>>>>:{'goods': 7}
[2025-02-21 23:47:45,353][request_untils.py 11][INFO]: 状态码非200或者201,请检查
[2025-02-21 23:47:45,421][conftest.py 19][INFO]: 执行完毕~
[2025-02-21 23:48:04,117][requests.py 12][INFO]: 接口地址>>>>>:http://admin.5istudy.online/login/
[2025-02-21 23:48:04,117][requests.py 18][INFO]: 接口参数>>>>>:{'username': 15819749552, 'password': 123456}
[2025-02-21 23:48:04,303][request_untils.py 9][INFO]: 接口返回内容>>>:{"token": "eyJ0eXAiOiJKV1QiLCJhbGciOiJIUzI1NiJ9.eyJ1c2VyX2lkIjoxNjg4OTIsInVzZXJuYW1lIjoiMTU4MTk3NDk1NTIiLCJleHAiOjE3NDA3NTc2ODQsImVtYWlsIjpudWxsfQ.QdssHV5T15REYXVzLUI85Fz494rzCbtMLc8nvaNO5Zg"}
[2025-02-21 23:48:04,304][conftest.py 17][INFO]: 开始执行用例
[2025-02-21 23:48:04,309][requests.py 12][INFO]: 接口地址>>>>>:http://admin.5istudy.online/userfavs/
[2025-02-21 23:48:04,309][requests.py 22][INFO]: 接口参数>>>>>:{'goods': 7}
[2025-02-21 23:48:04,411][request_untils.py 11][INFO]: 状态码非200或者201,请检查
[2025-02-21 23:48:34,936][conftest.py 19][INFO]: 执行完毕~
[2025-02-21 23:49:22,512][requests.py 12][INFO]: 接口地址>>>>>:http://admin.5istudy.online/login/
[2025-02-21 23:49:22,512][requests.py 18][INFO]: 接口参数>>>>>:{'username': 15819749552, 'password': 123456}
[2025-02-21 23:49:22,693][request_untils.py 9][INFO]: 接口返回内容>>>:{"token": "eyJ0eXAiOiJKV1QiLCJhbGciOiJIUzI1NiJ9.eyJ1c2VyX2lkIjoxNjg4OTIsInVzZXJuYW1lIjoiMTU4MTk3NDk1NTIiLCJleHAiOjE3NDA3NTc3NjIsImVtYWlsIjpudWxsfQ.cJz5lLJ7SDnB3hQj3OkV8HQatrQnsF-TuGm4cQRou18"}
[2025-02-21 23:49:22,693][conftest.py 17][INFO]: 开始执行用例
[2025-02-21 23:49:22,695][requests.py 12][INFO]: 接口地址>>>>>:http://admin.5istudy.online/userfavs/
[2025-02-21 23:49:22,760][conftest.py 19][INFO]: 执行完毕~
[2025-02-21 23:50:17,803][requests.py 12][INFO]: 接口地址>>>>>:http://admin.5istudy.online/login/
[2025-02-21 23:50:17,803][requests.py 18][INFO]: 接口参数>>>>>:{'username': 15819749552, 'password': 123456}
[2025-02-21 23:50:17,978][request_untils.py 9][INFO]: 接口返回内容>>>:{"token": "eyJ0eXAiOiJKV1QiLCJhbGciOiJIUzI1NiJ9.eyJ1c2VyX2lkIjoxNjg4OTIsInVzZXJuYW1lIjoiMTU4MTk3NDk1NTIiLCJleHAiOjE3NDA3NTc4MTgsImVtYWlsIjpudWxsfQ.kGQtvUgkd7rdfXywbSgT7A4_G8tn_AA5y2Z1IMlK6Rw"}
[2025-02-21 23:50:17,978][conftest.py 17][INFO]: 开始执行用例
[2025-02-21 23:50:17,980][requests.py 12][INFO]: 接口地址>>>>>:http://admin.5istudy.online/userfavs/
[2025-02-21 23:50:17,980][requests.py 22][INFO]: 接口参数>>>>>:{'goods': 7}
[2025-02-21 23:50:18,071][request_untils.py 11][INFO]: 状态码非200或者201,请检查
[2025-02-21 23:50:18,144][conftest.py 19][INFO]: 执行完毕~
[2025-02-21 23:50:53,399][requests.py 12][INFO]: 接口地址>>>>>:http://admin.5istudy.online/login/
[2025-02-21 23:50:53,400][requests.py 18][INFO]: 接口参数>>>>>:{'username': 15819749552, 'password': 123456}
[2025-02-21 23:50:54,592][request_untils.py 9][INFO]: 接口返回内容>>>:{"token": "eyJ0eXAiOiJKV1QiLCJhbGciOiJIUzI1NiJ9.eyJ1c2VyX2lkIjoxNjg4OTIsInVzZXJuYW1lIjoiMTU4MTk3NDk1NTIiLCJleHAiOjE3NDA3NTc4NTQsImVtYWlsIjpudWxsfQ.dkSGOfH_gzSzLMA2S6CfPy47uXxuWL_Ffybp_TdBkqM"}
[2025-02-21 23:50:54,594][conftest.py 17][INFO]: 开始执行用例
[2025-02-21 23:50:54,600][requests.py 12][INFO]: 接口地址>>>>>:http://admin.5istudy.online/userfavs/
[2025-02-21 23:50:54,601][requests.py 22][INFO]: 接口参数>>>>>:{'goods': 7}
[2025-02-21 23:50:55,693][request_untils.py 11][INFO]: 状态码非200或者201,请检查
[2025-02-21 23:52:49,823][conftest.py 19][INFO]: 执行完毕~
[2025-02-21 23:53:21,915][requests.py 12][INFO]: 接口地址>>>>>:http://admin.5istudy.online/login/
[2025-02-21 23:53:21,916][requests.py 18][INFO]: 接口参数>>>>>:{'username': 15819749552, 'password': 123456}
[2025-02-21 23:53:22,127][request_untils.py 9][INFO]: 接口返回内容>>>:{"token": "eyJ0eXAiOiJKV1QiLCJhbGciOiJIUzI1NiJ9.eyJ1c2VyX2lkIjoxNjg4OTIsInVzZXJuYW1lIjoiMTU4MTk3NDk1NTIiLCJleHAiOjE3NDA3NTgwMDIsImVtYWlsIjpudWxsfQ.oxMa_IIR8uc7h_9vyZFQV62SQLqnN7-6PBC_omXzMJQ"}
[2025-02-21 23:53:22,128][conftest.py 17][INFO]: 开始执行用例
[2025-02-21 23:53:40,161][requests.py 12][INFO]: 接口地址>>>>>:http://admin.5istudy.online/userfavs/
[2025-02-21 23:53:40,168][requests.py 22][INFO]: 接口参数>>>>>:{'goods': 7}
[2025-02-21 23:53:40,292][request_untils.py 11][INFO]: 状态码非200或者201,请检查
[2025-02-21 23:53:45,625][conftest.py 19][INFO]: 执行完毕~
[2025-02-21 23:53:51,436][requests.py 12][INFO]: 接口地址>>>>>:http://admin.5istudy.online/login/
[2025-02-21 23:53:51,437][requests.py 18][INFO]: 接口参数>>>>>:{'username': 15819749552, 'password': 123456}
[2025-02-21 23:53:51,697][request_untils.py 9][INFO]: 接口返回内容>>>:{"token": "eyJ0eXAiOiJKV1QiLCJhbGciOiJIUzI1NiJ9.eyJ1c2VyX2lkIjoxNjg4OTIsInVzZXJuYW1lIjoiMTU4MTk3NDk1NTIiLCJleHAiOjE3NDA3NTgwMzEsImVtYWlsIjpudWxsfQ.xDCu2fFelEbC6kODCjmduP3pFO9bmxyRS70L4YlD0zE"}
[2025-02-21 23:53:51,698][conftest.py 17][INFO]: 开始执行用例
[2025-02-21 23:53:56,886][requests.py 12][INFO]: 接口地址>>>>>:http://admin.5istudy.online/userfavs/
[2025-02-21 23:53:56,893][requests.py 22][INFO]: 接口参数>>>>>:{'goods': 7}
[2025-02-21 23:53:57,023][request_untils.py 11][INFO]: 状态码非200或者201,请检查
[2025-02-21 23:54:04,498][conftest.py 19][INFO]: 执行完毕~
[2025-02-21 23:57:37,317][requests.py 12][INFO]: 接口地址>>>>>:http://admin.5istudy.online/login/
[2025-02-21 23:57:37,317][requests.py 18][INFO]: 接口参数>>>>>:{'username': 15819749552, 'password': 123456}
[2025-02-21 23:57:37,530][request_untils.py 9][INFO]: 接口返回内容>>>:{"token": "eyJ0eXAiOiJKV1QiLCJhbGciOiJIUzI1NiJ9.eyJ1c2VyX2lkIjoxNjg4OTIsInVzZXJuYW1lIjoiMTU4MTk3NDk1NTIiLCJleHAiOjE3NDA3NTgyNTcsImVtYWlsIjpudWxsfQ.tgzdR4-44tapOt29EbV7V2T9LLEJmB7u1WgBAaeZtpw"}
[2025-02-21 23:57:37,531][conftest.py 17][INFO]: 开始执行用例
[2025-02-21 23:57:37,602][conftest.py 19][INFO]: 执行完毕~
[2025-02-21 23:58:33,581][requests.py 12][INFO]: 接口地址>>>>>:http://admin.5istudy.online/login/
[2025-02-21 23:58:33,581][requests.py 18][INFO]: 接口参数>>>>>:{'username': 15819749552, 'password': 123456}
[2025-02-21 23:58:33,788][request_untils.py 9][INFO]: 接口返回内容>>>:{"token": "eyJ0eXAiOiJKV1QiLCJhbGciOiJIUzI1NiJ9.eyJ1c2VyX2lkIjoxNjg4OTIsInVzZXJuYW1lIjoiMTU4MTk3NDk1NTIiLCJleHAiOjE3NDA3NTgzMTMsImVtYWlsIjpudWxsfQ.EWyi_iiQBqzbbw2XAcxC09teqCgWHTO2NBTOIjDhBhg"}
[2025-02-21 23:58:33,790][conftest.py 17][INFO]: 开始执行用例
[2025-02-21 23:59:11,991][conftest.py 19][INFO]: 执行完毕~
