[2025-02-20 13:13:41,203][conftest.py 9][INFO]: 开始执行用例
[2025-02-20 13:13:41,207][requests.py 12][INFO]: 接口地址>>>>>:http://admin.5istudy.online/login/
[2025-02-20 13:13:41,207][requests.py 18][INFO]: 接口参数>>>>>:{'username': 15819749552, 'password': 123456}
[2025-02-20 13:13:41,660][request_untils.py 9][INFO]: 接口返回内容>>>:{"token": "eyJ0eXAiOiJKV1QiLCJhbGciOiJIUzI1NiJ9.eyJ1c2VyX2lkIjoxNjg4OTIsInVzZXJuYW1lIjoiMTU4MTk3NDk1NTIiLCJleHAiOjE3NDA2MzMyMjEsImVtYWlsIjpudWxsfQ.YwdjrzEO99oh9V8MhHwmwnkgMF3D9WYJi13Mr5Deb5M"}
[2025-02-20 13:13:41,662][conftest.py 11][INFO]: 执行完毕~
[2025-02-20 13:25:29,456][conftest.py 9][INFO]: 开始执行用例
[2025-02-20 13:25:29,458][requests.py 12][INFO]: 接口地址>>>>>:http://admin.5istudy.online/login/
[2025-02-20 13:25:29,459][requests.py 18][INFO]: 接口参数>>>>>:{'username': 15819749552, 'password': 123456}
[2025-02-20 13:25:29,652][request_untils.py 9][INFO]: 接口返回内容>>>:{"token": "eyJ0eXAiOiJKV1QiLCJhbGciOiJIUzI1NiJ9.eyJ1c2VyX2lkIjoxNjg4OTIsInVzZXJuYW1lIjoiMTU4MTk3NDk1NTIiLCJleHAiOjE3NDA2MzM5MjksImVtYWlsIjpudWxsfQ.OkkwoVrVS193gyPGVaJX2mkADG8bJl1zLjfEgwJtmFo"}
[2025-02-20 13:25:29,654][conftest.py 11][INFO]: 执行完毕~
[2025-02-20 13:32:57,078][conftest.py 9][INFO]: 开始执行用例
[2025-02-20 13:32:57,081][requests.py 12][INFO]: 接口地址>>>>>:http://admin.5istudy.online/login/
[2025-02-20 13:32:57,081][requests.py 18][INFO]: 接口参数>>>>>:{'username': 15819749552, 'password': 123456}
[2025-02-20 13:32:57,598][request_untils.py 9][INFO]: 接口返回内容>>>:{"token": "eyJ0eXAiOiJKV1QiLCJhbGciOiJIUzI1NiJ9.eyJ1c2VyX2lkIjoxNjg4OTIsInVzZXJuYW1lIjoiMTU4MTk3NDk1NTIiLCJleHAiOjE3NDA2MzQzNzcsImVtYWlsIjpudWxsfQ.zYHibk7-M05KFXGCoGr3X7BIMolMTCyipZi4gWCA3NQ"}
[2025-02-20 13:32:57,600][conftest.py 11][INFO]: 执行完毕~
[2025-02-20 13:47:06,081][requests.py 12][INFO]: 接口地址>>>>>:http://admin.5istudy.online/login/
[2025-02-20 13:47:06,081][requests.py 18][INFO]: 接口参数>>>>>:{'username': 15819749552, 'password': 123456}
[2025-02-20 13:47:06,491][request_untils.py 9][INFO]: 接口返回内容>>>:{"token": "eyJ0eXAiOiJKV1QiLCJhbGciOiJIUzI1NiJ9.eyJ1c2VyX2lkIjoxNjg4OTIsInVzZXJuYW1lIjoiMTU4MTk3NDk1NTIiLCJleHAiOjE3NDA2MzUyMjYsImVtYWlsIjpudWxsfQ.xcJGaIvMRipvW7Tx4DnhvZXG9EzkEgyVHpRW1A2gtNU"}
[2025-02-20 13:48:28,614][requests.py 12][INFO]: 接口地址>>>>>:http://admin.5istudy.online/login/
[2025-02-20 13:48:28,614][requests.py 18][INFO]: 接口参数>>>>>:{'username': 15819749552, 'password': 123456}
[2025-02-20 13:48:28,802][request_untils.py 9][INFO]: 接口返回内容>>>:{"token": "eyJ0eXAiOiJKV1QiLCJhbGciOiJIUzI1NiJ9.eyJ1c2VyX2lkIjoxNjg4OTIsInVzZXJuYW1lIjoiMTU4MTk3NDk1NTIiLCJleHAiOjE3NDA2MzUzMDgsImVtYWlsIjpudWxsfQ.DWF5nb5hT4mT_9f9YRrDDV-vrscUQTTh5tEq8J0YShM"}
[2025-02-20 13:49:28,688][requests.py 12][INFO]: 接口地址>>>>>:http://admin.5istudy.online/login/
[2025-02-20 13:49:28,688][requests.py 18][INFO]: 接口参数>>>>>:{'username': 15819749552, 'password': 123456}
[2025-02-20 13:49:28,867][request_untils.py 9][INFO]: 接口返回内容>>>:{"token": "eyJ0eXAiOiJKV1QiLCJhbGciOiJIUzI1NiJ9.eyJ1c2VyX2lkIjoxNjg4OTIsInVzZXJuYW1lIjoiMTU4MTk3NDk1NTIiLCJleHAiOjE3NDA2MzUzNjgsImVtYWlsIjpudWxsfQ.6-xeuYjlMGhV__Knf2wkXXL9_rSJ5YRSfXROK68m7Ns"}
[2025-02-20 13:49:28,868][conftest.py 14][INFO]: 开始执行用例
[2025-02-20 13:49:28,870][requests.py 12][INFO]: 接口地址>>>>>:http://admin.5istudy.online/login/
[2025-02-20 13:49:28,870][requests.py 18][INFO]: 接口参数>>>>>:{'username': 15819749552, 'password': 123456}
[2025-02-20 13:49:29,036][request_untils.py 9][INFO]: 接口返回内容>>>:{"token": "eyJ0eXAiOiJKV1QiLCJhbGciOiJIUzI1NiJ9.eyJ1c2VyX2lkIjoxNjg4OTIsInVzZXJuYW1lIjoiMTU4MTk3NDk1NTIiLCJleHAiOjE3NDA2MzUzNjksImVtYWlsIjpudWxsfQ.wpFInGgveE-XsEutc4GT856at2fK424uR5AH_55aDsE"}
[2025-02-20 13:49:29,038][conftest.py 16][INFO]: 执行完毕~
[2025-02-20 13:49:41,315][requests.py 12][INFO]: 接口地址>>>>>:http://admin.5istudy.online/login/
[2025-02-20 13:49:41,315][requests.py 18][INFO]: 接口参数>>>>>:{'username': 15819749552, 'password': 123456}
[2025-02-20 13:49:41,495][request_untils.py 9][INFO]: 接口返回内容>>>:{"token": "eyJ0eXAiOiJKV1QiLCJhbGciOiJIUzI1NiJ9.eyJ1c2VyX2lkIjoxNjg4OTIsInVzZXJuYW1lIjoiMTU4MTk3NDk1NTIiLCJleHAiOjE3NDA2MzUzODEsImVtYWlsIjpudWxsfQ.IMqoDlh1jOxVQAwe3XYR7CXCSx-TUUQVAylknaMyWas"}
[2025-02-20 13:49:41,496][conftest.py 14][INFO]: 开始执行用例
[2025-02-20 14:08:12,334][requests.py 12][INFO]: 接口地址>>>>>:http://admin.5istudy.online/login/
[2025-02-20 14:08:12,335][requests.py 18][INFO]: 接口参数>>>>>:{'goods': 28, 'nums': 1}
[2025-02-20 14:08:12,419][request_untils.py 11][INFO]: 状态码非200或者201,请检查
[2025-02-20 14:08:12,421][conftest.py 14][INFO]: 开始执行用例
[2025-02-20 14:08:12,424][requests.py 12][INFO]: 接口地址>>>>>:http://admin.5istudy.online/shopcarts/
[2025-02-20 14:08:12,424][requests.py 18][INFO]: 接口参数>>>>>:{'goods': 28, 'nums': 1}
[2025-02-20 14:08:12,506][request_untils.py 11][INFO]: 状态码非200或者201,请检查
[2025-02-20 14:08:12,575][conftest.py 16][INFO]: 执行完毕~
[2025-02-20 14:10:11,212][requests.py 12][INFO]: 接口地址>>>>>:http://admin.5istudy.online/login/
[2025-02-20 14:10:11,213][requests.py 18][INFO]: 接口参数>>>>>:{'goods': 28, 'nums': 1}
[2025-02-20 14:10:11,297][request_untils.py 11][INFO]: 状态码非200或者201,请检查
[2025-02-20 14:10:11,298][conftest.py 14][INFO]: 开始执行用例
[2025-02-20 14:10:11,301][requests.py 12][INFO]: 接口地址>>>>>:http://admin.5istudy.online/shopcarts/
[2025-02-20 14:10:11,301][requests.py 18][INFO]: 接口参数>>>>>:{'goods': 28, 'nums': 1}
[2025-02-20 14:10:11,379][request_untils.py 11][INFO]: 状态码非200或者201,请检查
[2025-02-20 14:10:11,442][conftest.py 16][INFO]: 执行完毕~
[2025-02-20 14:10:18,608][requests.py 12][INFO]: 接口地址>>>>>:http://admin.5istudy.online/login/
[2025-02-20 14:10:18,608][requests.py 18][INFO]: 接口参数>>>>>:{'goods': 28, 'nums': 1}
[2025-02-20 14:10:18,703][request_untils.py 11][INFO]: 状态码非200或者201,请检查
[2025-02-20 14:10:18,704][conftest.py 14][INFO]: 开始执行用例
[2025-02-20 14:10:18,706][requests.py 12][INFO]: 接口地址>>>>>:http://admin.5istudy.online/shopcarts/
[2025-02-20 14:10:18,706][requests.py 18][INFO]: 接口参数>>>>>:{'goods': 28, 'nums': 1}
[2025-02-20 14:10:18,784][request_untils.py 11][INFO]: 状态码非200或者201,请检查
[2025-02-20 14:10:18,855][conftest.py 16][INFO]: 执行完毕~
[2025-02-20 14:10:22,517][conftest.py 16][INFO]: 执行完毕~
[2025-02-20 14:10:27,707][requests.py 12][INFO]: 接口地址>>>>>:http://admin.5istudy.online/login/
[2025-02-20 14:10:27,707][requests.py 18][INFO]: 接口参数>>>>>:{'goods': 28, 'nums': 1}
[2025-02-20 14:10:27,800][request_untils.py 11][INFO]: 状态码非200或者201,请检查
[2025-02-20 14:10:27,801][conftest.py 14][INFO]: 开始执行用例
[2025-02-20 14:10:27,804][requests.py 12][INFO]: 接口地址>>>>>:http://admin.5istudy.online/shopcarts/
[2025-02-20 14:10:27,804][requests.py 18][INFO]: 接口参数>>>>>:{'goods': 28, 'nums': 1}
[2025-02-20 14:10:27,880][request_untils.py 11][INFO]: 状态码非200或者201,请检查
[2025-02-20 14:10:27,942][conftest.py 16][INFO]: 执行完毕~
[2025-02-20 14:10:32,022][requests.py 12][INFO]: 接口地址>>>>>:http://admin.5istudy.online/login/
[2025-02-20 14:10:32,022][requests.py 18][INFO]: 接口参数>>>>>:{'goods': 28, 'nums': 1}
[2025-02-20 14:10:32,115][request_untils.py 11][INFO]: 状态码非200或者201,请检查
[2025-02-20 14:10:32,116][conftest.py 14][INFO]: 开始执行用例
[2025-02-20 14:11:34,802][requests.py 12][INFO]: 接口地址>>>>>:http://admin.5istudy.online/shopcarts/
[2025-02-20 14:11:34,803][requests.py 18][INFO]: 接口参数>>>>>:{'goods': 28, 'nums': 1}
[2025-02-20 14:11:34,892][request_untils.py 11][INFO]: 状态码非200或者201,请检查
[2025-02-20 14:11:47,838][conftest.py 16][INFO]: 执行完毕~
[2025-02-20 14:11:51,798][requests.py 12][INFO]: 接口地址>>>>>:http://admin.5istudy.online/login/
[2025-02-20 14:11:51,799][requests.py 18][INFO]: 接口参数>>>>>:{'goods': 28, 'nums': 1}
[2025-02-20 14:11:51,894][request_untils.py 11][INFO]: 状态码非200或者201,请检查
[2025-02-20 14:11:51,895][conftest.py 14][INFO]: 开始执行用例
[2025-02-20 14:11:51,897][requests.py 12][INFO]: 接口地址>>>>>:http://admin.5istudy.online/shopcarts/
[2025-02-20 14:11:51,898][requests.py 18][INFO]: 接口参数>>>>>:{'goods': 28, 'nums': 1}
[2025-02-20 14:11:51,977][request_untils.py 11][INFO]: 状态码非200或者201,请检查
[2025-02-20 14:11:52,039][conftest.py 16][INFO]: 执行完毕~
[2025-02-20 14:11:54,905][requests.py 12][INFO]: 接口地址>>>>>:http://admin.5istudy.online/login/
[2025-02-20 14:11:54,905][requests.py 18][INFO]: 接口参数>>>>>:{'goods': 28, 'nums': 1}
[2025-02-20 14:11:55,004][request_untils.py 11][INFO]: 状态码非200或者201,请检查
[2025-02-20 14:11:55,007][conftest.py 14][INFO]: 开始执行用例
[2025-02-20 14:11:55,011][requests.py 12][INFO]: 接口地址>>>>>:http://admin.5istudy.online/shopcarts/
[2025-02-20 14:11:55,012][requests.py 18][INFO]: 接口参数>>>>>:{'goods': 28, 'nums': 1}
[2025-02-20 14:11:55,093][request_untils.py 11][INFO]: 状态码非200或者201,请检查
[2025-02-20 14:11:55,263][conftest.py 16][INFO]: 执行完毕~
[2025-02-20 14:12:10,427][requests.py 12][INFO]: 接口地址>>>>>:http://admin.5istudy.online/login/
[2025-02-20 14:12:10,427][requests.py 18][INFO]: 接口参数>>>>>:{'goods': 28, 'nums': 1}
[2025-02-20 14:12:10,516][request_untils.py 11][INFO]: 状态码非200或者201,请检查
[2025-02-20 14:12:10,517][conftest.py 14][INFO]: 开始执行用例
[2025-02-20 14:12:10,519][requests.py 12][INFO]: 接口地址>>>>>:http://admin.5istudy.online/shopcarts/
[2025-02-20 14:12:10,519][requests.py 18][INFO]: 接口参数>>>>>:{'goods': 28, 'nums': 1}
[2025-02-20 14:12:10,599][request_untils.py 11][INFO]: 状态码非200或者201,请检查
[2025-02-20 14:12:10,662][conftest.py 16][INFO]: 执行完毕~
[2025-02-20 14:12:14,126][requests.py 12][INFO]: 接口地址>>>>>:http://admin.5istudy.online/login/
[2025-02-20 14:12:14,127][requests.py 18][INFO]: 接口参数>>>>>:{'goods': 28, 'nums': 1}
[2025-02-20 14:12:14,216][request_untils.py 11][INFO]: 状态码非200或者201,请检查
[2025-02-20 14:12:14,218][conftest.py 14][INFO]: 开始执行用例
[2025-02-20 14:12:14,222][requests.py 12][INFO]: 接口地址>>>>>:http://admin.5istudy.online/shopcarts/
[2025-02-20 14:12:14,222][requests.py 18][INFO]: 接口参数>>>>>:{'goods': 28, 'nums': 1}
[2025-02-20 14:12:14,306][request_untils.py 11][INFO]: 状态码非200或者201,请检查
[2025-02-20 14:12:14,433][conftest.py 16][INFO]: 执行完毕~
[2025-02-20 14:12:24,337][requests.py 12][INFO]: 接口地址>>>>>:http://admin.5istudy.online/login/
[2025-02-20 14:12:24,338][requests.py 18][INFO]: 接口参数>>>>>:{'goods': 28, 'nums': 1}
[2025-02-20 14:12:24,432][request_untils.py 11][INFO]: 状态码非200或者201,请检查
[2025-02-20 14:12:24,433][conftest.py 14][INFO]: 开始执行用例
[2025-02-20 14:12:24,436][requests.py 12][INFO]: 接口地址>>>>>:http://admin.5istudy.online/shopcarts/
[2025-02-20 14:12:24,436][requests.py 18][INFO]: 接口参数>>>>>:{'goods': 28, 'nums': 1}
[2025-02-20 14:12:24,512][request_untils.py 11][INFO]: 状态码非200或者201,请检查
[2025-02-20 14:12:24,575][conftest.py 16][INFO]: 执行完毕~
[2025-02-20 14:12:27,601][requests.py 12][INFO]: 接口地址>>>>>:http://admin.5istudy.online/login/
[2025-02-20 14:12:27,602][requests.py 18][INFO]: 接口参数>>>>>:{'goods': 28, 'nums': 1}
[2025-02-20 14:12:27,703][request_untils.py 11][INFO]: 状态码非200或者201,请检查
[2025-02-20 14:12:27,705][conftest.py 14][INFO]: 开始执行用例
[2025-02-20 14:12:56,532][requests.py 12][INFO]: 接口地址>>>>>:http://admin.5istudy.online/login/
[2025-02-20 14:12:56,532][requests.py 18][INFO]: 接口参数>>>>>:{'username': 15819749552, 'password': 123456}
[2025-02-20 14:12:56,717][request_untils.py 9][INFO]: 接口返回内容>>>:{"token": "eyJ0eXAiOiJKV1QiLCJhbGciOiJIUzI1NiJ9.eyJ1c2VyX2lkIjoxNjg4OTIsInVzZXJuYW1lIjoiMTU4MTk3NDk1NTIiLCJleHAiOjE3NDA2MzY3NzYsImVtYWlsIjpudWxsfQ.UktqaPgRhMxiURb508gLuNOSsCQpLSIJrul8Oq2c_sk"}
[2025-02-20 14:12:56,718][conftest.py 14][INFO]: 开始执行用例
[2025-02-20 14:12:56,720][requests.py 12][INFO]: 接口地址>>>>>:http://admin.5istudy.online/login/
[2025-02-20 14:12:56,720][requests.py 18][INFO]: 接口参数>>>>>:{'username': 15819749552, 'password': 123456}
[2025-02-20 14:12:56,891][request_untils.py 9][INFO]: 接口返回内容>>>:{"token": "eyJ0eXAiOiJKV1QiLCJhbGciOiJIUzI1NiJ9.eyJ1c2VyX2lkIjoxNjg4OTIsInVzZXJuYW1lIjoiMTU4MTk3NDk1NTIiLCJleHAiOjE3NDA2MzY3NzYsImVtYWlsIjpudWxsfQ.UktqaPgRhMxiURb508gLuNOSsCQpLSIJrul8Oq2c_sk"}
[2025-02-20 14:12:56,893][conftest.py 16][INFO]: 执行完毕~
[2025-02-20 14:13:37,280][requests.py 12][INFO]: 接口地址>>>>>:http://admin.5istudy.online/login/
[2025-02-20 14:13:37,281][requests.py 18][INFO]: 接口参数>>>>>:{'username': 15819749552, 'password': 123456}
[2025-02-20 14:13:37,456][request_untils.py 9][INFO]: 接口返回内容>>>:{"token": "eyJ0eXAiOiJKV1QiLCJhbGciOiJIUzI1NiJ9.eyJ1c2VyX2lkIjoxNjg4OTIsInVzZXJuYW1lIjoiMTU4MTk3NDk1NTIiLCJleHAiOjE3NDA2MzY4MTcsImVtYWlsIjpudWxsfQ.0laJuvdPEkXfnTeqtMMoxcr-XNBg4OmEybeisxKmKqE"}
[2025-02-20 14:13:37,457][conftest.py 14][INFO]: 开始执行用例
[2025-02-20 14:13:37,459][requests.py 12][INFO]: 接口地址>>>>>:http://admin.5istudy.online/login/
[2025-02-20 14:13:37,459][requests.py 18][INFO]: 接口参数>>>>>:{'username': 15819749552, 'password': 123456}
[2025-02-20 14:13:37,621][request_untils.py 9][INFO]: 接口返回内容>>>:{"token": "eyJ0eXAiOiJKV1QiLCJhbGciOiJIUzI1NiJ9.eyJ1c2VyX2lkIjoxNjg4OTIsInVzZXJuYW1lIjoiMTU4MTk3NDk1NTIiLCJleHAiOjE3NDA2MzY4MTcsImVtYWlsIjpudWxsfQ.0laJuvdPEkXfnTeqtMMoxcr-XNBg4OmEybeisxKmKqE"}
[2025-02-20 14:13:37,623][conftest.py 16][INFO]: 执行完毕~
[2025-02-20 14:15:08,065][requests.py 12][INFO]: 接口地址>>>>>:http://admin.5istudy.online/login/
[2025-02-20 14:15:08,065][requests.py 18][INFO]: 接口参数>>>>>:{'goods': 28, 'nums': 1}
[2025-02-20 14:15:08,157][request_untils.py 11][INFO]: 状态码非200或者201,请检查
[2025-02-20 14:15:08,158][conftest.py 14][INFO]: 开始执行用例
[2025-02-20 14:15:08,160][requests.py 12][INFO]: 接口地址>>>>>:http://admin.5istudy.online/shopcarts/
[2025-02-20 14:15:08,160][requests.py 18][INFO]: 接口参数>>>>>:{'goods': 28, 'nums': 1}
[2025-02-20 14:15:08,237][request_untils.py 11][INFO]: 状态码非200或者201,请检查
[2025-02-20 14:15:08,299][conftest.py 16][INFO]: 执行完毕~
[2025-02-20 14:15:28,072][requests.py 12][INFO]: 接口地址>>>>>:http://admin.5istudy.online/login/
[2025-02-20 14:15:28,072][requests.py 18][INFO]: 接口参数>>>>>:{'username': 15819749552, 'password': 123456}
[2025-02-20 14:15:28,272][request_untils.py 9][INFO]: 接口返回内容>>>:{"token": "eyJ0eXAiOiJKV1QiLCJhbGciOiJIUzI1NiJ9.eyJ1c2VyX2lkIjoxNjg4OTIsInVzZXJuYW1lIjoiMTU4MTk3NDk1NTIiLCJleHAiOjE3NDA2MzY5MjgsImVtYWlsIjpudWxsfQ.SFz8smPiwfcNrlV3rXCKvZTG7Ho9lCwpLhVnKOa6YLc"}
[2025-02-20 14:15:28,273][conftest.py 14][INFO]: 开始执行用例
[2025-02-20 14:15:28,276][requests.py 12][INFO]: 接口地址>>>>>:http://admin.5istudy.online/login/
[2025-02-20 14:15:28,276][requests.py 18][INFO]: 接口参数>>>>>:{'username': 15819749552, 'password': 123456}
[2025-02-20 14:15:28,443][request_untils.py 9][INFO]: 接口返回内容>>>:{"token": "eyJ0eXAiOiJKV1QiLCJhbGciOiJIUzI1NiJ9.eyJ1c2VyX2lkIjoxNjg4OTIsInVzZXJuYW1lIjoiMTU4MTk3NDk1NTIiLCJleHAiOjE3NDA2MzY5MjgsImVtYWlsIjpudWxsfQ.SFz8smPiwfcNrlV3rXCKvZTG7Ho9lCwpLhVnKOa6YLc"}
[2025-02-20 14:15:28,445][conftest.py 16][INFO]: 执行完毕~
[2025-02-20 14:16:06,752][conftest.py 14][INFO]: 开始执行用例
[2025-02-20 14:16:06,754][requests.py 12][INFO]: 接口地址>>>>>:http://admin.5istudy.online/login/
[2025-02-20 14:16:06,754][requests.py 18][INFO]: 接口参数>>>>>:{'username': 15819749552, 'password': 123456}
[2025-02-20 14:16:06,926][request_untils.py 9][INFO]: 接口返回内容>>>:{"token": "eyJ0eXAiOiJKV1QiLCJhbGciOiJIUzI1NiJ9.eyJ1c2VyX2lkIjoxNjg4OTIsInVzZXJuYW1lIjoiMTU4MTk3NDk1NTIiLCJleHAiOjE3NDA2MzY5NjYsImVtYWlsIjpudWxsfQ.NaHgdG0zAuof3iHDuvroWA9PZnGCKKJ4rsZnA2z5YDk"}
[2025-02-20 14:16:06,928][conftest.py 16][INFO]: 执行完毕~
[2025-02-20 14:16:57,551][requests.py 12][INFO]: 接口地址>>>>>:http://admin.5istudy.online/login/
[2025-02-20 14:16:57,551][requests.py 18][INFO]: 接口参数>>>>>:{'goods': 28, 'nums': 1}
[2025-02-20 14:16:57,642][request_untils.py 11][INFO]: 状态码非200或者201,请检查
[2025-02-20 14:16:57,643][conftest.py 14][INFO]: 开始执行用例
[2025-02-20 14:16:57,645][requests.py 12][INFO]: 接口地址>>>>>:http://admin.5istudy.online/shopcarts/
[2025-02-20 14:16:57,646][requests.py 18][INFO]: 接口参数>>>>>:{'goods': 28, 'nums': 1}
[2025-02-20 14:16:57,719][request_untils.py 11][INFO]: 状态码非200或者201,请检查
[2025-02-20 14:16:57,777][conftest.py 16][INFO]: 执行完毕~
[2025-02-20 14:18:03,582][requests.py 12][INFO]: 接口地址>>>>>:http://admin.5istudy.online/login/
[2025-02-20 14:18:03,583][requests.py 18][INFO]: 接口参数>>>>>:{'goods': 28, 'nums': 1}
[2025-02-20 14:18:03,701][request_untils.py 11][INFO]: 状态码非200或者201,请检查
[2025-02-20 14:18:03,702][conftest.py 14][INFO]: 开始执行用例
[2025-02-20 14:18:03,704][requests.py 12][INFO]: 接口地址>>>>>:http://admin.5istudy.online/shopcarts/
[2025-02-20 14:18:03,704][requests.py 18][INFO]: 接口参数>>>>>:{'goods': 28, 'nums': 1}
[2025-02-20 14:18:03,785][request_untils.py 11][INFO]: 状态码非200或者201,请检查
[2025-02-20 14:18:03,846][conftest.py 16][INFO]: 执行完毕~
[2025-02-20 14:18:21,652][conftest.py 16][INFO]: 执行完毕~
[2025-02-20 14:18:25,868][requests.py 12][INFO]: 接口地址>>>>>:http://admin.5istudy.online/login/
[2025-02-20 14:18:25,868][requests.py 18][INFO]: 接口参数>>>>>:{'goods': 28, 'nums': 1}
[2025-02-20 14:18:25,958][request_untils.py 11][INFO]: 状态码非200或者201,请检查
[2025-02-20 14:18:25,959][conftest.py 14][INFO]: 开始执行用例
[2025-02-20 14:18:25,961][requests.py 12][INFO]: 接口地址>>>>>:http://admin.5istudy.online/shopcarts/
[2025-02-20 14:18:25,962][requests.py 18][INFO]: 接口参数>>>>>:{'goods': 28, 'nums': 1}
[2025-02-20 14:18:26,039][request_untils.py 11][INFO]: 状态码非200或者201,请检查
[2025-02-20 14:18:26,102][conftest.py 16][INFO]: 执行完毕~
[2025-02-20 14:18:30,248][requests.py 12][INFO]: 接口地址>>>>>:http://admin.5istudy.online/login/
[2025-02-20 14:18:30,249][requests.py 18][INFO]: 接口参数>>>>>:{'goods': 28, 'nums': 1}
[2025-02-20 14:18:30,342][request_untils.py 11][INFO]: 状态码非200或者201,请检查
[2025-02-20 14:18:30,344][conftest.py 14][INFO]: 开始执行用例
[2025-02-20 14:19:55,736][conftest.py 14][INFO]: 开始执行用例
[2025-02-20 14:19:55,739][requests.py 12][INFO]: 接口地址>>>>>:http://admin.5istudy.online/login/
[2025-02-20 14:19:55,739][requests.py 18][INFO]: 接口参数>>>>>:{'username': 15819749552, 'password': 123456}
[2025-02-20 14:19:55,926][request_untils.py 9][INFO]: 接口返回内容>>>:{"token": "eyJ0eXAiOiJKV1QiLCJhbGciOiJIUzI1NiJ9.eyJ1c2VyX2lkIjoxNjg4OTIsInVzZXJuYW1lIjoiMTU4MTk3NDk1NTIiLCJleHAiOjE3NDA2MzcxOTUsImVtYWlsIjpudWxsfQ.WFXbRXaHdyyiS3ZDSd2q8bAfLkZ1qrd9mTnRrte9Cp8"}
[2025-02-20 14:19:55,928][conftest.py 16][INFO]: 执行完毕~
[2025-02-20 14:23:03,220][requests.py 12][INFO]: 接口地址>>>>>:http://admin.5istudy.online/login/
[2025-02-20 14:23:03,221][requests.py 18][INFO]: 接口参数>>>>>:{'goods': 28, 'nums': 1}
[2025-02-20 14:23:03,305][request_untils.py 11][INFO]: 状态码非200或者201,请检查
[2025-02-20 14:23:03,306][conftest.py 14][INFO]: 开始执行用例
[2025-02-20 14:23:03,308][requests.py 12][INFO]: 接口地址>>>>>:http://admin.5istudy.online/shopcarts/
[2025-02-20 14:23:03,308][requests.py 18][INFO]: 接口参数>>>>>:{'goods': 28, 'nums': 1}
[2025-02-20 14:23:03,384][request_untils.py 11][INFO]: 状态码非200或者201,请检查
[2025-02-20 14:23:03,445][conftest.py 16][INFO]: 执行完毕~
[2025-02-20 14:23:07,742][requests.py 12][INFO]: 接口地址>>>>>:http://admin.5istudy.online/login/
[2025-02-20 14:23:07,742][requests.py 18][INFO]: 接口参数>>>>>:{'goods': 28, 'nums': 1}
[2025-02-20 14:23:07,831][request_untils.py 11][INFO]: 状态码非200或者201,请检查
[2025-02-20 14:23:07,832][conftest.py 14][INFO]: 开始执行用例
[2025-02-20 14:23:55,214][requests.py 12][INFO]: 接口地址>>>>>:http://admin.5istudy.online/shopcarts/
[2025-02-20 14:23:55,214][requests.py 18][INFO]: 接口参数>>>>>:{'goods': 28, 'nums': 1}
[2025-02-20 14:23:55,304][request_untils.py 11][INFO]: 状态码非200或者201,请检查
[2025-02-20 14:24:24,635][conftest.py 16][INFO]: 执行完毕~
[2025-02-20 14:24:25,620][requests.py 12][INFO]: 接口地址>>>>>:http://admin.5istudy.online/login/
[2025-02-20 14:24:25,620][requests.py 18][INFO]: 接口参数>>>>>:{'goods': 28, 'nums': 1}
[2025-02-20 14:24:25,713][request_untils.py 11][INFO]: 状态码非200或者201,请检查
[2025-02-20 14:24:25,714][conftest.py 14][INFO]: 开始执行用例
[2025-02-20 14:24:25,717][requests.py 12][INFO]: 接口地址>>>>>:http://admin.5istudy.online/shopcarts/
[2025-02-20 14:24:25,717][requests.py 18][INFO]: 接口参数>>>>>:{'goods': 28, 'nums': 1}
[2025-02-20 14:24:25,797][request_untils.py 11][INFO]: 状态码非200或者201,请检查
[2025-02-20 14:24:25,875][conftest.py 16][INFO]: 执行完毕~
[2025-02-20 14:24:28,420][requests.py 12][INFO]: 接口地址>>>>>:http://admin.5istudy.online/login/
[2025-02-20 14:24:28,421][requests.py 18][INFO]: 接口参数>>>>>:{'goods': 28, 'nums': 1}
[2025-02-20 14:24:28,517][request_untils.py 11][INFO]: 状态码非200或者201,请检查
[2025-02-20 14:24:28,518][conftest.py 14][INFO]: 开始执行用例
[2025-02-20 14:24:33,140][requests.py 12][INFO]: 接口地址>>>>>:http://admin.5istudy.online/shopcarts/
[2025-02-20 14:24:33,141][requests.py 18][INFO]: 接口参数>>>>>:{'goods': 28, 'nums': 1}
[2025-02-20 14:24:33,221][request_untils.py 11][INFO]: 状态码非200或者201,请检查
[2025-02-20 14:25:56,467][conftest.py 16][INFO]: 执行完毕~
[2025-02-20 14:25:57,506][requests.py 12][INFO]: 接口地址>>>>>:http://admin.5istudy.online/login/
[2025-02-20 14:25:57,506][requests.py 18][INFO]: 接口参数>>>>>:{'goods': 28, 'nums': 1}
[2025-02-20 14:25:57,600][request_untils.py 11][INFO]: 状态码非200或者201,请检查
[2025-02-20 14:25:57,602][conftest.py 14][INFO]: 开始执行用例
[2025-02-20 14:25:57,606][requests.py 12][INFO]: 接口地址>>>>>:http://admin.5istudy.online/shopcarts/
[2025-02-20 14:25:57,606][requests.py 18][INFO]: 接口参数>>>>>:{'goods': 28, 'nums': 1}
[2025-02-20 14:25:57,682][request_untils.py 11][INFO]: 状态码非200或者201,请检查
[2025-02-20 14:25:57,757][conftest.py 16][INFO]: 执行完毕~
[2025-02-20 14:27:15,202][conftest.py 14][INFO]: 开始执行用例
[2025-02-20 14:27:15,203][requests.py 12][INFO]: 接口地址>>>>>:http://admin.5istudy.online/login/
[2025-02-20 14:27:15,204][requests.py 18][INFO]: 接口参数>>>>>:{'username': 15819749552, 'password': 123456}
[2025-02-20 14:27:15,385][request_untils.py 9][INFO]: 接口返回内容>>>:{"token": "eyJ0eXAiOiJKV1QiLCJhbGciOiJIUzI1NiJ9.eyJ1c2VyX2lkIjoxNjg4OTIsInVzZXJuYW1lIjoiMTU4MTk3NDk1NTIiLCJleHAiOjE3NDA2Mzc2MzUsImVtYWlsIjpudWxsfQ.vO16vaYPm9GdVKcI-SKm5_iz77foc9lGOrRL6yVjJrI"}
[2025-02-20 14:27:15,387][conftest.py 16][INFO]: 执行完毕~
[2025-02-20 14:27:35,385][conftest.py 16][INFO]: 执行完毕~
[2025-02-20 14:27:36,433][requests.py 12][INFO]: 接口地址>>>>>:http://admin.5istudy.online/login/
[2025-02-20 14:27:36,433][requests.py 18][INFO]: 接口参数>>>>>:{'goods': 28, 'nums': 1}
[2025-02-20 14:27:36,540][request_untils.py 11][INFO]: 状态码非200或者201,请检查
[2025-02-20 14:27:36,542][conftest.py 14][INFO]: 开始执行用例
[2025-02-20 14:27:36,545][requests.py 12][INFO]: 接口地址>>>>>:http://admin.5istudy.online/shopcarts/
[2025-02-20 14:27:36,545][requests.py 18][INFO]: 接口参数>>>>>:{'goods': 28, 'nums': 1}
[2025-02-20 14:27:36,622][request_untils.py 11][INFO]: 状态码非200或者201,请检查
[2025-02-20 14:27:36,693][conftest.py 16][INFO]: 执行完毕~
[2025-02-20 14:27:39,804][requests.py 12][INFO]: 接口地址>>>>>:http://admin.5istudy.online/login/
[2025-02-20 14:27:39,805][requests.py 18][INFO]: 接口参数>>>>>:{'goods': 28, 'nums': 1}
[2025-02-20 14:27:39,907][request_untils.py 11][INFO]: 状态码非200或者201,请检查
[2025-02-20 14:27:39,908][conftest.py 14][INFO]: 开始执行用例
[2025-02-20 14:29:05,676][conftest.py 16][INFO]: 执行完毕~
[2025-02-20 14:29:13,698][conftest.py 14][INFO]: 开始执行用例
[2025-02-20 14:29:28,126][conftest.py 16][INFO]: 执行完毕~
[2025-02-20 14:29:35,210][conftest.py 14][INFO]: 开始执行用例
[2025-02-20 14:29:58,039][requests.py 12][INFO]: 接口地址>>>>>:http://admin.5istudy.online/login/
[2025-02-20 14:29:58,039][requests.py 18][INFO]: 接口参数>>>>>:{'username': 15819749552, 'password': 123456}
[2025-02-20 14:29:58,238][request_untils.py 9][INFO]: 接口返回内容>>>:{"token": "eyJ0eXAiOiJKV1QiLCJhbGciOiJIUzI1NiJ9.eyJ1c2VyX2lkIjoxNjg4OTIsInVzZXJuYW1lIjoiMTU4MTk3NDk1NTIiLCJleHAiOjE3NDA2Mzc3OTgsImVtYWlsIjpudWxsfQ.b8T7OHMNRCarMHZyx5Owd619jK1FIcPNJ2tGRKSytzo"}
[2025-02-20 14:30:18,804][conftest.py 16][INFO]: 执行完毕~
[2025-02-20 14:30:43,079][conftest.py 14][INFO]: 开始执行用例
[2025-02-20 14:30:43,847][requests.py 12][INFO]: 接口地址>>>>>:http://admin.5istudy.online/login/
[2025-02-20 14:30:43,848][requests.py 18][INFO]: 接口参数>>>>>:{'username': 15819749552, 'password': 123456}
[2025-02-20 14:30:44,056][request_untils.py 9][INFO]: 接口返回内容>>>:{"token": "eyJ0eXAiOiJKV1QiLCJhbGciOiJIUzI1NiJ9.eyJ1c2VyX2lkIjoxNjg4OTIsInVzZXJuYW1lIjoiMTU4MTk3NDk1NTIiLCJleHAiOjE3NDA2Mzc4NDQsImVtYWlsIjpudWxsfQ.lebX867HWW8bZ5nNr2S_hbgiBIDpK_VYQrGe-FRkhek"}
[2025-02-20 14:30:44,750][conftest.py 16][INFO]: 执行完毕~
[2025-02-20 14:31:34,854][conftest.py 14][INFO]: 开始执行用例
[2025-02-20 14:31:34,856][requests.py 12][INFO]: 接口地址>>>>>:http://admin.5istudy.online/login/
[2025-02-20 14:31:34,856][requests.py 18][INFO]: 接口参数>>>>>:{'username': 15819749552, 'password': 123456}
[2025-02-20 14:31:35,061][request_untils.py 9][INFO]: 接口返回内容>>>:{"token": "eyJ0eXAiOiJKV1QiLCJhbGciOiJIUzI1NiJ9.eyJ1c2VyX2lkIjoxNjg4OTIsInVzZXJuYW1lIjoiMTU4MTk3NDk1NTIiLCJleHAiOjE3NDA2Mzc4OTUsImVtYWlsIjpudWxsfQ.fooN88IfdBWWu3dfeujGCXDTc19J6Twv8l6DJEiprfw"}
[2025-02-20 14:31:35,064][conftest.py 16][INFO]: 执行完毕~
[2025-02-20 14:32:07,131][requests.py 12][INFO]: 接口地址>>>>>:http://admin.5istudy.online/login/
[2025-02-20 14:32:07,131][requests.py 18][INFO]: 接口参数>>>>>:{'username': 15819749552, 'password': 123456}
[2025-02-20 14:32:07,337][request_untils.py 9][INFO]: 接口返回内容>>>:{"token": "eyJ0eXAiOiJKV1QiLCJhbGciOiJIUzI1NiJ9.eyJ1c2VyX2lkIjoxNjg4OTIsInVzZXJuYW1lIjoiMTU4MTk3NDk1NTIiLCJleHAiOjE3NDA2Mzc5MjcsImVtYWlsIjpudWxsfQ.mk6VMAWHvpMaEeE_nEs7K_kZRi8pY09suJXvQXioX1A"}
[2025-02-20 14:32:07,338][conftest.py 14][INFO]: 开始执行用例
[2025-02-20 14:32:07,340][requests.py 12][INFO]: 接口地址>>>>>:http://admin.5istudy.online/login/
[2025-02-20 14:32:07,340][requests.py 18][INFO]: 接口参数>>>>>:{'username': 15819749552, 'password': 123456}
[2025-02-20 14:32:07,511][request_untils.py 9][INFO]: 接口返回内容>>>:{"token": "eyJ0eXAiOiJKV1QiLCJhbGciOiJIUzI1NiJ9.eyJ1c2VyX2lkIjoxNjg4OTIsInVzZXJuYW1lIjoiMTU4MTk3NDk1NTIiLCJleHAiOjE3NDA2Mzc5MjcsImVtYWlsIjpudWxsfQ.mk6VMAWHvpMaEeE_nEs7K_kZRi8pY09suJXvQXioX1A"}
[2025-02-20 14:32:07,513][conftest.py 16][INFO]: 执行完毕~
[2025-02-20 14:32:23,897][requests.py 12][INFO]: 接口地址>>>>>:http://admin.5istudy.online/login/
[2025-02-20 14:32:23,897][requests.py 18][INFO]: 接口参数>>>>>:{'username': 15819749552, 'password': 123456}
[2025-02-20 14:32:24,076][request_untils.py 9][INFO]: 接口返回内容>>>:{"token": "eyJ0eXAiOiJKV1QiLCJhbGciOiJIUzI1NiJ9.eyJ1c2VyX2lkIjoxNjg4OTIsInVzZXJuYW1lIjoiMTU4MTk3NDk1NTIiLCJleHAiOjE3NDA2Mzc5NDQsImVtYWlsIjpudWxsfQ.LB5BEIBFypc3V49FMfeSBS_cM5A_NM1armok1FEqGjs"}
[2025-02-20 14:32:24,077][conftest.py 14][INFO]: 开始执行用例
[2025-02-20 14:32:24,079][requests.py 12][INFO]: 接口地址>>>>>:http://admin.5istudy.online/login/
[2025-02-20 14:32:24,080][requests.py 18][INFO]: 接口参数>>>>>:{'username': 15819749552, 'password': 123456}
[2025-02-20 14:32:24,244][request_untils.py 9][INFO]: 接口返回内容>>>:{"token": "eyJ0eXAiOiJKV1QiLCJhbGciOiJIUzI1NiJ9.eyJ1c2VyX2lkIjoxNjg4OTIsInVzZXJuYW1lIjoiMTU4MTk3NDk1NTIiLCJleHAiOjE3NDA2Mzc5NDQsImVtYWlsIjpudWxsfQ.LB5BEIBFypc3V49FMfeSBS_cM5A_NM1armok1FEqGjs"}
[2025-02-20 14:32:24,246][conftest.py 16][INFO]: 执行完毕~
[2025-02-20 14:32:28,481][requests.py 12][INFO]: 接口地址>>>>>:http://admin.5istudy.online/login/
[2025-02-20 14:32:28,481][requests.py 18][INFO]: 接口参数>>>>>:{'username': 15819749552, 'password': 123456}
[2025-02-20 14:32:28,678][request_untils.py 9][INFO]: 接口返回内容>>>:{"token": "eyJ0eXAiOiJKV1QiLCJhbGciOiJIUzI1NiJ9.eyJ1c2VyX2lkIjoxNjg4OTIsInVzZXJuYW1lIjoiMTU4MTk3NDk1NTIiLCJleHAiOjE3NDA2Mzc5NDgsImVtYWlsIjpudWxsfQ.EvEAFjbLbcGys9cHh1w9ggXKz5K4PbBzSdmrbRTCHXg"}
[2025-02-20 14:32:33,972][conftest.py 14][INFO]: 开始执行用例
[2025-02-20 14:32:50,218][requests.py 12][INFO]: 接口地址>>>>>:http://admin.5istudy.online/login/
[2025-02-20 14:32:50,219][requests.py 18][INFO]: 接口参数>>>>>:{'username': 15819749552, 'password': 123456}
[2025-02-20 14:32:50,394][request_untils.py 9][INFO]: 接口返回内容>>>:{"token": "eyJ0eXAiOiJKV1QiLCJhbGciOiJIUzI1NiJ9.eyJ1c2VyX2lkIjoxNjg4OTIsInVzZXJuYW1lIjoiMTU4MTk3NDk1NTIiLCJleHAiOjE3NDA2Mzc5NzAsImVtYWlsIjpudWxsfQ.pOpcfmXo0WtiogLvDEM_L8Q3UIgovI9xAUby1mEXAz8"}
[2025-02-20 14:33:13,356][conftest.py 15][INFO]: 执行完毕~
[2025-02-20 14:34:17,509][requests.py 12][INFO]: 接口地址>>>>>:http://admin.5istudy.online/login/
[2025-02-20 14:34:17,510][requests.py 18][INFO]: 接口参数>>>>>:{'username': 15819749552, 'password': 123456}
[2025-02-20 14:34:17,697][request_untils.py 9][INFO]: 接口返回内容>>>:{"token": "eyJ0eXAiOiJKV1QiLCJhbGciOiJIUzI1NiJ9.eyJ1c2VyX2lkIjoxNjg4OTIsInVzZXJuYW1lIjoiMTU4MTk3NDk1NTIiLCJleHAiOjE3NDA2MzgwNTcsImVtYWlsIjpudWxsfQ.NSGUSHrMKAM590g8wg1Mh_JXPP4B4zVgysmNMPrp6zQ"}
[2025-02-20 14:34:17,698][conftest.py 14][INFO]: 开始执行用例
[2025-02-20 14:34:17,701][requests.py 12][INFO]: 接口地址>>>>>:http://admin.5istudy.online/login/
[2025-02-20 14:34:17,701][requests.py 18][INFO]: 接口参数>>>>>:{'username': 15819749552, 'password': 123456}
[2025-02-20 14:34:17,869][request_untils.py 9][INFO]: 接口返回内容>>>:{"token": "eyJ0eXAiOiJKV1QiLCJhbGciOiJIUzI1NiJ9.eyJ1c2VyX2lkIjoxNjg4OTIsInVzZXJuYW1lIjoiMTU4MTk3NDk1NTIiLCJleHAiOjE3NDA2MzgwNTcsImVtYWlsIjpudWxsfQ.NSGUSHrMKAM590g8wg1Mh_JXPP4B4zVgysmNMPrp6zQ"}
[2025-02-20 14:34:17,871][conftest.py 16][INFO]: 执行完毕~
[2025-02-20 14:34:56,749][requests.py 12][INFO]: 接口地址>>>>>:http://admin.5istudy.online/login/
[2025-02-20 14:34:56,749][requests.py 18][INFO]: 接口参数>>>>>:{'goods': 28, 'nums': 1}
[2025-02-20 14:34:57,864][request_untils.py 11][INFO]: 状态码非200或者201,请检查
[2025-02-20 14:34:57,865][conftest.py 14][INFO]: 开始执行用例
[2025-02-20 14:34:57,867][requests.py 12][INFO]: 接口地址>>>>>:http://admin.5istudy.online/shopcarts/
[2025-02-20 14:34:57,867][requests.py 18][INFO]: 接口参数>>>>>:{'goods': 28, 'nums': 1}
[2025-02-20 14:34:57,973][request_untils.py 11][INFO]: 状态码非200或者201,请检查
[2025-02-20 14:34:58,029][conftest.py 16][INFO]: 执行完毕~
[2025-02-20 14:35:05,270][requests.py 12][INFO]: 接口地址>>>>>:http://admin.5istudy.online/login/
[2025-02-20 14:35:05,270][requests.py 18][INFO]: 接口参数>>>>>:{'goods': 28, 'nums': 1}
[2025-02-20 14:35:05,620][request_untils.py 11][INFO]: 状态码非200或者201,请检查
[2025-02-20 14:35:05,622][conftest.py 14][INFO]: 开始执行用例
[2025-02-20 14:36:10,431][requests.py 12][INFO]: 接口地址>>>>>:http://admin.5istudy.online/login/
[2025-02-20 14:36:10,432][requests.py 18][INFO]: 接口参数>>>>>:{'username': 15819749552, 'password': 123456}
[2025-02-20 14:36:10,610][request_untils.py 9][INFO]: 接口返回内容>>>:{"token": "eyJ0eXAiOiJKV1QiLCJhbGciOiJIUzI1NiJ9.eyJ1c2VyX2lkIjoxNjg4OTIsInVzZXJuYW1lIjoiMTU4MTk3NDk1NTIiLCJleHAiOjE3NDA2MzgxNzAsImVtYWlsIjpudWxsfQ.rj3Fd-qarY5P9VrNIw5v3plCAL0AGpBqMhlUAkYRqGo"}
[2025-02-20 14:36:10,611][conftest.py 14][INFO]: 开始执行用例
[2025-02-20 14:36:10,613][requests.py 12][INFO]: 接口地址>>>>>:http://admin.5istudy.online/login/
[2025-02-20 14:36:10,613][requests.py 18][INFO]: 接口参数>>>>>:{'username': 15819749552, 'password': 123456}
[2025-02-20 14:36:10,793][request_untils.py 9][INFO]: 接口返回内容>>>:{"token": "eyJ0eXAiOiJKV1QiLCJhbGciOiJIUzI1NiJ9.eyJ1c2VyX2lkIjoxNjg4OTIsInVzZXJuYW1lIjoiMTU4MTk3NDk1NTIiLCJleHAiOjE3NDA2MzgxNzAsImVtYWlsIjpudWxsfQ.rj3Fd-qarY5P9VrNIw5v3plCAL0AGpBqMhlUAkYRqGo"}
[2025-02-20 14:36:10,796][conftest.py 16][INFO]: 执行完毕~
[2025-02-20 14:36:26,983][conftest.py 16][INFO]: 执行完毕~
[2025-02-20 14:36:30,738][requests.py 12][INFO]: 接口地址>>>>>:http://admin.5istudy.online/login/
[2025-02-20 14:36:30,738][requests.py 18][INFO]: 接口参数>>>>>:{'username': 15819749552, 'password': 123456}
[2025-02-20 14:36:30,936][request_untils.py 9][INFO]: 接口返回内容>>>:{"token": "eyJ0eXAiOiJKV1QiLCJhbGciOiJIUzI1NiJ9.eyJ1c2VyX2lkIjoxNjg4OTIsInVzZXJuYW1lIjoiMTU4MTk3NDk1NTIiLCJleHAiOjE3NDA2MzgxOTAsImVtYWlsIjpudWxsfQ.p-XBVD7XPnzY7l25hsjrB_W9eAN6z7K8cLDWkjZRXVw"}
[2025-02-20 14:36:30,938][conftest.py 14][INFO]: 开始执行用例
[2025-02-20 14:36:42,018][requests.py 12][INFO]: 接口地址>>>>>:http://admin.5istudy.online/login/
[2025-02-20 14:36:42,018][requests.py 18][INFO]: 接口参数>>>>>:{'goods': 28, 'nums': 1}
[2025-02-20 14:36:42,123][request_untils.py 11][INFO]: 状态码非200或者201,请检查
[2025-02-20 14:36:42,124][conftest.py 14][INFO]: 开始执行用例
[2025-02-20 14:36:42,174][conftest.py 16][INFO]: 执行完毕~
[2025-02-20 14:36:45,168][conftest.py 16][INFO]: 执行完毕~
[2025-02-20 14:36:47,249][requests.py 12][INFO]: 接口地址>>>>>:http://admin.5istudy.online/login/
[2025-02-20 14:36:47,249][requests.py 18][INFO]: 接口参数>>>>>:{'goods': 28, 'nums': 1}
[2025-02-20 14:36:47,387][request_untils.py 11][INFO]: 状态码非200或者201,请检查
[2025-02-20 14:36:47,389][conftest.py 14][INFO]: 开始执行用例
[2025-02-20 14:38:15,872][conftest.py 16][INFO]: 执行完毕~
[2025-02-20 14:38:16,820][requests.py 12][INFO]: 接口地址>>>>>:http://admin.5istudy.online/login/
[2025-02-20 14:38:16,821][requests.py 18][INFO]: 接口参数>>>>>:{'goods': 28, 'nums': 1}
[2025-02-20 14:38:17,131][request_untils.py 11][INFO]: 状态码非200或者201,请检查
[2025-02-20 14:38:17,132][conftest.py 14][INFO]: 开始执行用例
[2025-02-20 14:38:17,200][conftest.py 16][INFO]: 执行完毕~
[2025-02-20 14:38:28,467][requests.py 12][INFO]: 接口地址>>>>>:http://admin.5istudy.online/login/
[2025-02-20 14:38:28,468][requests.py 18][INFO]: 接口参数>>>>>:{'goods': 28, 'nums': 1}
[2025-02-20 14:38:28,565][request_untils.py 11][INFO]: 状态码非200或者201,请检查
[2025-02-20 14:46:34,084][conftest.py 15][INFO]: 开始执行用例
[2025-02-20 14:46:34,086][requests.py 12][INFO]: 接口地址>>>>>:http://admin.5istudy.online/login/
[2025-02-20 14:46:34,086][requests.py 18][INFO]: 接口参数>>>>>:{'username': 15819749552, 'password': 123456}
[2025-02-20 14:46:34,273][request_untils.py 9][INFO]: 接口返回内容>>>:{"token": "eyJ0eXAiOiJKV1QiLCJhbGciOiJIUzI1NiJ9.eyJ1c2VyX2lkIjoxNjg4OTIsInVzZXJuYW1lIjoiMTU4MTk3NDk1NTIiLCJleHAiOjE3NDA2Mzg3OTQsImVtYWlsIjpudWxsfQ.Ptywt1HHDC0AIpmIEowWlAtFf1fbZuTxhRbtFBPyMPs"}
[2025-02-20 14:46:34,275][conftest.py 17][INFO]: 执行完毕~
[2025-02-20 14:48:37,006][requests.py 12][INFO]: 接口地址>>>>>:http://admin.5istudy.online/login/
[2025-02-20 14:48:37,007][requests.py 18][INFO]: 接口参数>>>>>:{'username': 15819749552, 'password': 123456}
[2025-02-20 14:48:37,193][request_untils.py 9][INFO]: 接口返回内容>>>:{"token": "eyJ0eXAiOiJKV1QiLCJhbGciOiJIUzI1NiJ9.eyJ1c2VyX2lkIjoxNjg4OTIsInVzZXJuYW1lIjoiMTU4MTk3NDk1NTIiLCJleHAiOjE3NDA2Mzg5MTcsImVtYWlsIjpudWxsfQ.7TbcfyUqmce98xsAabV8WGp2yiQV66dT2ww6IiRMnrI"}
[2025-02-20 14:48:37,193][conftest.py 15][INFO]: 开始执行用例
[2025-02-20 14:48:37,266][conftest.py 17][INFO]: 执行完毕~
[2025-02-20 14:48:44,159][requests.py 12][INFO]: 接口地址>>>>>:http://admin.5istudy.online/login/
[2025-02-20 14:48:44,160][requests.py 18][INFO]: 接口参数>>>>>:{'username': 15819749552, 'password': 123456}
[2025-02-20 14:48:44,346][request_untils.py 9][INFO]: 接口返回内容>>>:{"token": "eyJ0eXAiOiJKV1QiLCJhbGciOiJIUzI1NiJ9.eyJ1c2VyX2lkIjoxNjg4OTIsInVzZXJuYW1lIjoiMTU4MTk3NDk1NTIiLCJleHAiOjE3NDA2Mzg5MjQsImVtYWlsIjpudWxsfQ.1zw8Mngaho9iaxPuV6zSpN92cdcdGqm0x-qaFprKCLg"}
[2025-02-20 14:48:44,348][conftest.py 15][INFO]: 开始执行用例
[2025-02-20 14:48:57,771][conftest.py 17][INFO]: 执行完毕~
[2025-02-20 14:49:03,833][requests.py 12][INFO]: 接口地址>>>>>:http://admin.5istudy.online/login/
[2025-02-20 14:49:03,834][requests.py 18][INFO]: 接口参数>>>>>:{'username': 15819749552, 'password': 123456}
[2025-02-20 14:49:04,015][request_untils.py 9][INFO]: 接口返回内容>>>:{"token": "eyJ0eXAiOiJKV1QiLCJhbGciOiJIUzI1NiJ9.eyJ1c2VyX2lkIjoxNjg4OTIsInVzZXJuYW1lIjoiMTU4MTk3NDk1NTIiLCJleHAiOjE3NDA2Mzg5NDQsImVtYWlsIjpudWxsfQ.s30g-lWuvBqo_ZPuTwTZIpcj-WoGXf4oClpNfCLv0ac"}
[2025-02-20 14:49:04,017][conftest.py 15][INFO]: 开始执行用例
[2025-02-20 14:49:47,949][requests.py 12][INFO]: 接口地址>>>>>:http://admin.5istudy.online/login/
[2025-02-20 14:49:47,950][requests.py 18][INFO]: 接口参数>>>>>:{'username': 15819749552, 'password': 123456}
[2025-02-20 14:49:48,170][request_untils.py 9][INFO]: 接口返回内容>>>:{"token": "eyJ0eXAiOiJKV1QiLCJhbGciOiJIUzI1NiJ9.eyJ1c2VyX2lkIjoxNjg4OTIsInVzZXJuYW1lIjoiMTU4MTk3NDk1NTIiLCJleHAiOjE3NDA2Mzg5ODgsImVtYWlsIjpudWxsfQ.DRlLGEdsvAU4PAgmFKq3_QuCxCzlKyL-P8KUyKWY7WI"}
[2025-02-20 14:49:48,171][conftest.py 15][INFO]: 开始执行用例
[2025-02-20 14:49:48,237][conftest.py 17][INFO]: 执行完毕~
[2025-02-20 14:54:22,354][requests.py 12][INFO]: 接口地址>>>>>:http://admin.5istudy.online/login/
[2025-02-20 14:54:22,355][requests.py 18][INFO]: 接口参数>>>>>:{'username': 15819749552, 'password': 123456}
[2025-02-20 14:54:22,612][request_untils.py 9][INFO]: 接口返回内容>>>:{"token": "eyJ0eXAiOiJKV1QiLCJhbGciOiJIUzI1NiJ9.eyJ1c2VyX2lkIjoxNjg4OTIsInVzZXJuYW1lIjoiMTU4MTk3NDk1NTIiLCJleHAiOjE3NDA2MzkyNjIsImVtYWlsIjpudWxsfQ.z937hGi6nbeUb6zE5VqwNVCW2mJ70T_TdBUKII0dABM"}
[2025-02-20 14:54:22,612][conftest.py 15][INFO]: 开始执行用例
[2025-02-20 14:54:22,614][requests.py 12][INFO]: 接口地址>>>>>:http://admin.5istudy.online/shopcarts/
[2025-02-20 14:54:22,614][requests.py 18][INFO]: 接口参数>>>>>:{'goods': 28, 'nums': 1}
[2025-02-20 14:54:22,672][conftest.py 17][INFO]: 执行完毕~
[2025-02-20 14:54:40,769][requests.py 12][INFO]: 接口地址>>>>>:http://admin.5istudy.online/login/
[2025-02-20 14:54:40,770][requests.py 18][INFO]: 接口参数>>>>>:{'username': 15819749552, 'password': 123456}
[2025-02-20 14:54:40,946][request_untils.py 9][INFO]: 接口返回内容>>>:{"token": "eyJ0eXAiOiJKV1QiLCJhbGciOiJIUzI1NiJ9.eyJ1c2VyX2lkIjoxNjg4OTIsInVzZXJuYW1lIjoiMTU4MTk3NDk1NTIiLCJleHAiOjE3NDA2MzkyODAsImVtYWlsIjpudWxsfQ.bK_JKZGnKx3bhR0b99PqYKob2N2mx4g_raSP6rz5ZRg"}
[2025-02-20 14:54:40,948][conftest.py 15][INFO]: 开始执行用例
[2025-02-20 14:54:50,567][conftest.py 17][INFO]: 执行完毕~
[2025-02-20 14:54:51,711][requests.py 12][INFO]: 接口地址>>>>>:http://admin.5istudy.online/login/
[2025-02-20 14:54:51,712][requests.py 18][INFO]: 接口参数>>>>>:{'username': 15819749552, 'password': 123456}
[2025-02-20 14:54:51,898][request_untils.py 9][INFO]: 接口返回内容>>>:{"token": "eyJ0eXAiOiJKV1QiLCJhbGciOiJIUzI1NiJ9.eyJ1c2VyX2lkIjoxNjg4OTIsInVzZXJuYW1lIjoiMTU4MTk3NDk1NTIiLCJleHAiOjE3NDA2MzkyOTEsImVtYWlsIjpudWxsfQ.-kqrZtacpucHY5ZYT9IJkKiNR94fmXbvPzX72k-rvcE"}
[2025-02-20 14:54:51,899][conftest.py 15][INFO]: 开始执行用例
[2025-02-20 14:54:51,901][requests.py 12][INFO]: 接口地址>>>>>:http://admin.5istudy.online/shopcarts/
[2025-02-20 14:54:51,901][requests.py 18][INFO]: 接口参数>>>>>:{'goods': 28, 'nums': 1}
[2025-02-20 14:54:52,001][conftest.py 17][INFO]: 执行完毕~
[2025-02-20 14:54:55,808][requests.py 12][INFO]: 接口地址>>>>>:http://admin.5istudy.online/login/
[2025-02-20 14:54:55,808][requests.py 18][INFO]: 接口参数>>>>>:{'username': 15819749552, 'password': 123456}
[2025-02-20 14:54:55,986][request_untils.py 9][INFO]: 接口返回内容>>>:{"token": "eyJ0eXAiOiJKV1QiLCJhbGciOiJIUzI1NiJ9.eyJ1c2VyX2lkIjoxNjg4OTIsInVzZXJuYW1lIjoiMTU4MTk3NDk1NTIiLCJleHAiOjE3NDA2MzkyOTYsImVtYWlsIjpudWxsfQ.cDHYOH1cNaPQrmFB06kynXo37_9ib-atrivPKWfxvUI"}
[2025-02-20 14:54:55,988][conftest.py 15][INFO]: 开始执行用例
[2025-02-20 14:55:06,380][requests.py 12][INFO]: 接口地址>>>>>:http://admin.5istudy.online/shopcarts/
[2025-02-20 14:55:06,381][requests.py 18][INFO]: 接口参数>>>>>:{'goods': 28, 'nums': 1}
[2025-02-20 15:04:19,549][conftest.py 17][INFO]: 执行完毕~
[2025-02-20 15:04:21,497][requests.py 12][INFO]: 接口地址>>>>>:http://admin.5istudy.online/login/
[2025-02-20 15:04:21,497][requests.py 18][INFO]: 接口参数>>>>>:{'username': 15819749552, 'password': 123456}
[2025-02-20 15:04:21,684][request_untils.py 9][INFO]: 接口返回内容>>>:{"token": "eyJ0eXAiOiJKV1QiLCJhbGciOiJIUzI1NiJ9.eyJ1c2VyX2lkIjoxNjg4OTIsInVzZXJuYW1lIjoiMTU4MTk3NDk1NTIiLCJleHAiOjE3NDA2Mzk4NjEsImVtYWlsIjpudWxsfQ.BWN7ePR1Ajg0xsT-cT9O38_cAL61CSTeo67EdJYjWuI"}
[2025-02-20 15:04:21,686][conftest.py 15][INFO]: 开始执行用例
[2025-02-20 15:04:32,024][requests.py 12][INFO]: 接口地址>>>>>:http://admin.5istudy.online/shopcarts/
[2025-02-20 15:04:32,025][requests.py 18][INFO]: 接口参数>>>>>:{'goods': 28, 'nums': 1}
[2025-02-20 15:04:32,106][request_untils.py 11][INFO]: 状态码非200或者201,请检查
[2025-02-20 15:04:38,063][conftest.py 17][INFO]: 执行完毕~
[2025-02-20 15:05:00,481][requests.py 12][INFO]: 接口地址>>>>>:http://admin.5istudy.online/login/
[2025-02-20 15:05:00,481][requests.py 18][INFO]: 接口参数>>>>>:{'username': 15819749552, 'password': 123456}
[2025-02-20 15:05:00,677][request_untils.py 9][INFO]: 接口返回内容>>>:{"token": "eyJ0eXAiOiJKV1QiLCJhbGciOiJIUzI1NiJ9.eyJ1c2VyX2lkIjoxNjg4OTIsInVzZXJuYW1lIjoiMTU4MTk3NDk1NTIiLCJleHAiOjE3NDA2Mzk5MDAsImVtYWlsIjpudWxsfQ.2OCyTWy35R2rucUsUlXOiFKngKwrqdV1WyCOmLc2eV8"}
[2025-02-20 15:05:00,678][conftest.py 15][INFO]: 开始执行用例
[2025-02-20 15:05:06,754][conftest.py 17][INFO]: 执行完毕~
[2025-02-20 15:05:10,774][requests.py 12][INFO]: 接口地址>>>>>:http://admin.5istudy.online/login/
[2025-02-20 15:05:10,775][requests.py 18][INFO]: 接口参数>>>>>:{'username': 15819749552, 'password': 123456}
[2025-02-20 15:05:10,963][request_untils.py 9][INFO]: 接口返回内容>>>:{"token": "eyJ0eXAiOiJKV1QiLCJhbGciOiJIUzI1NiJ9.eyJ1c2VyX2lkIjoxNjg4OTIsInVzZXJuYW1lIjoiMTU4MTk3NDk1NTIiLCJleHAiOjE3NDA2Mzk5MTEsImVtYWlsIjpudWxsfQ.9nudDKCmASgHWZe98ITqIm6BKGQfGYwQf3wY1UF1fVk"}
[2025-02-20 15:05:10,964][conftest.py 15][INFO]: 开始执行用例
[2025-02-20 15:05:42,696][requests.py 12][INFO]: 接口地址>>>>>:http://admin.5istudy.online/shopcarts/
[2025-02-20 15:06:00,910][requests.py 18][INFO]: 接口参数>>>>>:{'goods': 28, 'nums': 1}
[2025-02-20 15:09:57,934][conftest.py 17][INFO]: 执行完毕~
[2025-02-20 15:09:58,783][requests.py 12][INFO]: 接口地址>>>>>:http://admin.5istudy.online/login/
[2025-02-20 15:09:58,783][requests.py 18][INFO]: 接口参数>>>>>:{'username': 15819749552, 'password': 123456}
[2025-02-20 15:09:58,972][request_untils.py 9][INFO]: 接口返回内容>>>:{"token": "eyJ0eXAiOiJKV1QiLCJhbGciOiJIUzI1NiJ9.eyJ1c2VyX2lkIjoxNjg4OTIsInVzZXJuYW1lIjoiMTU4MTk3NDk1NTIiLCJleHAiOjE3NDA2NDAxOTksImVtYWlsIjpudWxsfQ.Im6Gjd1IPzEfGxUFHCynW77LaqjR_gyyNpGcrwvDH9E"}
[2025-02-20 15:09:58,973][conftest.py 15][INFO]: 开始执行用例
[2025-02-20 15:09:58,975][requests.py 12][INFO]: 接口地址>>>>>:http://admin.5istudy.online/shopcarts/
[2025-02-20 15:09:58,975][requests.py 18][INFO]: 接口参数>>>>>:{'goods': 28, 'nums': 1}
[2025-02-20 15:09:59,058][request_untils.py 11][INFO]: 状态码非200或者201,请检查
[2025-02-20 15:09:59,136][conftest.py 17][INFO]: 执行完毕~
[2025-02-20 15:12:13,680][conftest.py 15][INFO]: 开始执行用例
[2025-02-20 15:12:13,681][requests.py 12][INFO]: 接口地址>>>>>:http://admin.5istudy.online/login/
[2025-02-20 15:12:13,682][requests.py 18][INFO]: 接口参数>>>>>:{'username': 15819749552, 'password': 123456}
[2025-02-20 15:12:13,872][request_untils.py 9][INFO]: 接口返回内容>>>:{"token": "eyJ0eXAiOiJKV1QiLCJhbGciOiJIUzI1NiJ9.eyJ1c2VyX2lkIjoxNjg4OTIsInVzZXJuYW1lIjoiMTU4MTk3NDk1NTIiLCJleHAiOjE3NDA2NDAzMzMsImVtYWlsIjpudWxsfQ.s-XHG3jYF7r8uPOsCN-1i7eYQlgVfswx2qiY6vErbvY"}
[2025-02-20 15:12:13,874][conftest.py 17][INFO]: 执行完毕~
[2025-02-20 15:32:13,815][requests.py 12][INFO]: 接口地址>>>>>:http://admin.5istudy.online/login/
[2025-02-20 15:32:13,816][requests.py 18][INFO]: 接口参数>>>>>:{'username': 15819749552, 'password': 123456}
[2025-02-20 15:32:14,018][request_untils.py 9][INFO]: 接口返回内容>>>:{"token": "eyJ0eXAiOiJKV1QiLCJhbGciOiJIUzI1NiJ9.eyJ1c2VyX2lkIjoxNjg4OTIsInVzZXJuYW1lIjoiMTU4MTk3NDk1NTIiLCJleHAiOjE3NDA2NDE1MzQsImVtYWlsIjpudWxsfQ.G5lJFNasCEhMWc94yPkA3mN71DJzYWsNU4nIEINv3fo"}
[2025-02-20 15:32:14,019][conftest.py 15][INFO]: 开始执行用例
[2025-02-20 15:32:14,023][requests.py 12][INFO]: 接口地址>>>>>:http://admin.5istudy.online/shopcarts/
[2025-02-20 15:32:14,023][requests.py 18][INFO]: 接口参数>>>>>:{'goods': 28, 'nums': 1}
[2025-02-20 15:32:14,102][request_untils.py 11][INFO]: 状态码非200或者201,请检查
[2025-02-20 15:32:14,166][conftest.py 17][INFO]: 执行完毕~
[2025-02-20 15:35:33,880][conftest.py 15][INFO]: 开始执行用例
[2025-02-20 15:35:33,942][conftest.py 17][INFO]: 执行完毕~
[2025-02-20 15:37:25,736][conftest.py 15][INFO]: 开始执行用例
[2025-02-20 15:37:25,809][conftest.py 17][INFO]: 执行完毕~
[2025-02-20 15:37:37,419][conftest.py 15][INFO]: 开始执行用例
[2025-02-20 15:37:37,494][conftest.py 17][INFO]: 执行完毕~
[2025-02-20 15:37:58,983][conftest.py 15][INFO]: 开始执行用例
[2025-02-20 15:42:10,139][conftest.py 17][INFO]: 执行完毕~
[2025-02-20 15:47:00,928][requests.py 12][INFO]: 接口地址>>>>>:http://admin.5istudy.online/login/
[2025-02-20 15:47:00,929][requests.py 18][INFO]: 接口参数>>>>>:{'username': 15819749552, 'password': 123456}
[2025-02-20 15:47:01,112][request_untils.py 9][INFO]: 接口返回内容>>>:{"token": "eyJ0eXAiOiJKV1QiLCJhbGciOiJIUzI1NiJ9.eyJ1c2VyX2lkIjoxNjg4OTIsInVzZXJuYW1lIjoiMTU4MTk3NDk1NTIiLCJleHAiOjE3NDA2NDI0MjEsImVtYWlsIjpudWxsfQ.1DxQOJbHSWehla_fzCe_YiMm1aH8RZrh2CQW24qYgUo"}
[2025-02-20 15:47:01,113][conftest.py 15][INFO]: 开始执行用例
[2025-02-20 15:47:01,115][requests.py 12][INFO]: 接口地址>>>>>:http://admin.5istudy.online/shopcarts/
[2025-02-20 15:47:01,115][requests.py 18][INFO]: 接口参数>>>>>:{'goods': 28, 'nums': 1}
[2025-02-20 15:47:01,194][request_untils.py 11][INFO]: 状态码非200或者201,请检查
[2025-02-20 15:47:01,256][conftest.py 17][INFO]: 执行完毕~
[2025-02-20 15:47:15,007][requests.py 12][INFO]: 接口地址>>>>>:http://admin.5istudy.online/login/
[2025-02-20 15:47:15,008][requests.py 18][INFO]: 接口参数>>>>>:{'username': 15819749552, 'password': 123456}
[2025-02-20 15:47:27,613][request_untils.py 9][INFO]: 接口返回内容>>>:{"token": "eyJ0eXAiOiJKV1QiLCJhbGciOiJIUzI1NiJ9.eyJ1c2VyX2lkIjoxNjg4OTIsInVzZXJuYW1lIjoiMTU4MTk3NDk1NTIiLCJleHAiOjE3NDA2NDI0MzksImVtYWlsIjpudWxsfQ.oFYt-370M-t_IM6p-wutUKnX-QnAx71v1QEYHM_IQfI"}
[2025-02-20 15:48:31,195][requests.py 12][INFO]: 接口地址>>>>>:http://admin.5istudy.online/login/
[2025-02-20 15:48:31,195][requests.py 18][INFO]: 接口参数>>>>>:{'username': 15819749552, 'password': 123456}
[2025-02-20 15:48:31,385][request_untils.py 9][INFO]: 接口返回内容>>>:{"token": "eyJ0eXAiOiJKV1QiLCJhbGciOiJIUzI1NiJ9.eyJ1c2VyX2lkIjoxNjg4OTIsInVzZXJuYW1lIjoiMTU4MTk3NDk1NTIiLCJleHAiOjE3NDA2NDI1MTEsImVtYWlsIjpudWxsfQ.SKRfXxjZcWH80X03iL3IZaujPrScwusa2JkNv-du6gg"}
[2025-02-20 15:48:31,386][conftest.py 15][INFO]: 开始执行用例
[2025-02-20 15:48:31,389][requests.py 12][INFO]: 接口地址>>>>>:http://admin.5istudy.online/shopcarts/
[2025-02-20 15:48:31,389][requests.py 18][INFO]: 接口参数>>>>>:{'goods': 28, 'nums': 1}
[2025-02-20 15:48:31,465][request_untils.py 11][INFO]: 状态码非200或者201,请检查
[2025-02-20 15:48:31,542][conftest.py 17][INFO]: 执行完毕~
[2025-02-20 15:48:34,194][requests.py 12][INFO]: 接口地址>>>>>:http://admin.5istudy.online/login/
[2025-02-20 15:48:34,194][requests.py 18][INFO]: 接口参数>>>>>:{'username': 15819749552, 'password': 123456}
[2025-02-20 15:48:40,942][request_untils.py 9][INFO]: 接口返回内容>>>:{"token": "eyJ0eXAiOiJKV1QiLCJhbGciOiJIUzI1NiJ9.eyJ1c2VyX2lkIjoxNjg4OTIsInVzZXJuYW1lIjoiMTU4MTk3NDk1NTIiLCJleHAiOjE3NDA2NDI1MTYsImVtYWlsIjpudWxsfQ.2CgxJ2_utp7DeSmM1UlxINo8JVqbmmzI9pL06rttCpg"}
[2025-02-20 21:45:41,303][requests.py 12][INFO]: 接口地址>>>>>:http://admin.5istudy.online/login/
[2025-02-20 21:45:41,303][requests.py 18][INFO]: 接口参数>>>>>:{'username': 15819749552, 'password': 123456}
[2025-02-20 21:45:42,160][request_untils.py 9][INFO]: 接口返回内容>>>:{"token": "eyJ0eXAiOiJKV1QiLCJhbGciOiJIUzI1NiJ9.eyJ1c2VyX2lkIjoxNjg4OTIsInVzZXJuYW1lIjoiMTU4MTk3NDk1NTIiLCJleHAiOjE3NDA2NjM5NDIsImVtYWlsIjpudWxsfQ.7Jk9mCm_MxIuaaDb3TtWEoFvnCziKVdmr8p7u-AauqQ"}
[2025-02-20 21:45:42,171][conftest.py 15][INFO]: 开始执行用例
[2025-02-20 21:45:42,174][requests.py 12][INFO]: 接口地址>>>>>:http://admin.5istudy.online/shopcarts/
[2025-02-20 21:45:42,174][requests.py 18][INFO]: 接口参数>>>>>:{'goods': 28, 'nums': 1}
[2025-02-20 21:45:42,263][request_untils.py 11][INFO]: 状态码非200或者201,请检查
[2025-02-20 21:45:42,326][conftest.py 17][INFO]: 执行完毕~
[2025-02-20 21:49:22,967][requests.py 12][INFO]: 接口地址>>>>>:http://admin.5istudy.online/login/
[2025-02-20 21:49:22,967][requests.py 18][INFO]: 接口参数>>>>>:{'username': 15819749552, 'password': 123456}
[2025-02-20 21:49:23,153][request_untils.py 9][INFO]: 接口返回内容>>>:{"token": "eyJ0eXAiOiJKV1QiLCJhbGciOiJIUzI1NiJ9.eyJ1c2VyX2lkIjoxNjg4OTIsInVzZXJuYW1lIjoiMTU4MTk3NDk1NTIiLCJleHAiOjE3NDA2NjQxNjMsImVtYWlsIjpudWxsfQ.1wBUnlMfMUliMTEO96NPIBBTIyGI4gb4uQUk2iPOFO8"}
[2025-02-20 21:49:23,154][conftest.py 15][INFO]: 开始执行用例
[2025-02-20 21:49:23,157][requests.py 12][INFO]: 接口地址>>>>>:http://admin.5istudy.online/shopcarts/
[2025-02-20 21:49:23,157][requests.py 18][INFO]: 接口参数>>>>>:{'goods': 28, 'nums': 1}
[2025-02-20 21:49:23,242][request_untils.py 11][INFO]: 状态码非200或者201,请检查
[2025-02-20 21:49:23,307][conftest.py 17][INFO]: 执行完毕~
[2025-02-20 21:49:30,288][requests.py 12][INFO]: 接口地址>>>>>:http://admin.5istudy.online/login/
[2025-02-20 21:49:30,288][requests.py 18][INFO]: 接口参数>>>>>:{'username': 15819749552, 'password': 123456}
[2025-02-20 21:49:42,598][request_untils.py 9][INFO]: 接口返回内容>>>:{"token": "eyJ0eXAiOiJKV1QiLCJhbGciOiJIUzI1NiJ9.eyJ1c2VyX2lkIjoxNjg4OTIsInVzZXJuYW1lIjoiMTU4MTk3NDk1NTIiLCJleHAiOjE3NDA2NjQxNzQsImVtYWlsIjpudWxsfQ.jiT0k0lHvSh9WIyjey9_kVaLLMWAim09bw32G7drBVA"}
[2025-02-20 21:59:44,433][requests.py 12][INFO]: 接口地址>>>>>:http://admin.5istudy.online/login/
[2025-02-20 21:59:44,434][requests.py 18][INFO]: 接口参数>>>>>:{'username': 15819749552, 'password': 123456}
[2025-02-20 21:59:44,609][request_untils.py 9][INFO]: 接口返回内容>>>:{"token": "eyJ0eXAiOiJKV1QiLCJhbGciOiJIUzI1NiJ9.eyJ1c2VyX2lkIjoxNjg4OTIsInVzZXJuYW1lIjoiMTU4MTk3NDk1NTIiLCJleHAiOjE3NDA2NjQ3ODQsImVtYWlsIjpudWxsfQ.8yhjE-TC5siFWgQm1_QDuitsk2ZuxoGi-nL0VjN32Zc"}
[2025-02-20 21:59:44,609][conftest.py 15][INFO]: 开始执行用例
[2025-02-20 21:59:44,613][requests.py 12][INFO]: 接口地址>>>>>:http://admin.5istudy.online/shopcarts/
[2025-02-20 21:59:44,613][requests.py 18][INFO]: 接口参数>>>>>:{'goods': 28, 'nums': 1}
[2025-02-20 21:59:44,692][request_untils.py 11][INFO]: 状态码非200或者201,请检查
[2025-02-20 21:59:44,778][conftest.py 17][INFO]: 执行完毕~
[2025-02-20 21:59:50,758][requests.py 12][INFO]: 接口地址>>>>>:http://admin.5istudy.online/login/
[2025-02-20 21:59:50,759][requests.py 18][INFO]: 接口参数>>>>>:{'username': 15819749552, 'password': 123456}
[2025-02-20 21:59:59,280][request_untils.py 9][INFO]: 接口返回内容>>>:{"token": "eyJ0eXAiOiJKV1QiLCJhbGciOiJIUzI1NiJ9.eyJ1c2VyX2lkIjoxNjg4OTIsInVzZXJuYW1lIjoiMTU4MTk3NDk1NTIiLCJleHAiOjE3NDA2NjQ3OTUsImVtYWlsIjpudWxsfQ.IhQTvvPmXDE19kEMe0xCrOdtttFhhbfhLjHdKBwgnCU"}
[2025-02-20 22:16:44,964][requests.py 12][INFO]: 接口地址>>>>>:http://admin.5istudy.online/login/
[2025-02-20 22:16:44,964][requests.py 18][INFO]: 接口参数>>>>>:{'username': 15819749552, 'password': 123456}
[2025-02-20 22:16:45,153][request_untils.py 9][INFO]: 接口返回内容>>>:{"token": "eyJ0eXAiOiJKV1QiLCJhbGciOiJIUzI1NiJ9.eyJ1c2VyX2lkIjoxNjg4OTIsInVzZXJuYW1lIjoiMTU4MTk3NDk1NTIiLCJleHAiOjE3NDA2NjU4MDUsImVtYWlsIjpudWxsfQ.WCwEyh_4zyfP4AbrSB60AbJ9vPmRabKVH-9cEJu6mFE"}
[2025-02-20 22:16:51,058][requests.py 12][INFO]: 接口地址>>>>>:http://admin.5istudy.online/login/
[2025-02-20 22:16:51,058][requests.py 18][INFO]: 接口参数>>>>>:{'username': 15819749552, 'password': 123456}
[2025-02-20 22:16:55,100][request_untils.py 9][INFO]: 接口返回内容>>>:{"token": "eyJ0eXAiOiJKV1QiLCJhbGciOiJIUzI1NiJ9.eyJ1c2VyX2lkIjoxNjg4OTIsInVzZXJuYW1lIjoiMTU4MTk3NDk1NTIiLCJleHAiOjE3NDA2NjU4MTMsImVtYWlsIjpudWxsfQ.yasBiTXhpQUvXoV-LczVpJt7rCo-qHqZOP1tvsNPZuk"}
[2025-02-20 22:19:13,257][requests.py 12][INFO]: 接口地址>>>>>:http://admin.5istudy.online/login/
[2025-02-20 22:19:13,258][requests.py 18][INFO]: 接口参数>>>>>:{'username': 15819749552, 'password': 123456}
[2025-02-20 22:19:13,447][request_untils.py 9][INFO]: 接口返回内容>>>:{"token": "eyJ0eXAiOiJKV1QiLCJhbGciOiJIUzI1NiJ9.eyJ1c2VyX2lkIjoxNjg4OTIsInVzZXJuYW1lIjoiMTU4MTk3NDk1NTIiLCJleHAiOjE3NDA2NjU5NTMsImVtYWlsIjpudWxsfQ._CrHVJ43JhsEsVPzfK8rI7a4V78ZbgC4UJTFCHXmmkI"}
[2025-02-20 22:19:18,982][requests.py 12][INFO]: 接口地址>>>>>:http://admin.5istudy.online/login/
[2025-02-20 22:19:18,982][requests.py 18][INFO]: 接口参数>>>>>:{'username': 15819749552, 'password': 123456}
[2025-02-20 22:19:22,624][request_untils.py 9][INFO]: 接口返回内容>>>:{"token": "eyJ0eXAiOiJKV1QiLCJhbGciOiJIUzI1NiJ9.eyJ1c2VyX2lkIjoxNjg4OTIsInVzZXJuYW1lIjoiMTU4MTk3NDk1NTIiLCJleHAiOjE3NDA2NjU5NjAsImVtYWlsIjpudWxsfQ.gkiNMex5Zmy_SCLu3bc7kE1KZZcsb-JAPMp4c-Lj_Rk"}
[2025-02-20 22:23:22,248][requests.py 12][INFO]: 接口地址>>>>>:http://admin.5istudy.online/login/
[2025-02-20 22:23:22,248][requests.py 18][INFO]: 接口参数>>>>>:{'username': 15819749552, 'password': 123456}
[2025-02-20 22:23:22,435][request_untils.py 9][INFO]: 接口返回内容>>>:{"token": "eyJ0eXAiOiJKV1QiLCJhbGciOiJIUzI1NiJ9.eyJ1c2VyX2lkIjoxNjg4OTIsInVzZXJuYW1lIjoiMTU4MTk3NDk1NTIiLCJleHAiOjE3NDA2NjYyMDIsImVtYWlsIjpudWxsfQ.gTT8wYxYH51NGv6kgeoP2bnDpVq1_QSup_VjvwUAPyo"}
[2025-02-20 22:23:26,024][requests.py 12][INFO]: 接口地址>>>>>:http://admin.5istudy.online/login/
[2025-02-20 22:23:26,024][requests.py 18][INFO]: 接口参数>>>>>:{'username': 15819749552, 'password': 123456}
[2025-02-20 22:23:29,686][request_untils.py 9][INFO]: 接口返回内容>>>:{"token": "eyJ0eXAiOiJKV1QiLCJhbGciOiJIUzI1NiJ9.eyJ1c2VyX2lkIjoxNjg4OTIsInVzZXJuYW1lIjoiMTU4MTk3NDk1NTIiLCJleHAiOjE3NDA2NjYyMDcsImVtYWlsIjpudWxsfQ.pMzJo5aHfUV3oQmQRDe6wsWzyfjTaznCIxK-wRZlDeg"}
[2025-02-20 22:26:11,404][requests.py 12][INFO]: 接口地址>>>>>:http://admin.5istudy.online/login/
[2025-02-20 22:26:11,404][requests.py 18][INFO]: 接口参数>>>>>:{'username': 15819749552, 'password': 123456}
[2025-02-20 22:26:11,595][request_untils.py 9][INFO]: 接口返回内容>>>:{"token": "eyJ0eXAiOiJKV1QiLCJhbGciOiJIUzI1NiJ9.eyJ1c2VyX2lkIjoxNjg4OTIsInVzZXJuYW1lIjoiMTU4MTk3NDk1NTIiLCJleHAiOjE3NDA2NjYzNzEsImVtYWlsIjpudWxsfQ.hGlu85VwnfG9hBVaAaWCnyjqldet1OtasZxSI51A1rY"}
[2025-02-20 22:29:28,607][conftest.py 15][INFO]: 开始执行用例
[2025-02-20 22:29:28,668][conftest.py 17][INFO]: 执行完毕~
[2025-02-20 22:32:55,586][conftest.py 15][INFO]: 开始执行用例
[2025-02-20 22:32:55,589][requests.py 12][INFO]: 接口地址>>>>>:http://admin.5istudy.online/shopcarts/
[2025-02-20 22:32:55,589][requests.py 18][INFO]: 接口参数>>>>>:{'goods': 28, 'nums': 1}
[2025-02-20 22:32:55,666][request_untils.py 11][INFO]: 状态码非200或者201,请检查
[2025-02-20 22:32:55,759][conftest.py 17][INFO]: 执行完毕~
[2025-02-20 22:33:07,590][conftest.py 15][INFO]: 开始执行用例
[2025-02-20 22:33:15,492][requests.py 12][INFO]: 接口地址>>>>>:http://admin.5istudy.online/shopcarts/
[2025-02-20 22:33:15,493][requests.py 18][INFO]: 接口参数>>>>>:{'goods': 28, 'nums': 1}
[2025-02-20 22:33:15,573][request_untils.py 11][INFO]: 状态码非200或者201,请检查
[2025-02-20 22:34:20,778][conftest.py 17][INFO]: 执行完毕~
[2025-02-20 22:34:21,958][conftest.py 15][INFO]: 开始执行用例
[2025-02-20 22:34:21,960][requests.py 12][INFO]: 接口地址>>>>>:http://admin.5istudy.online/shopcarts/
[2025-02-20 22:34:21,960][requests.py 18][INFO]: 接口参数>>>>>:{'goods': 28, 'nums': 1}
[2025-02-20 22:34:22,035][request_untils.py 11][INFO]: 状态码非200或者201,请检查
[2025-02-20 22:34:22,104][conftest.py 17][INFO]: 执行完毕~
[2025-02-20 22:34:48,864][conftest.py 15][INFO]: 开始执行用例
[2025-02-20 22:35:17,298][requests.py 12][INFO]: 接口地址>>>>>:http://admin.5istudy.online/shopcarts/
[2025-02-20 22:35:17,299][requests.py 18][INFO]: 接口参数>>>>>:{'goods': 28, 'nums': 1}
[2025-02-20 22:35:17,386][request_untils.py 11][INFO]: 状态码非200或者201,请检查
[2025-02-20 22:35:50,689][conftest.py 17][INFO]: 执行完毕~
[2025-02-20 22:35:51,873][conftest.py 15][INFO]: 开始执行用例
[2025-02-20 22:35:51,875][requests.py 12][INFO]: 接口地址>>>>>:http://admin.5istudy.online/shopcarts/
[2025-02-20 22:35:51,876][requests.py 18][INFO]: 接口参数>>>>>:{'goods': 28, 'nums': 1}
[2025-02-20 22:35:51,954][request_untils.py 11][INFO]: 状态码非200或者201,请检查
[2025-02-20 22:35:52,030][conftest.py 17][INFO]: 执行完毕~
[2025-02-20 22:35:56,799][conftest.py 15][INFO]: 开始执行用例
[2025-02-20 22:36:17,756][requests.py 12][INFO]: 接口地址>>>>>:http://admin.5istudy.online/shopcarts/
[2025-02-20 22:36:17,756][requests.py 18][INFO]: 接口参数>>>>>:{'goods': 28, 'nums': 1}
[2025-02-20 22:37:46,072][conftest.py 17][INFO]: 执行完毕~
[2025-02-20 22:37:47,145][conftest.py 15][INFO]: 开始执行用例
[2025-02-20 22:37:47,148][requests.py 12][INFO]: 接口地址>>>>>:http://admin.5istudy.online/shopcarts/
[2025-02-20 22:37:47,149][requests.py 18][INFO]: 接口参数>>>>>:{'goods': 28, 'nums': 1}
[2025-02-20 22:37:47,232][request_untils.py 11][INFO]: 状态码非200或者201,请检查
[2025-02-20 22:37:47,305][conftest.py 17][INFO]: 执行完毕~
[2025-02-20 22:37:51,399][conftest.py 15][INFO]: 开始执行用例
[2025-02-20 22:38:18,958][requests.py 12][INFO]: 接口地址>>>>>:http://admin.5istudy.online/shopcarts/
[2025-02-20 22:39:28,284][conftest.py 17][INFO]: 执行完毕~
[2025-02-20 22:39:29,431][conftest.py 15][INFO]: 开始执行用例
[2025-02-20 22:39:29,434][requests.py 12][INFO]: 接口地址>>>>>:http://admin.5istudy.online/shopcarts/
[2025-02-20 22:39:29,434][requests.py 18][INFO]: 接口参数>>>>>:{'goods': 28, 'nums': 1}
[2025-02-20 22:39:29,526][request_untils.py 9][INFO]: 接口返回内容>>>:{"nums": 3, "goods": 28}
[2025-02-20 22:39:29,528][conftest.py 17][INFO]: 执行完毕~
[2025-02-20 22:39:48,333][conftest.py 15][INFO]: 开始执行用例
[2025-02-20 22:40:17,383][requests.py 12][INFO]: 接口地址>>>>>:http://admin.5istudy.online/shopcarts/
[2025-02-20 22:40:19,530][requests.py 18][INFO]: 接口参数>>>>>:{'goods': 28, 'nums': 1}
[2025-02-20 22:40:52,082][conftest.py 15][INFO]: 开始执行用例
[2025-02-20 22:40:52,084][requests.py 12][INFO]: 接口地址>>>>>:http://admin.5istudy.online/shopcarts/
[2025-02-20 22:40:52,084][requests.py 18][INFO]: 接口参数>>>>>:{'goods': 28, 'nums': 1}
[2025-02-20 22:40:52,174][request_untils.py 9][INFO]: 接口返回内容>>>:{"nums": 4, "goods": 28}
[2025-02-20 22:40:52,242][conftest.py 17][INFO]: 执行完毕~
[2025-02-20 22:41:39,911][conftest.py 15][INFO]: 开始执行用例
[2025-02-20 22:41:39,913][requests.py 12][INFO]: 接口地址>>>>>:http://admin.5istudy.online/shopcarts/
[2025-02-20 22:41:39,914][requests.py 18][INFO]: 接口参数>>>>>:{'goods': 28, 'nums': 1}
[2025-02-20 22:41:40,007][request_untils.py 9][INFO]: 接口返回内容>>>:{"nums": 5, "goods": 28}
[2025-02-20 22:41:40,066][conftest.py 17][INFO]: 执行完毕~
[2025-02-20 22:42:06,407][conftest.py 17][INFO]: 执行完毕~
[2025-02-20 22:42:07,664][conftest.py 15][INFO]: 开始执行用例
[2025-02-20 22:42:07,666][requests.py 12][INFO]: 接口地址>>>>>:http://admin.5istudy.online/shopcarts/
[2025-02-20 22:42:07,666][requests.py 18][INFO]: 接口参数>>>>>:{'goods': 28, 'nums': 1}
[2025-02-20 22:42:07,760][request_untils.py 9][INFO]: 接口返回内容>>>:{"nums": 6, "goods": 28}
[2025-02-20 22:42:07,839][conftest.py 17][INFO]: 执行完毕~
[2025-02-20 22:42:22,657][conftest.py 15][INFO]: 开始执行用例
[2025-02-20 22:42:22,660][requests.py 12][INFO]: 接口地址>>>>>:http://admin.5istudy.online/shopcarts/
[2025-02-20 22:42:22,660][requests.py 18][INFO]: 接口参数>>>>>:{'goods': 28, 'nums': 1}
[2025-02-20 22:42:22,759][request_untils.py 9][INFO]: 接口返回内容>>>:{"nums": 7, "goods": 28}
[2025-02-20 22:42:22,761][conftest.py 17][INFO]: 执行完毕~
[2025-02-20 23:40:10,397][requests.py 12][INFO]: 接口地址>>>>>:http://admin.5istudy.online/login/
[2025-02-20 23:40:10,399][requests.py 18][INFO]: 接口参数>>>>>:{'username': 15819749552, 'password': 123456}
[2025-02-20 23:40:10,596][request_untils.py 9][INFO]: 接口返回内容>>>:{"token": "eyJ0eXAiOiJKV1QiLCJhbGciOiJIUzI1NiJ9.eyJ1c2VyX2lkIjoxNjg4OTIsInVzZXJuYW1lIjoiMTU4MTk3NDk1NTIiLCJleHAiOjE3NDA2NzA4MTIsImVtYWlsIjpudWxsfQ.RfHtPqoNv1UUIPuYVrokEpI_iSc4Hqyp3mujaCW-bw8"}
[2025-02-20 23:48:21,163][requests.py 12][INFO]: 接口地址>>>>>:http://admin.5istudy.online/login/
[2025-02-20 23:48:21,163][requests.py 18][INFO]: 接口参数>>>>>:{'username': 15819749552, 'password': 123456}
[2025-02-20 23:48:21,342][request_untils.py 9][INFO]: 接口返回内容>>>:{"token": "eyJ0eXAiOiJKV1QiLCJhbGciOiJIUzI1NiJ9.eyJ1c2VyX2lkIjoxNjg4OTIsInVzZXJuYW1lIjoiMTU4MTk3NDk1NTIiLCJleHAiOjE3NDA2NzEzMDMsImVtYWlsIjpudWxsfQ.JbM0ZwQeRWq5gmCzppc1lRcKTfn7si1r4tyZKSa9Rmo"}
[2025-02-20 23:48:21,343][conftest.py 17][INFO]: 开始执行用例
[2025-02-20 23:48:21,346][requests.py 12][INFO]: 接口地址>>>>>:http://admin.5istudy.online/shopcarts/
[2025-02-20 23:48:21,346][requests.py 18][INFO]: 接口参数>>>>>:{'goods': 28, 'nums': 1}
[2025-02-20 23:48:21,440][request_untils.py 9][INFO]: 接口返回内容>>>:{"nums": 6, "goods": 28}
[2025-02-20 23:48:21,443][conftest.py 19][INFO]: 执行完毕~
[2025-02-20 23:49:03,631][requests.py 12][INFO]: 接口地址>>>>>:http://admin.5istudy.online/login/
[2025-02-20 23:49:03,631][requests.py 18][INFO]: 接口参数>>>>>:{'username': 15819749552, 'password': 123456}
[2025-02-20 23:49:03,810][request_untils.py 9][INFO]: 接口返回内容>>>:{"token": "eyJ0eXAiOiJKV1QiLCJhbGciOiJIUzI1NiJ9.eyJ1c2VyX2lkIjoxNjg4OTIsInVzZXJuYW1lIjoiMTU4MTk3NDk1NTIiLCJleHAiOjE3NDA2NzEzNDYsImVtYWlsIjpudWxsfQ.fM2pGDyZ5lvQkIaGvSDAzsjlw1hnV9g3ia1n1wXTIdI"}
[2025-02-20 23:49:03,811][conftest.py 17][INFO]: 开始执行用例
[2025-02-20 23:49:03,813][requests.py 12][INFO]: 接口地址>>>>>:http://admin.5istudy.online/shopcarts/
[2025-02-20 23:49:03,813][requests.py 18][INFO]: 接口参数>>>>>:{'goods': 28, 'nums': 1}
[2025-02-20 23:49:03,909][request_untils.py 9][INFO]: 接口返回内容>>>:{"nums": 7, "goods": 28}
[2025-02-20 23:49:03,912][conftest.py 19][INFO]: 执行完毕~
[2025-02-20 23:49:03,918][conftest.py 17][INFO]: 开始执行用例
[2025-02-20 23:49:03,920][requests.py 12][INFO]: 接口地址>>>>>:http://admin.5istudy.online/shopcarts/
[2025-02-20 23:49:03,920][requests.py 18][INFO]: 接口参数>>>>>:{'goods': 28, 'nums': 1}
[2025-02-20 23:49:04,011][request_untils.py 9][INFO]: 接口返回内容>>>:{"nums": 8, "goods": 28}
[2025-02-20 23:49:04,013][conftest.py 19][INFO]: 执行完毕~
[2025-02-20 23:52:12,528][requests.py 12][INFO]: 接口地址>>>>>:http://admin.5istudy.online/login/
[2025-02-20 23:52:12,528][requests.py 18][INFO]: 接口参数>>>>>:[{'username': 15819749552, 'password': 123456}]
[2025-02-20 23:52:12,630][request_untils.py 11][INFO]: 状态码非200或者201,请检查
[2025-02-20 23:53:08,082][requests.py 12][INFO]: 接口地址>>>>>:http://admin.5istudy.online/login/
[2025-02-20 23:53:08,082][requests.py 18][INFO]: 接口参数>>>>>:data
[2025-02-20 23:53:08,174][request_untils.py 11][INFO]: 状态码非200或者201,请检查
[2025-02-20 23:53:37,946][requests.py 12][INFO]: 接口地址>>>>>:http://admin.5istudy.online/login/
[2025-02-20 23:53:37,947][requests.py 18][INFO]: 接口参数>>>>>:{'goods': 28, 'nums': 1}
[2025-02-20 23:53:38,034][request_untils.py 11][INFO]: 状态码非200或者201,请检查
[2025-02-20 23:54:45,531][requests.py 12][INFO]: 接口地址>>>>>:http://admin.5istudy.online/login/
[2025-02-20 23:54:45,532][requests.py 18][INFO]: 接口参数>>>>>:{'goods': 28, 'nums': 1}
[2025-02-20 23:54:45,625][request_untils.py 11][INFO]: 状态码非200或者201,请检查
[2025-02-20 23:54:51,423][requests.py 12][INFO]: 接口地址>>>>>:http://admin.5istudy.online/login/
[2025-02-20 23:54:51,424][requests.py 18][INFO]: 接口参数>>>>>:{'goods': 28, 'nums': 1}
[2025-02-20 23:54:51,524][request_untils.py 11][INFO]: 状态码非200或者201,请检查
[2025-02-20 23:55:18,636][requests.py 12][INFO]: 接口地址>>>>>:http://admin.5istudy.online/login/
[2025-02-20 23:55:18,636][requests.py 18][INFO]: 接口参数>>>>>:{'goods': 28, 'nums': 1}
[2025-02-20 23:55:18,735][request_untils.py 11][INFO]: 状态码非200或者201,请检查
[2025-02-20 23:55:33,212][requests.py 12][INFO]: 接口地址>>>>>:http://admin.5istudy.online/login/
[2025-02-20 23:55:33,213][requests.py 18][INFO]: 接口参数>>>>>:{'goods': 28, 'nums': 1}
[2025-02-20 23:55:33,316][request_untils.py 11][INFO]: 状态码非200或者201,请检查
[2025-02-20 23:55:39,709][requests.py 12][INFO]: 接口地址>>>>>:http://admin.5istudy.online/login/
[2025-02-20 23:55:39,710][requests.py 18][INFO]: 接口参数>>>>>:{'goods': 28, 'nums': 1}
[2025-02-20 23:55:39,812][request_untils.py 11][INFO]: 状态码非200或者201,请检查
[2025-02-20 23:57:44,108][conftest.py 17][INFO]: 执行完毕~
[2025-02-20 23:58:21,999][requests.py 12][INFO]: 接口地址>>>>>:http://admin.5istudy.online/login/
[2025-02-20 23:58:22,000][requests.py 18][INFO]: 接口参数>>>>>:{'goods': 28, 'nums': 1}
[2025-02-20 23:58:22,097][request_untils.py 11][INFO]: 状态码非200或者201,请检查
[2025-02-20 23:59:13,953][requests.py 12][INFO]: 接口地址>>>>>:http://admin.5istudy.online/login/
[2025-02-20 23:59:13,954][requests.py 18][INFO]: 接口参数>>>>>:{'username': 15819749552, 'password': 123456}
[2025-02-20 23:59:14,131][request_untils.py 9][INFO]: 接口返回内容>>>:{"token": "eyJ0eXAiOiJKV1QiLCJhbGciOiJIUzI1NiJ9.eyJ1c2VyX2lkIjoxNjg4OTIsInVzZXJuYW1lIjoiMTU4MTk3NDk1NTIiLCJleHAiOjE3NDA2NzE5NTYsImVtYWlsIjpudWxsfQ.5nQMv0yePpZtLbhkbNAyqXd81nw1UbfroxQ8OFP1B2Y"}
[2025-02-20 23:59:14,132][conftest.py 17][INFO]: 开始执行用例
[2025-02-20 23:59:14,134][requests.py 12][INFO]: 接口地址>>>>>:http://admin.5istudy.online/shopcarts/
[2025-02-20 23:59:14,135][requests.py 18][INFO]: 接口参数>>>>>:{'goods': 28, 'nums': 1}
[2025-02-20 23:59:14,228][request_untils.py 9][INFO]: 接口返回内容>>>:{"nums": 9, "goods": 28}
[2025-02-20 23:59:14,230][conftest.py 19][INFO]: 执行完毕~
