[2025-02-22 00:00:22,789][requests.py 12][INFO]: 接口地址>>>>>:http://admin.5istudy.online/login/
[2025-02-22 00:00:22,790][requests.py 18][INFO]: 接口参数>>>>>:{'username': 15819749552, 'password': 123456}
[2025-02-22 00:00:22,991][request_untils.py 9][INFO]: 接口返回内容>>>:{"token": "eyJ0eXAiOiJKV1QiLCJhbGciOiJIUzI1NiJ9.eyJ1c2VyX2lkIjoxNjg4OTIsInVzZXJuYW1lIjoiMTU4MTk3NDk1NTIiLCJleHAiOjE3NDA3NTg0MjMsImVtYWlsIjpudWxsfQ.eTUJay-5-aWS-OyOt-BxBJH9t4DQ2gwX7nFwERtu-28"}
[2025-02-22 00:00:22,992][conftest.py 17][INFO]: 开始执行用例
[2025-02-22 00:00:22,994][requests.py 12][INFO]: 接口地址>>>>>:http://admin.5istudy.online/userfavs/7
[2025-02-22 00:00:22,994][requests.py 22][INFO]: 接口参数>>>>>:{'goods': 7}
[2025-02-22 00:00:23,146][request_untils.py 11][INFO]: 状态码非200或者201/204,请检查
[2025-02-22 00:00:23,212][conftest.py 19][INFO]: 执行完毕~
[2025-02-22 00:00:50,471][requests.py 12][INFO]: 接口地址>>>>>:http://admin.5istudy.online/login/
[2025-02-22 00:00:50,471][requests.py 18][INFO]: 接口参数>>>>>:{'username': 15819749552, 'password': 123456}
[2025-02-22 00:00:50,697][request_untils.py 9][INFO]: 接口返回内容>>>:{"token": "eyJ0eXAiOiJKV1QiLCJhbGciOiJIUzI1NiJ9.eyJ1c2VyX2lkIjoxNjg4OTIsInVzZXJuYW1lIjoiMTU4MTk3NDk1NTIiLCJleHAiOjE3NDA3NTg0NTAsImVtYWlsIjpudWxsfQ.WLSrinWY4bAI0t_xmbG-6kcMMhu81lSNxw8MVvOkvs4"}
[2025-02-22 00:00:50,699][conftest.py 17][INFO]: 开始执行用例
[2025-02-22 00:00:55,445][requests.py 12][INFO]: 接口地址>>>>>:http://admin.5istudy.online/userfavs/7
[2025-02-22 00:00:55,445][requests.py 22][INFO]: 接口参数>>>>>:{'goods': 7}
[2025-02-22 00:00:55,608][request_untils.py 11][INFO]: 状态码非200或者201/204,请检查
[2025-02-22 00:01:01,608][conftest.py 19][INFO]: 执行完毕~
[2025-02-22 00:01:20,776][requests.py 12][INFO]: 接口地址>>>>>:http://admin.5istudy.online/login/
[2025-02-22 00:01:20,776][requests.py 18][INFO]: 接口参数>>>>>:{'username': 15819749552, 'password': 123456}
[2025-02-22 00:01:20,958][request_untils.py 9][INFO]: 接口返回内容>>>:{"token": "eyJ0eXAiOiJKV1QiLCJhbGciOiJIUzI1NiJ9.eyJ1c2VyX2lkIjoxNjg4OTIsInVzZXJuYW1lIjoiMTU4MTk3NDk1NTIiLCJleHAiOjE3NDA3NTg0ODEsImVtYWlsIjpudWxsfQ.CCTZ8aWbIzvCFwrTZlT3CRPWQkUX7b_u4-nsH4vl5Hg"}
[2025-02-22 00:01:20,959][conftest.py 17][INFO]: 开始执行用例
[2025-02-22 00:01:20,961][requests.py 12][INFO]: 接口地址>>>>>:http://admin.5istudy.online/userfavs/7
[2025-02-22 00:01:20,961][requests.py 22][INFO]: 接口参数>>>>>:{'goods': 7}
[2025-02-22 00:01:21,104][request_untils.py 11][INFO]: 状态码非200或者201/204,请检查
[2025-02-22 00:01:21,180][conftest.py 19][INFO]: 执行完毕~
[2025-02-22 00:02:39,637][requests.py 12][INFO]: 接口地址>>>>>:http://admin.5istudy.online/login/
[2025-02-22 00:02:39,638][requests.py 18][INFO]: 接口参数>>>>>:{'username': 15819749552, 'password': 123456}
[2025-02-22 00:02:39,826][request_untils.py 9][INFO]: 接口返回内容>>>:{"token": "eyJ0eXAiOiJKV1QiLCJhbGciOiJIUzI1NiJ9.eyJ1c2VyX2lkIjoxNjg4OTIsInVzZXJuYW1lIjoiMTU4MTk3NDk1NTIiLCJleHAiOjE3NDA3NTg1NTksImVtYWlsIjpudWxsfQ.IAhwCPy_Ad5ZZrXpvq4HmlVyz-HRhmayOKv1kmfg-Yg"}
[2025-02-22 00:02:39,827][conftest.py 17][INFO]: 开始执行用例
[2025-02-22 00:02:39,832][requests.py 12][INFO]: 接口地址>>>>>:http://admin.5istudy.online/userfavs/7
[2025-02-22 00:02:39,832][requests.py 22][INFO]: 接口参数>>>>>:{'goods': 7}
[2025-02-22 00:02:39,984][request_untils.py 11][INFO]: 状态码非200或者201/204,请检查
[2025-02-22 00:03:10,138][conftest.py 19][INFO]: 执行完毕~
[2025-02-22 00:03:37,464][requests.py 12][INFO]: 接口地址>>>>>:http://admin.5istudy.online/login/
[2025-02-22 00:03:37,464][requests.py 18][INFO]: 接口参数>>>>>:{'username': 15819749552, 'password': 123456}
[2025-02-22 00:03:37,680][request_untils.py 9][INFO]: 接口返回内容>>>:{"token": "eyJ0eXAiOiJKV1QiLCJhbGciOiJIUzI1NiJ9.eyJ1c2VyX2lkIjoxNjg4OTIsInVzZXJuYW1lIjoiMTU4MTk3NDk1NTIiLCJleHAiOjE3NDA3NTg2MTcsImVtYWlsIjpudWxsfQ.a0XEjRe-oLjQYbHRWfMUOJMqYgJXigHOFOp4L5Js8YY"}
[2025-02-22 00:03:37,681][conftest.py 17][INFO]: 开始执行用例
[2025-02-22 00:03:37,684][requests.py 12][INFO]: 接口地址>>>>>:http://admin.5istudy.online/userfavs/7
[2025-02-22 00:03:37,684][requests.py 22][INFO]: 接口参数>>>>>:{'goods': 7}
[2025-02-22 00:03:37,825][request_untils.py 11][INFO]: 状态码非200/201/204,请检查
[2025-02-22 00:03:37,913][conftest.py 19][INFO]: 执行完毕~
[2025-02-22 00:03:46,782][requests.py 12][INFO]: 接口地址>>>>>:http://admin.5istudy.online/login/
[2025-02-22 00:03:46,783][requests.py 18][INFO]: 接口参数>>>>>:{'username': 15819749552, 'password': 123456}
[2025-02-22 00:03:46,987][request_untils.py 9][INFO]: 接口返回内容>>>:{"token": "eyJ0eXAiOiJKV1QiLCJhbGciOiJIUzI1NiJ9.eyJ1c2VyX2lkIjoxNjg4OTIsInVzZXJuYW1lIjoiMTU4MTk3NDk1NTIiLCJleHAiOjE3NDA3NTg2MjcsImVtYWlsIjpudWxsfQ.VZboW8eQG7aBn5dYi3LF_eDHB8C2oIY8hWaQMXiBVJw"}
[2025-02-22 00:03:46,989][conftest.py 17][INFO]: 开始执行用例
[2025-02-22 00:04:02,511][requests.py 12][INFO]: 接口地址>>>>>:http://admin.5istudy.online/userfavs/7
[2025-02-22 00:04:02,512][requests.py 22][INFO]: 接口参数>>>>>:{'goods': 7}
[2025-02-22 00:04:26,236][request_untils.py 11][INFO]: 状态码非200/201/204,请检查
[2025-02-22 00:04:31,554][conftest.py 19][INFO]: 执行完毕~
[2025-02-22 00:06:08,388][requests.py 12][INFO]: 接口地址>>>>>:http://admin.5istudy.online/login/
[2025-02-22 00:06:08,388][requests.py 18][INFO]: 接口参数>>>>>:{'username': 15819749552, 'password': 123456}
[2025-02-22 00:06:08,579][request_untils.py 9][INFO]: 接口返回内容>>>:{"token": "eyJ0eXAiOiJKV1QiLCJhbGciOiJIUzI1NiJ9.eyJ1c2VyX2lkIjoxNjg4OTIsInVzZXJuYW1lIjoiMTU4MTk3NDk1NTIiLCJleHAiOjE3NDA3NTg3NjgsImVtYWlsIjpudWxsfQ.tjRZ2RCF3hJwGxbOPJuz9B_hIG_IFcDQ-D6rBox8Wz0"}
[2025-02-22 00:06:08,580][conftest.py 17][INFO]: 开始执行用例
[2025-02-22 00:06:08,582][requests.py 12][INFO]: 接口地址>>>>>:http://admin.5istudy.online/userfavs/7/
[2025-02-22 00:06:08,583][requests.py 22][INFO]: 接口参数>>>>>:{'goods': 7}
[2025-02-22 00:06:08,787][conftest.py 19][INFO]: 执行完毕~
[2025-02-22 00:07:26,547][requests.py 12][INFO]: 接口地址>>>>>:http://admin.5istudy.online/login/
[2025-02-22 00:07:26,547][requests.py 18][INFO]: 接口参数>>>>>:{'username': 15819749552, 'password': 123456}
[2025-02-22 00:07:26,740][request_untils.py 9][INFO]: 接口返回内容>>>:{"token": "eyJ0eXAiOiJKV1QiLCJhbGciOiJIUzI1NiJ9.eyJ1c2VyX2lkIjoxNjg4OTIsInVzZXJuYW1lIjoiMTU4MTk3NDk1NTIiLCJleHAiOjE3NDA3NTg4NDYsImVtYWlsIjpudWxsfQ.nnUU83evlPMoeMg-3iOxqTPVwnlQ_5ORFU8IZ4nZ1D4"}
[2025-02-22 00:07:26,742][conftest.py 17][INFO]: 开始执行用例
[2025-02-22 00:07:40,466][requests.py 12][INFO]: 接口地址>>>>>:http://admin.5istudy.online/userfavs/7/
[2025-02-22 00:07:40,467][requests.py 22][INFO]: 接口参数>>>>>:{'goods': 7}
[2025-02-22 00:11:38,252][conftest.py 19][INFO]: 执行完毕~
[2025-02-22 00:11:46,286][requests.py 12][INFO]: 接口地址>>>>>:http://admin.5istudy.online/login/
[2025-02-22 00:11:46,287][requests.py 18][INFO]: 接口参数>>>>>:{'username': 15819749552, 'password': 123456}
[2025-02-22 00:11:46,505][request_untils.py 10][INFO]: 接口返回内容>>>:{"token": "eyJ0eXAiOiJKV1QiLCJhbGciOiJIUzI1NiJ9.eyJ1c2VyX2lkIjoxNjg4OTIsInVzZXJuYW1lIjoiMTU4MTk3NDk1NTIiLCJleHAiOjE3NDA3NTkxMDYsImVtYWlsIjpudWxsfQ.intWAsZpJyjgcaJ5VEq-3Qh0UqJLv1ssIMwM51ikaYg"}
[2025-02-22 00:11:46,506][conftest.py 17][INFO]: 开始执行用例
[2025-02-22 00:11:46,508][requests.py 12][INFO]: 接口地址>>>>>:http://admin.5istudy.online/userfavs/
[2025-02-22 00:11:46,508][requests.py 18][INFO]: 接口参数>>>>>:{'goods': 7}
[2025-02-22 00:11:46,613][request_untils.py 10][INFO]: 接口返回内容>>>:{"goods": 7, "id": 4246}
[2025-02-22 00:11:46,615][conftest.py 19][INFO]: 执行完毕~
[2025-02-22 00:11:55,681][requests.py 12][INFO]: 接口地址>>>>>:http://admin.5istudy.online/login/
[2025-02-22 00:11:55,681][requests.py 18][INFO]: 接口参数>>>>>:{'username': 15819749552, 'password': 123456}
[2025-02-22 00:11:55,858][request_untils.py 10][INFO]: 接口返回内容>>>:{"token": "eyJ0eXAiOiJKV1QiLCJhbGciOiJIUzI1NiJ9.eyJ1c2VyX2lkIjoxNjg4OTIsInVzZXJuYW1lIjoiMTU4MTk3NDk1NTIiLCJleHAiOjE3NDA3NTkxMTUsImVtYWlsIjpudWxsfQ.UqqV5grNMECDRE4zl-okwe-2eVWZZUkK_EGPcEcDmAc"}
[2025-02-22 00:11:55,860][conftest.py 17][INFO]: 开始执行用例
[2025-02-22 00:12:13,309][requests.py 12][INFO]: 接口地址>>>>>:http://admin.5istudy.online/userfavs/7/
[2025-02-22 00:12:13,310][requests.py 22][INFO]: 接口参数>>>>>:{'goods': 7}
[2025-02-22 00:12:13,711][conftest.py 19][INFO]: 执行完毕~
[2025-02-22 00:12:21,280][requests.py 12][INFO]: 接口地址>>>>>:http://admin.5istudy.online/login/
[2025-02-22 00:12:21,280][requests.py 18][INFO]: 接口参数>>>>>:{'username': 15819749552, 'password': 123456}
[2025-02-22 00:12:21,463][request_untils.py 10][INFO]: 接口返回内容>>>:{"token": "eyJ0eXAiOiJKV1QiLCJhbGciOiJIUzI1NiJ9.eyJ1c2VyX2lkIjoxNjg4OTIsInVzZXJuYW1lIjoiMTU4MTk3NDk1NTIiLCJleHAiOjE3NDA3NTkxNDEsImVtYWlsIjpudWxsfQ.l_5A0AKtM04EkCvAsVyOad8oMs4zQd1OLg9_CYZ11_g"}
[2025-02-22 00:12:21,464][conftest.py 17][INFO]: 开始执行用例
[2025-02-22 00:12:29,958][requests.py 12][INFO]: 接口地址>>>>>:http://admin.5istudy.online/userfavs/
[2025-02-22 00:12:41,914][requests.py 18][INFO]: 接口参数>>>>>:{'goods': 7}
[2025-02-22 00:16:28,218][request_untils.py 10][INFO]: 接口返回内容>>>:{"goods": 7, "id": 4247}
[2025-02-22 00:16:28,222][conftest.py 19][INFO]: 执行完毕~
[2025-02-22 00:16:36,098][requests.py 12][INFO]: 接口地址>>>>>:http://admin.5istudy.online/login/
[2025-02-22 00:16:36,098][requests.py 18][INFO]: 接口参数>>>>>:{'username': 15819749552, 'password': 123456}
[2025-02-22 00:17:06,157][request_untils.py 9][INFO]: 接口返回内容>>>:{"token": "eyJ0eXAiOiJKV1QiLCJhbGciOiJIUzI1NiJ9.eyJ1c2VyX2lkIjoxNjg4OTIsInVzZXJuYW1lIjoiMTU4MTk3NDk1NTIiLCJleHAiOjE3NDA3NTkzOTYsImVtYWlsIjpudWxsfQ.R60DO1TTgrg8EXPO259_eoUxKMDrfX8Ar1Lnk8_Z01U"}
[2025-02-22 00:17:51,473][conftest.py 17][INFO]: 开始执行用例
[2025-02-22 00:17:54,201][requests.py 12][INFO]: 接口地址>>>>>:http://admin.5istudy.online/userfavs/
[2025-02-22 00:17:54,202][requests.py 18][INFO]: 接口参数>>>>>:{'goods': 7}
[2025-02-22 00:17:59,077][request_untils.py 11][INFO]: 状态码非200/201/204,请检查
[2025-02-22 00:18:07,570][conftest.py 19][INFO]: 执行完毕~
[2025-02-22 00:18:12,703][requests.py 12][INFO]: 接口地址>>>>>:http://admin.5istudy.online/login/
[2025-02-22 00:18:12,704][requests.py 18][INFO]: 接口参数>>>>>:{'username': 15819749552, 'password': 123456}
[2025-02-22 00:18:31,592][request_untils.py 9][INFO]: 接口返回内容>>>:{"token": "eyJ0eXAiOiJKV1QiLCJhbGciOiJIUzI1NiJ9.eyJ1c2VyX2lkIjoxNjg4OTIsInVzZXJuYW1lIjoiMTU4MTk3NDk1NTIiLCJleHAiOjE3NDA3NTk0OTIsImVtYWlsIjpudWxsfQ.WfVx2cUiGG9MmHjIHbbJsGuubsiClE5Oa_NTQmfcMwk"}
[2025-02-22 00:18:31,593][conftest.py 17][INFO]: 开始执行用例
[2025-02-22 00:19:05,340][conftest.py 19][INFO]: 执行完毕~
[2025-02-22 00:19:17,803][requests.py 12][INFO]: 接口地址>>>>>:http://admin.5istudy.online/login/
[2025-02-22 00:19:17,803][requests.py 18][INFO]: 接口参数>>>>>:{'username': 15819749552, 'password': 123456}
[2025-02-22 00:19:42,093][request_untils.py 9][INFO]: 接口返回内容>>>:{"token": "eyJ0eXAiOiJKV1QiLCJhbGciOiJIUzI1NiJ9.eyJ1c2VyX2lkIjoxNjg4OTIsInVzZXJuYW1lIjoiMTU4MTk3NDk1NTIiLCJleHAiOjE3NDA3NTk1NTgsImVtYWlsIjpudWxsfQ.4bQlRZdW_a6B-w6j-dt6lNLWD90im_GPXk6HZXpb-kw"}
[2025-02-22 00:19:51,981][conftest.py 17][INFO]: 开始执行用例
[2025-02-22 00:20:55,092][conftest.py 19][INFO]: 执行完毕~
[2025-02-22 00:21:09,033][requests.py 12][INFO]: 接口地址>>>>>:http://admin.5istudy.online/login/
[2025-02-22 00:21:09,034][requests.py 18][INFO]: 接口参数>>>>>:{'username': 15819749552, 'password': 123456}
[2025-02-22 00:21:26,435][request_untils.py 9][INFO]: 接口返回内容>>>:{"token": "eyJ0eXAiOiJKV1QiLCJhbGciOiJIUzI1NiJ9.eyJ1c2VyX2lkIjoxNjg4OTIsInVzZXJuYW1lIjoiMTU4MTk3NDk1NTIiLCJleHAiOjE3NDA3NTk2NjksImVtYWlsIjpudWxsfQ.Sn-WGgjoA_1nzgnUbZecLDVsEYp5uEGljH8KJAgTZbA"}
[2025-02-22 00:21:26,436][conftest.py 17][INFO]: 开始执行用例
[2025-02-22 00:21:36,825][conftest.py 19][INFO]: 执行完毕~
[2025-02-22 00:21:43,157][requests.py 12][INFO]: 接口地址>>>>>:http://admin.5istudy.online/login/
[2025-02-22 00:21:43,158][requests.py 18][INFO]: 接口参数>>>>>:{'username': 15819749552, 'password': 123456}
[2025-02-22 00:21:43,385][request_untils.py 9][INFO]: 接口返回内容>>>:{"token": "eyJ0eXAiOiJKV1QiLCJhbGciOiJIUzI1NiJ9.eyJ1c2VyX2lkIjoxNjg4OTIsInVzZXJuYW1lIjoiMTU4MTk3NDk1NTIiLCJleHAiOjE3NDA3NTk3MDMsImVtYWlsIjpudWxsfQ.Yu_1F2yXyy7QQqdQYc7MNM83Awy0PpwJymZGG9CIyfg"}
[2025-02-22 00:21:43,387][conftest.py 17][INFO]: 开始执行用例
[2025-02-22 00:21:43,518][conftest.py 19][INFO]: 执行完毕~
[2025-02-22 00:22:40,378][requests.py 12][INFO]: 接口地址>>>>>:http://admin.5istudy.online/login/
[2025-02-22 00:22:40,378][requests.py 18][INFO]: 接口参数>>>>>:{'username': 15819749552, 'password': 123456}
[2025-02-22 00:22:40,565][request_untils.py 9][INFO]: 接口返回内容>>>:{"token": "eyJ0eXAiOiJKV1QiLCJhbGciOiJIUzI1NiJ9.eyJ1c2VyX2lkIjoxNjg4OTIsInVzZXJuYW1lIjoiMTU4MTk3NDk1NTIiLCJleHAiOjE3NDA3NTk3NjAsImVtYWlsIjpudWxsfQ.gYVszzJvhi1kvOvdilzkjjDfVtnbdJyJTJ9EDBzaOmk"}
[2025-02-22 00:22:40,565][conftest.py 17][INFO]: 开始执行用例
[2025-02-22 00:22:40,638][conftest.py 19][INFO]: 执行完毕~
[2025-02-22 00:24:02,283][requests.py 12][INFO]: 接口地址>>>>>:http://admin.5istudy.online/login/
[2025-02-22 00:24:02,283][requests.py 18][INFO]: 接口参数>>>>>:{'username': 15819749552, 'password': 123456}
[2025-02-22 00:24:02,475][request_untils.py 9][INFO]: 接口返回内容>>>:{"token": "eyJ0eXAiOiJKV1QiLCJhbGciOiJIUzI1NiJ9.eyJ1c2VyX2lkIjoxNjg4OTIsInVzZXJuYW1lIjoiMTU4MTk3NDk1NTIiLCJleHAiOjE3NDA3NTk4NDIsImVtYWlsIjpudWxsfQ.sJcm6yFrWm3IIqTQdX9vstFl7GwyXoFi7PNsN-ucqKw"}
[2025-02-22 00:24:02,475][conftest.py 17][INFO]: 开始执行用例
[2025-02-22 00:24:02,535][conftest.py 19][INFO]: 执行完毕~
[2025-02-22 00:24:16,946][requests.py 12][INFO]: 接口地址>>>>>:http://admin.5istudy.online/login/
[2025-02-22 00:24:16,946][requests.py 18][INFO]: 接口参数>>>>>:{'username': 15819749552, 'password': 123456}
[2025-02-22 00:24:17,200][request_untils.py 9][INFO]: 接口返回内容>>>:{"token": "eyJ0eXAiOiJKV1QiLCJhbGciOiJIUzI1NiJ9.eyJ1c2VyX2lkIjoxNjg4OTIsInVzZXJuYW1lIjoiMTU4MTk3NDk1NTIiLCJleHAiOjE3NDA3NTk4NTcsImVtYWlsIjpudWxsfQ.TWz8vpeh84TOZFFvwNMXrRLdOcHICYQ40k6Mux4Yy8A"}
[2025-02-22 00:24:17,202][conftest.py 17][INFO]: 开始执行用例
[2025-02-22 00:24:38,190][conftest.py 19][INFO]: 执行完毕~
[2025-02-22 00:25:00,970][requests.py 12][INFO]: 接口地址>>>>>:http://admin.5istudy.online/login/
[2025-02-22 00:25:00,971][requests.py 18][INFO]: 接口参数>>>>>:{'username': 15819749552, 'password': 123456}
[2025-02-22 00:25:01,209][request_untils.py 9][INFO]: 接口返回内容>>>:{"token": "eyJ0eXAiOiJKV1QiLCJhbGciOiJIUzI1NiJ9.eyJ1c2VyX2lkIjoxNjg4OTIsInVzZXJuYW1lIjoiMTU4MTk3NDk1NTIiLCJleHAiOjE3NDA3NTk5MDEsImVtYWlsIjpudWxsfQ.LUZZ99pDTjHOgbCwjF-wFL1_2WLOKaQvUatIcDK-L2U"}
[2025-02-22 00:25:01,210][conftest.py 17][INFO]: 开始执行用例
[2025-02-22 00:25:01,279][conftest.py 19][INFO]: 执行完毕~
[2025-02-22 00:25:22,215][requests.py 12][INFO]: 接口地址>>>>>:http://admin.5istudy.online/login/
[2025-02-22 00:25:22,215][requests.py 18][INFO]: 接口参数>>>>>:{'username': 15819749552, 'password': 123456}
[2025-02-22 00:25:22,392][request_untils.py 9][INFO]: 接口返回内容>>>:{"token": "eyJ0eXAiOiJKV1QiLCJhbGciOiJIUzI1NiJ9.eyJ1c2VyX2lkIjoxNjg4OTIsInVzZXJuYW1lIjoiMTU4MTk3NDk1NTIiLCJleHAiOjE3NDA3NTk5MjIsImVtYWlsIjpudWxsfQ.1ki0leG9YDfrTfx-71Glxgdey79s_h-wa9QP_2gQQtY"}
[2025-02-22 00:25:22,393][conftest.py 17][INFO]: 开始执行用例
[2025-02-22 00:25:22,394][requests.py 12][INFO]: 接口地址>>>>>:http://admin.5istudy.online/userfavs/7/
[2025-02-22 00:25:22,394][requests.py 22][INFO]: 接口参数>>>>>:None
[2025-02-22 00:25:22,596][conftest.py 19][INFO]: 执行完毕~
[2025-02-22 00:26:30,061][requests.py 12][INFO]: 接口地址>>>>>:http://admin.5istudy.online/login/
[2025-02-22 00:26:30,062][requests.py 18][INFO]: 接口参数>>>>>:{'username': 15819749552, 'password': 123456}
[2025-02-22 00:26:30,254][request_untils.py 9][INFO]: 接口返回内容>>>:{"token": "eyJ0eXAiOiJKV1QiLCJhbGciOiJIUzI1NiJ9.eyJ1c2VyX2lkIjoxNjg4OTIsInVzZXJuYW1lIjoiMTU4MTk3NDk1NTIiLCJleHAiOjE3NDA3NTk5OTAsImVtYWlsIjpudWxsfQ.ffcO5cLnxB9_JGMe8t5ew8ZLNJinht8MleXYMLGysTo"}
[2025-02-22 00:26:30,255][conftest.py 17][INFO]: 开始执行用例
[2025-02-22 00:26:30,259][requests.py 12][INFO]: 接口地址>>>>>:http://admin.5istudy.online/userfavs/7/
[2025-02-22 00:26:30,259][requests.py 22][INFO]: 接口参数>>>>>:None
[2025-02-22 00:26:42,903][request_untils.py 11][INFO]: 状态码非200/201/204,请检查
[2025-02-22 00:26:52,427][conftest.py 19][INFO]: 执行完毕~
[2025-02-22 00:27:03,947][requests.py 12][INFO]: 接口地址>>>>>:http://admin.5istudy.online/login/
[2025-02-22 00:27:03,947][requests.py 18][INFO]: 接口参数>>>>>:{'username': 15819749552, 'password': 123456}
[2025-02-22 00:27:04,130][request_untils.py 9][INFO]: 接口返回内容>>>:{"token": "eyJ0eXAiOiJKV1QiLCJhbGciOiJIUzI1NiJ9.eyJ1c2VyX2lkIjoxNjg4OTIsInVzZXJuYW1lIjoiMTU4MTk3NDk1NTIiLCJleHAiOjE3NDA3NjAwMjQsImVtYWlsIjpudWxsfQ.8B8cmTWK37p-1WMkjek7vJtxq5okqmQ9-NJVoReha-8"}
[2025-02-22 00:27:04,131][conftest.py 17][INFO]: 开始执行用例
[2025-02-22 00:27:04,133][requests.py 12][INFO]: 接口地址>>>>>:http://admin.5istudy.online/userfavs/
[2025-02-22 00:27:04,133][requests.py 18][INFO]: 接口参数>>>>>:{'goods': 7}
[2025-02-22 00:27:04,230][request_untils.py 9][INFO]: 接口返回内容>>>:{"goods": 7, "id": 4248}
[2025-02-22 00:27:04,231][conftest.py 19][INFO]: 执行完毕~
[2025-02-22 00:27:16,499][requests.py 12][INFO]: 接口地址>>>>>:http://admin.5istudy.online/login/
[2025-02-22 00:27:16,500][requests.py 18][INFO]: 接口参数>>>>>:{'username': 15819749552, 'password': 123456}
[2025-02-22 00:27:16,692][request_untils.py 9][INFO]: 接口返回内容>>>:{"token": "eyJ0eXAiOiJKV1QiLCJhbGciOiJIUzI1NiJ9.eyJ1c2VyX2lkIjoxNjg4OTIsInVzZXJuYW1lIjoiMTU4MTk3NDk1NTIiLCJleHAiOjE3NDA3NjAwMzYsImVtYWlsIjpudWxsfQ.ZSIUxgLMkF70wGJMAXROyd_W71Yvxsmon0bU7lJRYWU"}
[2025-02-22 00:27:16,694][conftest.py 17][INFO]: 开始执行用例
[2025-02-22 00:27:16,699][requests.py 12][INFO]: 接口地址>>>>>:http://admin.5istudy.online/userfavs/7/
[2025-02-22 00:27:16,700][requests.py 22][INFO]: 接口参数>>>>>:None
[2025-02-22 00:28:19,051][conftest.py 19][INFO]: 执行完毕~
[2025-02-22 00:30:05,578][requests.py 12][INFO]: 接口地址>>>>>:http://admin.5istudy.online/login/
[2025-02-22 00:30:05,578][requests.py 18][INFO]: 接口参数>>>>>:{'username': 15819749552, 'password': 123456}
[2025-02-22 00:30:05,789][request_untils.py 9][INFO]: 接口返回内容>>>:{"token": "eyJ0eXAiOiJKV1QiLCJhbGciOiJIUzI1NiJ9.eyJ1c2VyX2lkIjoxNjg4OTIsInVzZXJuYW1lIjoiMTU4MTk3NDk1NTIiLCJleHAiOjE3NDA3NjAyMDUsImVtYWlsIjpudWxsfQ.UxaiKAzPfxVzeKSLiKEPzVAUdRTc_j-IM5uT3AWINBM"}
[2025-02-22 00:30:05,789][conftest.py 17][INFO]: 开始执行用例
[2025-02-22 00:30:05,791][requests.py 12][INFO]: 接口地址>>>>>:http://admin.5istudy.online/userfavs/7/
[2025-02-22 00:30:05,791][requests.py 22][INFO]: 接口参数>>>>>:None
[2025-02-22 00:30:05,890][request_untils.py 11][INFO]: 状态码非200/201/204,请检查
[2025-02-22 00:30:05,964][conftest.py 19][INFO]: 执行完毕~
[2025-02-22 00:30:22,905][requests.py 12][INFO]: 接口地址>>>>>:http://admin.5istudy.online/login/
[2025-02-22 00:30:22,906][requests.py 18][INFO]: 接口参数>>>>>:{'username': 15819749552, 'password': 123456}
[2025-02-22 00:30:23,095][request_untils.py 9][INFO]: 接口返回内容>>>:{"token": "eyJ0eXAiOiJKV1QiLCJhbGciOiJIUzI1NiJ9.eyJ1c2VyX2lkIjoxNjg4OTIsInVzZXJuYW1lIjoiMTU4MTk3NDk1NTIiLCJleHAiOjE3NDA3NjAyMjMsImVtYWlsIjpudWxsfQ.AuL6Bdrl4FQ4hi4dvEGflJiRsPyGKUbA0iU9kfUeosY"}
[2025-02-22 00:30:23,096][conftest.py 17][INFO]: 开始执行用例
[2025-02-22 00:30:30,983][requests.py 12][INFO]: 接口地址>>>>>:http://admin.5istudy.online/userfavs/7/
[2025-02-22 00:30:30,983][requests.py 22][INFO]: 接口参数>>>>>:None
[2025-02-22 00:30:35,503][request_untils.py 11][INFO]: 状态码非200/201/204,请检查
[2025-02-22 00:31:07,302][conftest.py 19][INFO]: 执行完毕~
[2025-02-22 00:31:13,806][requests.py 12][INFO]: 接口地址>>>>>:http://admin.5istudy.online/login/
[2025-02-22 00:31:13,806][requests.py 18][INFO]: 接口参数>>>>>:{'username': 15819749552, 'password': 123456}
[2025-02-22 00:31:14,004][request_untils.py 9][INFO]: 接口返回内容>>>:{"token": "eyJ0eXAiOiJKV1QiLCJhbGciOiJIUzI1NiJ9.eyJ1c2VyX2lkIjoxNjg4OTIsInVzZXJuYW1lIjoiMTU4MTk3NDk1NTIiLCJleHAiOjE3NDA3NjAyNzQsImVtYWlsIjpudWxsfQ.Zvtp_KpsSKZMrao_8NRUqZXTWXUPd_23lCEmvEfYbv8"}
[2025-02-22 00:31:14,005][conftest.py 17][INFO]: 开始执行用例
[2025-02-22 00:31:14,009][requests.py 12][INFO]: 接口地址>>>>>:http://admin.5istudy.online/userfavs/
[2025-02-22 00:31:14,010][requests.py 18][INFO]: 接口参数>>>>>:{'goods': 7}
[2025-02-22 00:31:14,122][request_untils.py 9][INFO]: 接口返回内容>>>:{"goods": 7, "id": 4249}
[2025-02-22 00:31:14,124][conftest.py 19][INFO]: 执行完毕~
[2025-02-22 00:31:23,028][requests.py 12][INFO]: 接口地址>>>>>:http://admin.5istudy.online/login/
[2025-02-22 00:31:23,028][requests.py 18][INFO]: 接口参数>>>>>:{'username': 15819749552, 'password': 123456}
[2025-02-22 00:31:23,227][request_untils.py 9][INFO]: 接口返回内容>>>:{"token": "eyJ0eXAiOiJKV1QiLCJhbGciOiJIUzI1NiJ9.eyJ1c2VyX2lkIjoxNjg4OTIsInVzZXJuYW1lIjoiMTU4MTk3NDk1NTIiLCJleHAiOjE3NDA3NjAyODMsImVtYWlsIjpudWxsfQ.pSHPaa5GMzanl3g7CS8DbR2qOYuDf50RooossBXXvJU"}
[2025-02-22 00:31:23,228][conftest.py 17][INFO]: 开始执行用例
[2025-02-22 00:31:28,295][requests.py 12][INFO]: 接口地址>>>>>:http://admin.5istudy.online/userfavs/7/
[2025-02-22 00:31:28,296][requests.py 22][INFO]: 接口参数>>>>>:None
[2025-02-22 00:31:28,389][request_untils.py 11][INFO]: 状态码非200/201/204,请检查
[2025-02-22 00:31:37,614][conftest.py 19][INFO]: 执行完毕~
[2025-02-22 00:31:52,478][requests.py 12][INFO]: 接口地址>>>>>:http://admin.5istudy.online/login/
[2025-02-22 00:31:52,478][requests.py 18][INFO]: 接口参数>>>>>:{'username': 15819749552, 'password': 123456}
[2025-02-22 00:31:52,672][request_untils.py 9][INFO]: 接口返回内容>>>:{"token": "eyJ0eXAiOiJKV1QiLCJhbGciOiJIUzI1NiJ9.eyJ1c2VyX2lkIjoxNjg4OTIsInVzZXJuYW1lIjoiMTU4MTk3NDk1NTIiLCJleHAiOjE3NDA3NjAzMTIsImVtYWlsIjpudWxsfQ.OBMJNq7v7D2UKizMAfj9DDE4ZhEniMW8wWvnke12234"}
[2025-02-22 00:31:52,673][conftest.py 17][INFO]: 开始执行用例
[2025-02-22 00:31:52,675][requests.py 12][INFO]: 接口地址>>>>>:http://admin.5istudy.online/userfavs/7/
[2025-02-22 00:31:52,675][requests.py 22][INFO]: 接口参数>>>>>:None
[2025-02-22 00:31:52,773][request_untils.py 11][INFO]: 状态码非200/201/204,请检查
[2025-02-22 00:31:52,845][conftest.py 19][INFO]: 执行完毕~
[2025-02-22 00:32:01,770][requests.py 12][INFO]: 接口地址>>>>>:http://admin.5istudy.online/login/
[2025-02-22 00:32:01,770][requests.py 18][INFO]: 接口参数>>>>>:{'username': 15819749552, 'password': 123456}
[2025-02-22 00:32:01,961][request_untils.py 9][INFO]: 接口返回内容>>>:{"token": "eyJ0eXAiOiJKV1QiLCJhbGciOiJIUzI1NiJ9.eyJ1c2VyX2lkIjoxNjg4OTIsInVzZXJuYW1lIjoiMTU4MTk3NDk1NTIiLCJleHAiOjE3NDA3NjAzMjEsImVtYWlsIjpudWxsfQ.0CoXdrqsk-Rbl7ohZRoXsaUOHdhcKOTXO19pm7WuHSA"}
[2025-02-22 00:32:01,962][conftest.py 17][INFO]: 开始执行用例
[2025-02-22 00:32:01,964][requests.py 12][INFO]: 接口地址>>>>>:http://admin.5istudy.online/userfavs/
[2025-02-22 00:32:01,964][requests.py 18][INFO]: 接口参数>>>>>:{'goods': 7}
[2025-02-22 00:32:02,060][request_untils.py 9][INFO]: 接口返回内容>>>:{"goods": 7, "id": 4250}
[2025-02-22 00:32:02,062][conftest.py 19][INFO]: 执行完毕~
[2025-02-22 00:32:06,536][requests.py 12][INFO]: 接口地址>>>>>:http://admin.5istudy.online/login/
[2025-02-22 00:32:06,536][requests.py 18][INFO]: 接口参数>>>>>:{'username': 15819749552, 'password': 123456}
[2025-02-22 00:32:06,732][request_untils.py 9][INFO]: 接口返回内容>>>:{"token": "eyJ0eXAiOiJKV1QiLCJhbGciOiJIUzI1NiJ9.eyJ1c2VyX2lkIjoxNjg4OTIsInVzZXJuYW1lIjoiMTU4MTk3NDk1NTIiLCJleHAiOjE3NDA3NjAzMjYsImVtYWlsIjpudWxsfQ.paYM31cbo8cApge8MNjYF7Stzd5qFi5E7WjBOAxC8lI"}
[2025-02-22 00:32:06,732][conftest.py 17][INFO]: 开始执行用例
[2025-02-22 00:32:06,734][requests.py 12][INFO]: 接口地址>>>>>:http://admin.5istudy.online/userfavs/7/
[2025-02-22 00:32:06,734][requests.py 22][INFO]: 接口参数>>>>>:None
[2025-02-22 00:32:06,851][request_untils.py 11][INFO]: 状态码非200/201/204,请检查
[2025-02-22 00:32:06,954][conftest.py 19][INFO]: 执行完毕~
[2025-02-22 00:47:43,478][requests.py 12][INFO]: 接口地址>>>>>:http://admin.5istudy.online/login/
[2025-02-22 00:47:43,478][requests.py 18][INFO]: 接口参数>>>>>:{'username': 15819749552, 'password': 123456}
[2025-02-22 00:47:43,941][request_untils.py 9][INFO]: 接口返回内容>>>:{"token": "eyJ0eXAiOiJKV1QiLCJhbGciOiJIUzI1NiJ9.eyJ1c2VyX2lkIjoxNjg4OTIsInVzZXJuYW1lIjoiMTU4MTk3NDk1NTIiLCJleHAiOjE3NDA3NjEyNjMsImVtYWlsIjpudWxsfQ.RFslyk20XBkWuX2S4fvsqRTJ_iZkUZmIFuBKFcSTVJc"}
[2025-02-22 00:47:43,942][conftest.py 17][INFO]: 开始执行用例
[2025-02-22 00:47:46,401][requests.py 12][INFO]: 接口地址>>>>>:http://admin.5istudy.online/userfavs/7/
[2025-02-22 00:47:46,401][requests.py 22][INFO]: 接口参数>>>>>:None
[2025-02-22 00:47:46,492][request_untils.py 15][INFO]: 状态码非200/201,请检查
[2025-02-22 00:48:17,681][conftest.py 19][INFO]: 执行完毕~
[2025-02-22 00:49:35,543][requests.py 12][INFO]: 接口地址>>>>>:http://admin.5istudy.online/login/
[2025-02-22 00:49:35,543][requests.py 18][INFO]: 接口参数>>>>>:{'username': 15819749552, 'password': 123456}
[2025-02-22 00:49:35,857][request_untils.py 9][INFO]: 接口返回内容>>>:{"token": "eyJ0eXAiOiJKV1QiLCJhbGciOiJIUzI1NiJ9.eyJ1c2VyX2lkIjoxNjg4OTIsInVzZXJuYW1lIjoiMTU4MTk3NDk1NTIiLCJleHAiOjE3NDA3NjEzNzUsImVtYWlsIjpudWxsfQ.FolZVD7CKattzGzAZml9ubxwbFm8JBtFTMmv4fk3-b4"}
[2025-02-22 00:49:35,858][conftest.py 17][INFO]: 开始执行用例
[2025-02-22 00:49:35,860][requests.py 12][INFO]: 接口地址>>>>>:http://admin.5istudy.online/userfavs/
[2025-02-22 00:49:35,860][requests.py 18][INFO]: 接口参数>>>>>:{'goods': 7}
[2025-02-22 00:49:35,970][request_untils.py 9][INFO]: 接口返回内容>>>:{"goods": 7, "id": 4251}
[2025-02-22 00:49:35,972][conftest.py 19][INFO]: 执行完毕~
[2025-02-22 00:49:41,174][requests.py 12][INFO]: 接口地址>>>>>:http://admin.5istudy.online/login/
[2025-02-22 00:49:41,174][requests.py 18][INFO]: 接口参数>>>>>:{'username': 15819749552, 'password': 123456}
[2025-02-22 00:49:41,527][request_untils.py 9][INFO]: 接口返回内容>>>:{"token": "eyJ0eXAiOiJKV1QiLCJhbGciOiJIUzI1NiJ9.eyJ1c2VyX2lkIjoxNjg4OTIsInVzZXJuYW1lIjoiMTU4MTk3NDk1NTIiLCJleHAiOjE3NDA3NjEzODEsImVtYWlsIjpudWxsfQ.UZjR445qhrRGKe_Pd7sxGi2ar_hKgIFSoHrhwXDUCQ0"}
[2025-02-22 00:49:41,528][conftest.py 17][INFO]: 开始执行用例
[2025-02-22 00:49:41,529][requests.py 12][INFO]: 接口地址>>>>>:http://admin.5istudy.online/userfavs/7/
[2025-02-22 00:49:41,529][requests.py 22][INFO]: 接口参数>>>>>:None
[2025-02-22 00:49:41,617][request_untils.py 12][INFO]: 状态码为204
[2025-02-22 00:49:41,689][conftest.py 19][INFO]: 执行完毕~
[2025-02-22 00:49:54,766][requests.py 12][INFO]: 接口地址>>>>>:http://admin.5istudy.online/login/
[2025-02-22 00:49:54,766][requests.py 18][INFO]: 接口参数>>>>>:{'username': 15819749552, 'password': 123456}
[2025-02-22 00:49:54,960][request_untils.py 9][INFO]: 接口返回内容>>>:{"token": "eyJ0eXAiOiJKV1QiLCJhbGciOiJIUzI1NiJ9.eyJ1c2VyX2lkIjoxNjg4OTIsInVzZXJuYW1lIjoiMTU4MTk3NDk1NTIiLCJleHAiOjE3NDA3NjEzOTQsImVtYWlsIjpudWxsfQ.OigRjTU8vosFvKLAVSI3sAvCPmPbZ0jgi5xrGv6feuU"}
[2025-02-22 00:49:54,960][conftest.py 17][INFO]: 开始执行用例
[2025-02-22 00:49:54,962][requests.py 12][INFO]: 接口地址>>>>>:http://admin.5istudy.online/userfavs/
[2025-02-22 00:49:54,962][requests.py 18][INFO]: 接口参数>>>>>:{'goods': 7}
[2025-02-22 00:49:55,062][request_untils.py 9][INFO]: 接口返回内容>>>:{"goods": 7, "id": 4252}
[2025-02-22 00:49:55,063][conftest.py 19][INFO]: 执行完毕~
[2025-02-22 00:49:58,674][requests.py 12][INFO]: 接口地址>>>>>:http://admin.5istudy.online/login/
[2025-02-22 00:49:58,674][requests.py 18][INFO]: 接口参数>>>>>:{'username': 15819749552, 'password': 123456}
[2025-02-22 00:49:59,107][request_untils.py 9][INFO]: 接口返回内容>>>:{"token": "eyJ0eXAiOiJKV1QiLCJhbGciOiJIUzI1NiJ9.eyJ1c2VyX2lkIjoxNjg4OTIsInVzZXJuYW1lIjoiMTU4MTk3NDk1NTIiLCJleHAiOjE3NDA3NjEzOTksImVtYWlsIjpudWxsfQ.ry5eG73Kku0t9iHIShfAfIixFQ3C32kGuyaBvjYn4J0"}
[2025-02-22 00:49:59,109][conftest.py 17][INFO]: 开始执行用例
[2025-02-22 00:50:01,472][requests.py 12][INFO]: 接口地址>>>>>:http://admin.5istudy.online/userfavs/7/
[2025-02-22 00:50:01,473][requests.py 22][INFO]: 接口参数>>>>>:None
[2025-02-22 00:50:01,580][request_untils.py 12][INFO]: 状态码为204
[2025-02-22 00:51:10,315][conftest.py 19][INFO]: 执行完毕~
[2025-02-22 00:51:14,215][requests.py 12][INFO]: 接口地址>>>>>:http://admin.5istudy.online/login/
[2025-02-22 00:51:14,216][requests.py 18][INFO]: 接口参数>>>>>:{'username': 15819749552, 'password': 123456}
[2025-02-22 00:51:14,406][request_untils.py 9][INFO]: 接口返回内容>>>:{"token": "eyJ0eXAiOiJKV1QiLCJhbGciOiJIUzI1NiJ9.eyJ1c2VyX2lkIjoxNjg4OTIsInVzZXJuYW1lIjoiMTU4MTk3NDk1NTIiLCJleHAiOjE3NDA3NjE0NzQsImVtYWlsIjpudWxsfQ.a5zGG8lN4GW53UxwbO32g1G6k_ZCtyzaYP1Y1ZpsZYU"}
[2025-02-22 00:51:14,408][conftest.py 17][INFO]: 开始执行用例
[2025-02-22 00:51:14,411][requests.py 12][INFO]: 接口地址>>>>>:http://admin.5istudy.online/userfavs/
[2025-02-22 00:51:14,412][requests.py 18][INFO]: 接口参数>>>>>:{'goods': 7}
[2025-02-22 00:51:14,507][request_untils.py 9][INFO]: 接口返回内容>>>:{"goods": 7, "id": 4253}
[2025-02-22 00:51:14,509][conftest.py 19][INFO]: 执行完毕~
[2025-02-22 00:51:17,629][requests.py 12][INFO]: 接口地址>>>>>:http://admin.5istudy.online/login/
[2025-02-22 00:51:17,629][requests.py 18][INFO]: 接口参数>>>>>:{'username': 15819749552, 'password': 123456}
[2025-02-22 00:51:17,808][request_untils.py 9][INFO]: 接口返回内容>>>:{"token": "eyJ0eXAiOiJKV1QiLCJhbGciOiJIUzI1NiJ9.eyJ1c2VyX2lkIjoxNjg4OTIsInVzZXJuYW1lIjoiMTU4MTk3NDk1NTIiLCJleHAiOjE3NDA3NjE0NzcsImVtYWlsIjpudWxsfQ.9PX1Mc44QEovO1ZF0jbzb8lAau70noit8utS5HGMXSI"}
[2025-02-22 00:51:17,809][conftest.py 17][INFO]: 开始执行用例
[2025-02-22 00:51:17,811][requests.py 12][INFO]: 接口地址>>>>>:http://admin.5istudy.online/userfavs/7/
[2025-02-22 00:51:17,811][requests.py 22][INFO]: 接口参数>>>>>:None
[2025-02-22 00:51:17,905][request_untils.py 12][INFO]: 状态码为204
[2025-02-22 00:51:17,974][conftest.py 19][INFO]: 执行完毕~
[2025-02-22 00:51:34,468][requests.py 12][INFO]: 接口地址>>>>>:http://admin.5istudy.online/login/
[2025-02-22 00:51:34,468][requests.py 18][INFO]: 接口参数>>>>>:{'username': 15819749552, 'password': 123456}
[2025-02-22 00:51:34,655][request_untils.py 9][INFO]: 接口返回内容>>>:{"token": "eyJ0eXAiOiJKV1QiLCJhbGciOiJIUzI1NiJ9.eyJ1c2VyX2lkIjoxNjg4OTIsInVzZXJuYW1lIjoiMTU4MTk3NDk1NTIiLCJleHAiOjE3NDA3NjE0OTQsImVtYWlsIjpudWxsfQ.h_-b7xS-z29vI0ssizIJx8Wv-bu07et-4u2fCjiEGl0"}
[2025-02-22 00:51:34,655][conftest.py 17][INFO]: 开始执行用例
[2025-02-22 00:51:34,657][requests.py 12][INFO]: 接口地址>>>>>:http://admin.5istudy.online/userfavs/
[2025-02-22 00:51:34,657][requests.py 18][INFO]: 接口参数>>>>>:{'goods': 7}
[2025-02-22 00:51:34,764][request_untils.py 9][INFO]: 接口返回内容>>>:{"goods": 7, "id": 4254}
[2025-02-22 00:51:34,766][conftest.py 19][INFO]: 执行完毕~
[2025-02-22 00:51:37,545][requests.py 12][INFO]: 接口地址>>>>>:http://admin.5istudy.online/login/
[2025-02-22 00:51:37,545][requests.py 18][INFO]: 接口参数>>>>>:{'username': 15819749552, 'password': 123456}
[2025-02-22 00:51:37,725][request_untils.py 9][INFO]: 接口返回内容>>>:{"token": "eyJ0eXAiOiJKV1QiLCJhbGciOiJIUzI1NiJ9.eyJ1c2VyX2lkIjoxNjg4OTIsInVzZXJuYW1lIjoiMTU4MTk3NDk1NTIiLCJleHAiOjE3NDA3NjE0OTcsImVtYWlsIjpudWxsfQ.XntZ_G5akLKtB-FYaYQSb279QEjmHACjqxOPI1TlbnA"}
[2025-02-22 00:51:37,726][conftest.py 17][INFO]: 开始执行用例
[2025-02-22 00:51:37,727][requests.py 12][INFO]: 接口地址>>>>>:http://admin.5istudy.online/userfavs/7/
[2025-02-22 00:51:37,727][requests.py 22][INFO]: 接口参数>>>>>:None
[2025-02-22 00:51:37,827][request_untils.py 12][INFO]: 状态码为204
[2025-02-22 00:51:37,829][conftest.py 19][INFO]: 执行完毕~
[2025-02-22 00:52:40,843][requests.py 12][INFO]: 接口地址>>>>>:http://admin.5istudy.online/login/
[2025-02-22 00:52:40,843][requests.py 18][INFO]: 接口参数>>>>>:{'username': 15819749552, 'password': 123456}
[2025-02-22 00:52:41,031][request_untils.py 9][INFO]: 接口返回内容>>>:{"token": "eyJ0eXAiOiJKV1QiLCJhbGciOiJIUzI1NiJ9.eyJ1c2VyX2lkIjoxNjg4OTIsInVzZXJuYW1lIjoiMTU4MTk3NDk1NTIiLCJleHAiOjE3NDA3NjE1NjEsImVtYWlsIjpudWxsfQ.vvJbid3GJczsz7Bc8m4wFATiQZNGeKuksu8htNEc8qA"}
[2025-02-22 00:52:41,032][conftest.py 17][INFO]: 开始执行用例
[2025-02-22 00:52:41,034][requests.py 12][INFO]: 接口地址>>>>>:http://admin.5istudy.online/userfavs/
[2025-02-22 00:52:41,034][requests.py 18][INFO]: 接口参数>>>>>:{'goods': 7}
[2025-02-22 00:52:41,173][request_untils.py 9][INFO]: 接口返回内容>>>:{"goods": 7, "id": 4255}
[2025-02-22 00:52:41,175][conftest.py 19][INFO]: 执行完毕~
[2025-02-22 00:52:46,015][requests.py 12][INFO]: 接口地址>>>>>:http://admin.5istudy.online/login/
[2025-02-22 00:52:46,015][requests.py 18][INFO]: 接口参数>>>>>:{'username': 15819749552, 'password': 123456}
[2025-02-22 00:52:46,206][request_untils.py 9][INFO]: 接口返回内容>>>:{"token": "eyJ0eXAiOiJKV1QiLCJhbGciOiJIUzI1NiJ9.eyJ1c2VyX2lkIjoxNjg4OTIsInVzZXJuYW1lIjoiMTU4MTk3NDk1NTIiLCJleHAiOjE3NDA3NjE1NjYsImVtYWlsIjpudWxsfQ.0YQvkUX6z6x-6VIyouPg3J76XG6evTdWxsYobKz1SEI"}
[2025-02-22 00:52:46,206][conftest.py 17][INFO]: 开始执行用例
[2025-02-22 00:52:46,266][conftest.py 19][INFO]: 执行完毕~
[2025-02-22 00:53:14,599][requests.py 12][INFO]: 接口地址>>>>>:http://admin.5istudy.online/login/
[2025-02-22 00:53:14,600][requests.py 18][INFO]: 接口参数>>>>>:{'username': 15819749552, 'password': 123456}
[2025-02-22 00:53:14,778][request_untils.py 9][INFO]: 接口返回内容>>>:{"token": "eyJ0eXAiOiJKV1QiLCJhbGciOiJIUzI1NiJ9.eyJ1c2VyX2lkIjoxNjg4OTIsInVzZXJuYW1lIjoiMTU4MTk3NDk1NTIiLCJleHAiOjE3NDA3NjE1OTQsImVtYWlsIjpudWxsfQ.7eeM_3drUlrxYAzDx0--ZarjGc-Etm5NHvWCFdSiFs4"}
[2025-02-22 00:53:14,778][conftest.py 17][INFO]: 开始执行用例
[2025-02-22 00:53:14,780][requests.py 12][INFO]: 接口地址>>>>>:http://admin.5istudy.online/userfavs/
[2025-02-22 00:53:14,780][requests.py 18][INFO]: 接口参数>>>>>:{'goods': 7}
[2025-02-22 00:53:14,875][request_untils.py 15][INFO]: 状态码非200/201,请检查
[2025-02-22 00:53:14,943][conftest.py 19][INFO]: 执行完毕~
[2025-02-22 00:53:17,755][requests.py 12][INFO]: 接口地址>>>>>:http://admin.5istudy.online/login/
[2025-02-22 00:53:17,756][requests.py 18][INFO]: 接口参数>>>>>:{'username': 15819749552, 'password': 123456}
[2025-02-22 00:53:17,937][request_untils.py 9][INFO]: 接口返回内容>>>:{"token": "eyJ0eXAiOiJKV1QiLCJhbGciOiJIUzI1NiJ9.eyJ1c2VyX2lkIjoxNjg4OTIsInVzZXJuYW1lIjoiMTU4MTk3NDk1NTIiLCJleHAiOjE3NDA3NjE1OTcsImVtYWlsIjpudWxsfQ.BuucEVMAn_kZLvqwykYoIHTXl_OyQMFg5LnqWJAVMBs"}
[2025-02-22 00:53:17,938][conftest.py 17][INFO]: 开始执行用例
[2025-02-22 00:53:17,939][requests.py 12][INFO]: 接口地址>>>>>:http://admin.5istudy.online/userfavs/7/
[2025-02-22 00:53:17,940][requests.py 22][INFO]: 接口参数>>>>>:None
[2025-02-22 00:53:18,032][request_untils.py 12][INFO]: 状态码为204
[2025-02-22 00:53:18,033][conftest.py 19][INFO]: 执行完毕~
[2025-02-22 00:56:21,008][requests.py 12][INFO]: 接口地址>>>>>:http://admin.5istudy.online/login/
[2025-02-22 00:56:21,008][requests.py 18][INFO]: 接口参数>>>>>:{'username': 15819749552, 'password': 123456}
[2025-02-22 00:56:21,204][request_untils.py 9][INFO]: 接口返回内容>>>:{"token": "eyJ0eXAiOiJKV1QiLCJhbGciOiJIUzI1NiJ9.eyJ1c2VyX2lkIjoxNjg4OTIsInVzZXJuYW1lIjoiMTU4MTk3NDk1NTIiLCJleHAiOjE3NDA3NjE3ODEsImVtYWlsIjpudWxsfQ.o8zWc53dZ8wD_eWUui9_y0k_WgunK1Ek-9Q2IAcczbs"}
[2025-02-22 00:56:21,205][conftest.py 17][INFO]: 开始执行用例
[2025-02-22 00:56:21,207][requests.py 12][INFO]: 接口地址>>>>>:http://admin.5istudy.online/userfavs/7/
[2025-02-22 00:56:21,207][requests.py 22][INFO]: 接口参数>>>>>:None
[2025-02-22 00:56:21,306][request_untils.py 15][INFO]: 状态码非200/201,请检查
[2025-02-22 00:56:21,370][conftest.py 19][INFO]: 执行完毕~
