[2025-02-19 22:44:48,839][conftest.py 9][INFO]: 开始执行用例
[2025-02-19 22:44:48,840][requests.py 12][INFO]: 接口地址>>>>>:http://meikefresh.5istudy.online/login/
[2025-02-19 22:44:48,840][requests.py 18][INFO]: 接口参数>>>>>:{'username': 15819749552, 'password': 12345}
[2025-02-19 22:44:48,957][request_untils.py 11][INFO]: 状态码非200或者201,请检查
[2025-02-19 22:44:49,055][conftest.py 11][INFO]: 执行完毕~
[2025-02-19 22:45:29,283][conftest.py 9][INFO]: 开始执行用例
[2025-02-19 22:45:45,869][requests.py 12][INFO]: 接口地址>>>>>:http://meikefresh.5istudy.online/login/
[2025-02-19 22:45:45,870][requests.py 18][INFO]: 接口参数>>>>>:{'username': 15819749552, 'password': 12345}
[2025-02-19 22:45:56,970][request_untils.py 11][INFO]: 状态码非200或者201,请检查
[2025-02-19 22:46:08,115][conftest.py 11][INFO]: 执行完毕~
[2025-02-19 22:46:37,525][conftest.py 9][INFO]: 开始执行用例
[2025-02-19 22:46:49,964][requests.py 12][INFO]: 接口地址>>>>>:http://meikefresh.5istudy.online/login/
[2025-02-19 22:47:00,038][requests.py 18][INFO]: 接口参数>>>>>:{'username': 15819749552, 'password': 12345}
[2025-02-19 22:47:51,065][conftest.py 11][INFO]: 执行完毕~
[2025-02-19 22:47:52,207][conftest.py 9][INFO]: 开始执行用例
[2025-02-19 22:47:52,212][requests.py 12][INFO]: 接口地址>>>>>:http://meikefresh.5istudy.online/login/
[2025-02-19 22:47:52,213][requests.py 18][INFO]: 接口参数>>>>>:{'username': 15819749552, 'password': 12345}
[2025-02-19 22:47:52,720][request_untils.py 11][INFO]: 状态码非200或者201,请检查
[2025-02-19 22:47:52,827][conftest.py 11][INFO]: 执行完毕~
[2025-02-19 22:48:44,392][conftest.py 9][INFO]: 开始执行用例
[2025-02-19 22:48:44,393][requests.py 12][INFO]: 接口地址>>>>>:http://meikefresh.5istudy.online/login/
[2025-02-19 22:48:44,393][requests.py 18][INFO]: 接口参数>>>>>:{'username': 15819749552, 'password': 123456}
[2025-02-19 22:48:44,505][request_untils.py 11][INFO]: 状态码非200或者201,请检查
[2025-02-19 22:48:44,602][conftest.py 11][INFO]: 执行完毕~
[2025-02-19 22:52:05,321][conftest.py 9][INFO]: 开始执行用例
[2025-02-19 22:52:05,325][requests.py 12][INFO]: 接口地址>>>>>:http://admin.5istudy.online/login/
[2025-02-19 22:52:05,325][requests.py 18][INFO]: 接口参数>>>>>:{'username': 15819749552, 'password': 123456}
[2025-02-19 22:52:05,562][request_untils.py 9][INFO]: 接口返回内容>>>:{"token": "eyJ0eXAiOiJKV1QiLCJhbGciOiJIUzI1NiJ9.eyJ1c2VyX2lkIjoxNjg4OTIsInVzZXJuYW1lIjoiMTU4MTk3NDk1NTIiLCJleHAiOjE3NDA1ODE1MjUsImVtYWlsIjpudWxsfQ.8MGt1ZRzGMAzRa4V00zYjiNZngn9smGSebXFeB1p4kk"}
[2025-02-19 22:52:05,565][conftest.py 11][INFO]: 执行完毕~
[2025-02-19 22:52:56,775][conftest.py 9][INFO]: 开始执行用例
[2025-02-19 22:52:56,776][requests.py 12][INFO]: 接口地址>>>>>:http://admin.5istudy.online/login/
[2025-02-19 22:52:56,777][requests.py 18][INFO]: 接口参数>>>>>:{'username': 15819749552, 'password': 123456}
[2025-02-19 22:52:57,028][request_untils.py 9][INFO]: 接口返回内容>>>:{"token": "eyJ0eXAiOiJKV1QiLCJhbGciOiJIUzI1NiJ9.eyJ1c2VyX2lkIjoxNjg4OTIsInVzZXJuYW1lIjoiMTU4MTk3NDk1NTIiLCJleHAiOjE3NDA1ODE1NzcsImVtYWlsIjpudWxsfQ.tqWxEGswwk9oV-2zGUFFrvaTABu7d6PU3XkV6jOOjFE"}
[2025-02-19 22:52:57,030][conftest.py 11][INFO]: 执行完毕~
[2025-02-19 22:54:25,756][conftest.py 9][INFO]: 开始执行用例
[2025-02-19 22:54:25,757][requests.py 12][INFO]: 接口地址>>>>>:http://admin.5istudy.online/login/
[2025-02-19 22:54:25,758][requests.py 18][INFO]: 接口参数>>>>>:{'username': 15819749552, 'password': 123456}
[2025-02-19 22:54:25,934][request_untils.py 9][INFO]: 接口返回内容>>>:{"token": "eyJ0eXAiOiJKV1QiLCJhbGciOiJIUzI1NiJ9.eyJ1c2VyX2lkIjoxNjg4OTIsInVzZXJuYW1lIjoiMTU4MTk3NDk1NTIiLCJleHAiOjE3NDA1ODE2NjUsImVtYWlsIjpudWxsfQ.4hC3smQ11jLKEdH23sxNQAq12cdgxy-QNc3BmORs3xQ"}
[2025-02-19 22:54:25,936][conftest.py 11][INFO]: 执行完毕~
